#
# A fatal error has been detected by the Java Runtime Environment:
#
#  SIGSEGV (0xb) at pc=0xb334755d, pid=7932, tid=2251627328
#
# JRE version: OpenJDK Runtime Environment (7.0_55-b14) (build 1.7.0_55-b14)
# Java VM: OpenJDK Server VM (24.51-b03 mixed mode linux-x86 )
# Problematic frame:
# v  ~BufferBlob::jni_fast_GetLongField
#
# Failed to write core dump. Core dumps have been disabled. To enable core dumping, try "ulimit -c unlimited" before starting Java again
#
# If you would like to submit a bug report, please include
# instructions on how to reproduce the bug and visit:
#   http://icedtea.classpath.org/bugzilla
# The crash happened outside the Java Virtual Machine in native code.
# See problematic frame for where to report the bug.
#

---------------  T H R E A D  ---------------

Current thread (0x87c4dc00):  JavaThread "AWT-XAWT" daemon [_thread_in_native, id=7953, stack(0x86301000,0x86352000)]

siginfo:si_signo=SIGSEGV: si_errno=0, si_code=1 (SEGV_MAPERR), si_addr=0x00000000

Registers:
EAX=0x00000000, EBX=0x876fd000, ECX=0x000005de, EDX=0x00000000
ESP=0x86350df8, EBP=0x86350e48, ESI=0x00000042, EDI=0x87c4dd28
EIP=0xb334755d, EFLAGS=0x00210246, CR2=0x00000000

Top of Stack: (sp=0x86350df8)
0x86350df8:   00000000 876c9853 87c4dd28 00000000
0x86350e08:   00000042 b76b1000 b76b1000 87c18000
0x86350e18:   00000000 87c4dd28 87c1800c 885f34d0
0x86350e28:   86350e48 876c9924 b709f060 00010002
0x86350e38:   876c982f 870fd000 85fe3fe0 00000000
0x86350e48:   88dcdd80 87029e18 88dcdd80 00000000
0x86350e58:   00000000 870fd000 879b7a40 879c6410
0x86350e68:   87029db9 870fd000 85fe4808 01000003 

Instructions: (pc=0xb334755d)
0xb334753d:   00 00 00 56 8b 0d 24 9f 0b b7 f6 c1 01 0f 85 30
0xb334754d:   00 00 00 8b c1 83 e0 01 8b 54 04 0c 8b 74 24 10
0xb334755d:   8b 12 c1 ee 02 8b 04 32 8b 54 32 04 be 24 9f 0b
0xb334756d:   b7 33 f2 33 f0 33 f2 33 f0 3b 0e 0f 85 02 00 00 

Register to memory mapping:

EAX=0x00000000 is an unknown value
EBX=0x876fd000: <offset 0x52000> in /usr/lib/jvm/java-7-openjdk-i386/jre/lib/i386/xawt/libmawt.so at 0x876ab000
ECX=0x000005de is an unknown value
EDX=0x00000000 is an unknown value
ESP=0x86350df8 is pointing into the stack for thread: 0x87c4dc00
EBP=0x86350e48 is pointing into the stack for thread: 0x87c4dc00
ESI=0x00000042 is an unknown value
EDI=0x87c4dd28 is an unknown value


Stack: [0x86301000,0x86352000],  sp=0x86350df8,  free space=319k
Native frames: (J=compiled Java code, j=interpreted, Vv=VM code, C=native code)
v  ~BufferBlob::jni_fast_GetLongField

Java frames: (J=compiled Java code, j=interpreted, Vv=VM code)
j  sun.awt.X11.XlibWrapper.XFilterEvent(JJ)Z+0
J  sun.awt.X11.XToolkit.run(Z)V
j  sun.awt.X11.XToolkit.run()V+5
j  java.lang.Thread.run()V+11
v  ~StubRoutines::call_stub

---------------  P R O C E S S  ---------------

Java Threads: ( => current thread )
  0x85f70c00 JavaThread "XToolkt-Shutdown-Thread" [_thread_in_native, id=11424, stack(0x854af000,0x85500000)]
  0x88ed2000 JavaThread "SIGTERM handler" daemon [_thread_blocked, id=11422, stack(0x8545e000,0x854af000)]
  0x853f9000 JavaThread "clojure-agent-send-off-pool-7" [_thread_blocked, id=7966, stack(0x85a5e000,0x85aaf000)]
  0x853f8800 JavaThread "clojure-agent-send-off-pool-6" [_thread_blocked, id=7965, stack(0x85aaf000,0x85b00000)]
  0x851ac800 JavaThread "clojure-agent-send-off-pool-5" [_thread_blocked, id=7964, stack(0x85eaf000,0x85f00000)]
  0x85372400 JavaThread "clojure-agent-send-off-pool-4" [_thread_blocked, id=7963, stack(0x8615e000,0x861af000)]
  0x8ac16000 JavaThread "clojure-agent-send-off-pool-2" [_thread_in_native, id=7961, stack(0x861af000,0x86200000)]
  0x87af9400 JavaThread "clojure-agent-send-off-pool-1" [_thread_blocked, id=7959, stack(0x85e0d000,0x85e5e000)]
  0x877e1400 JavaThread "clojure-agent-send-off-pool-0" [_thread_in_native, id=7958, stack(0x85e5e000,0x85eaf000)]
=>0x87c4dc00 JavaThread "AWT-XAWT" daemon [_thread_in_native, id=7953, stack(0x86301000,0x86352000)]
  0x87c3a400 JavaThread "Java2D Disposer" daemon [_thread_blocked, id=7952, stack(0x86352000,0x863a3000)]
  0x88fa4400 JavaThread "Service Thread" daemon [_thread_blocked, id=7949, stack(0x8890b000,0x8895c000)]
  0x88fa2400 JavaThread "C2 CompilerThread1" daemon [_thread_blocked, id=7948, stack(0x8895c000,0x889dd000)]
  0x88fa0400 JavaThread "C2 CompilerThread0" daemon [_thread_blocked, id=7947, stack(0x889dd000,0x88a5e000)]
  0x88f9ec00 JavaThread "Signal Dispatcher" daemon [_thread_blocked, id=7946, stack(0x88a5e000,0x88aaf000)]
  0x88f8d000 JavaThread "Finalizer" daemon [_thread_blocked, id=7945, stack(0x88caf000,0x88d00000)]
  0x88f8b800 JavaThread "Reference Handler" daemon [_thread_blocked, id=7944, stack(0x8aa2e000,0x8aa7f000)]
  0xb630a800 JavaThread "main" [_thread_blocked, id=7938, stack(0xb64de000,0xb652f000)]

Other Threads:
  0x88f89000 VMThread [stack: 0x89050000,0x890d1000] [id=7943]
  0x88fa6400 WatcherThread [stack: 0x8888a000,0x8890b000] [id=7950]

VM state:not at safepoint (normal execution)

VM Mutex/Monitor currently owned by a thread: None

Heap
 PSYoungGen      total 118528K, used 14234K [0xa8780000, 0xafbc0000, 0xb3240000)
  eden space 118272K, 12% used [0xa8780000,0xa9562bb0,0xafb00000)
  from space 256K, 6% used [0xafb00000,0xafb04000,0xafb40000)
  to   space 256K, 0% used [0xafb80000,0xafb80000,0xafbc0000)
 ParOldGen       total 99072K, used 76088K [0x93240000, 0x99300000, 0xa8780000)
  object space 99072K, 76% used [0x93240000,0x97c8e238,0x99300000)
 PSPermGen       total 34816K, used 21648K [0x8b240000, 0x8d440000, 0x93240000)
  object space 34816K, 62% used [0x8b240000,0x8c764230,0x8d440000)

Card table byte_map: [0x8b0ff000,0x8b240000] byte_map_base: 0x8aca5e00

Polling page: 0xb76bf000

Code Cache  [0xb3300000, 0xb3678000, 0xb6300000)
 total_blobs=1355 nmethods=1090 adapters=218 free_code_cache=45773Kb largest_free_block=46725952

Compilation events (10 events):
Event: 7684.117 Thread 0x88fa2400 1267             clojure.lang.PersistentVector$TransientVector::conj (190 bytes)
Event: 7684.124 Thread 0x88fa2400 nmethod 1267 0xb3666148 code [0xb36662c0, 0xb3666730]
Event: 7771.917 Thread 0x88fa0400 1268             ibdknox.tools.reader.reader_types$indexing_reader_QMARK_::invoke (278 bytes)
Event: 7771.917 Thread 0x88fa0400 nmethod 1268 0xb34b6d48 code [0xb34b6e40, 0xb34b6eb0]
Event: 7805.496 Thread 0x88fa2400 1269             clojure.lang.RT::nthFrom (221 bytes)
Event: 7805.508 Thread 0x88fa2400 nmethod 1269 0xb3545388 code [0xb35455e0, 0xb3545ee0]
Event: 7806.548 Thread 0x88fa0400 1270             clojure.lang.ArraySeq::createFromObject (220 bytes)
Event: 7806.550 Thread 0x88fa0400 nmethod 1270 0xb34b8dc8 code [0xb34b8f00, 0xb34b9130]
Event: 9017.356 Thread 0x88fa2400 1271             clojure.lang.APersistentVector$1::hasPrevious (13 bytes)
Event: 9017.482 Thread 0x88fa2400 nmethod 1271 0xb350dd08 code [0xb350dde0, 0xb350de30]

GC Heap History (10 events):
Event: 19802.089 GC heap before
{Heap before GC invocations=255 (full 6):
 PSYoungGen      total 118016K, used 117776K [0xa8780000, 0xafb00000, 0xb3240000)
  eden space 117760K, 100% used [0xa8780000,0xafa80000,0xafa80000)
  from space 256K, 6% used [0xafac0000,0xafac4000,0xafb00000)
  to   space 256K, 0% used [0xafa80000,0xafa80000,0xafac0000)
 ParOldGen       total 99072K, used 76088K [0x93240000, 0x99300000, 0xa8780000)
  object space 99072K, 76% used [0x93240000,0x97c8e238,0x99300000)
 PSPermGen       total 34816K, used 21639K [0x8b240000, 0x8d440000, 0x93240000)
  object space 34816K, 62% used [0x8b240000,0x8c761e78,0x8d440000)
Event: 19802.092 GC heap after
Heap after GC invocations=255 (full 6):
 PSYoungGen      total 118016K, used 16K [0xa8780000, 0xafb40000, 0xb3240000)
  eden space 117760K, 0% used [0xa8780000,0xa8780000,0xafa80000)
  from space 256K, 6% used [0xafa80000,0xafa84000,0xafac0000)
  to   space 256K, 0% used [0xafb00000,0xafb00000,0xafb40000)
 ParOldGen       total 99072K, used 76088K [0x93240000, 0x99300000, 0xa8780000)
  object space 99072K, 76% used [0x93240000,0x97c8e238,0x99300000)
 PSPermGen       total 34816K, used 21639K [0x8b240000, 0x8d440000, 0x93240000)
  object space 34816K, 62% used [0x8b240000,0x8c761e78,0x8d440000)
}
Event: 19945.907 GC heap before
{Heap before GC invocations=256 (full 6):
 PSYoungGen      total 118016K, used 117776K [0xa8780000, 0xafb40000, 0xb3240000)
  eden space 117760K, 100% used [0xa8780000,0xafa80000,0xafa80000)
  from space 256K, 6% used [0xafa80000,0xafa84000,0xafac0000)
  to   space 256K, 0% used [0xafb00000,0xafb00000,0xafb40000)
 ParOldGen       total 99072K, used 76088K [0x93240000, 0x99300000, 0xa8780000)
  object space 99072K, 76% used [0x93240000,0x97c8e238,0x99300000)
 PSPermGen       total 34816K, used 21639K [0x8b240000, 0x8d440000, 0x93240000)
  object space 34816K, 62% used [0x8b240000,0x8c761e78,0x8d440000)
Event: 19945.909 GC heap after
Heap after GC invocations=256 (full 6):
 PSYoungGen      total 118272K, used 32K [0xa8780000, 0xafb40000, 0xb3240000)
  eden space 118016K, 0% used [0xa8780000,0xa8780000,0xafac0000)
  from space 256K, 12% used [0xafb00000,0xafb08000,0xafb40000)
  to   space 256K, 0% used [0xafac0000,0xafac0000,0xafb00000)
 ParOldGen       total 99072K, used 76088K [0x93240000, 0x99300000, 0xa8780000)
  object space 99072K, 76% used [0x93240000,0x97c8e238,0x99300000)
 PSPermGen       total 34816K, used 21639K [0x8b240000, 0x8d440000, 0x93240000)
  object space 34816K, 62% used [0x8b240000,0x8c761e78,0x8d440000)
}
Event: 20090.038 GC heap before
{Heap before GC invocations=257 (full 6):
 PSYoungGen      total 118272K, used 118048K [0xa8780000, 0xafb40000, 0xb3240000)
  eden space 118016K, 100% used [0xa8780000,0xafac0000,0xafac0000)
  from space 256K, 12% used [0xafb00000,0xafb08000,0xafb40000)
  to   space 256K, 0% used [0xafac0000,0xafac0000,0xafb00000)
 ParOldGen       total 99072K, used 76088K [0x93240000, 0x99300000, 0xa8780000)
  object space 99072K, 76% used [0x93240000,0x97c8e238,0x99300000)
 PSPermGen       total 34816K, used 21639K [0x8b240000, 0x8d440000, 0x93240000)
  object space 34816K, 62% used [0x8b240000,0x8c761e78,0x8d440000)
Event: 20090.041 GC heap after
Heap after GC invocations=257 (full 6):
 PSYoungGen      total 118272K, used 48K [0xa8780000, 0xafb80000, 0xb3240000)
  eden space 118016K, 0% used [0xa8780000,0xa8780000,0xafac0000)
  from space 256K, 18% used [0xafac0000,0xafacc000,0xafb00000)
  to   space 256K, 0% used [0xafb40000,0xafb40000,0xafb80000)
 ParOldGen       total 99072K, used 76088K [0x93240000, 0x99300000, 0xa8780000)
  object space 99072K, 76% used [0x93240000,0x97c8e238,0x99300000)
 PSPermGen       total 34816K, used 21639K [0x8b240000, 0x8d440000, 0x93240000)
  object space 34816K, 62% used [0x8b240000,0x8c761e78,0x8d440000)
}
Event: 20234.219 GC heap before
{Heap before GC invocations=258 (full 6):
 PSYoungGen      total 118272K, used 118064K [0xa8780000, 0xafb80000, 0xb3240000)
  eden space 118016K, 100% used [0xa8780000,0xafac0000,0xafac0000)
  from space 256K, 18% used [0xafac0000,0xafacc000,0xafb00000)
  to   space 256K, 0% used [0xafb40000,0xafb40000,0xafb80000)
 ParOldGen       total 99072K, used 76088K [0x93240000, 0x99300000, 0xa8780000)
  object space 99072K, 76% used [0x93240000,0x97c8e238,0x99300000)
 PSPermGen       total 34816K, used 21639K [0x8b240000, 0x8d440000, 0x93240000)
  object space 34816K, 62% used [0x8b240000,0x8c761e78,0x8d440000)
Event: 20234.221 GC heap after
Heap after GC invocations=258 (full 6):
 PSYoungGen      total 118528K, used 32K [0xa8780000, 0xafb80000, 0xb3240000)
  eden space 118272K, 0% used [0xa8780000,0xa8780000,0xafb00000)
  from space 256K, 12% used [0xafb40000,0xafb48000,0xafb80000)
  to   space 256K, 0% used [0xafb00000,0xafb00000,0xafb40000)
 ParOldGen       total 99072K, used 76088K [0x93240000, 0x99300000, 0xa8780000)
  object space 99072K, 76% used [0x93240000,0x97c8e238,0x99300000)
 PSPermGen       total 34816K, used 21639K [0x8b240000, 0x8d440000, 0x93240000)
  object space 34816K, 62% used [0x8b240000,0x8c761e78,0x8d440000)
}
Event: 20378.631 GC heap before
{Heap before GC invocations=259 (full 6):
 PSYoungGen      total 118528K, used 118304K [0xa8780000, 0xafb80000, 0xb3240000)
  eden space 118272K, 100% used [0xa8780000,0xafb00000,0xafb00000)
  from space 256K, 12% used [0xafb40000,0xafb48000,0xafb80000)
  to   space 256K, 0% used [0xafb00000,0xafb00000,0xafb40000)
 ParOldGen       total 99072K, used 76088K [0x93240000, 0x99300000, 0xa8780000)
  object space 99072K, 76% used [0x93240000,0x97c8e238,0x99300000)
 PSPermGen       total 34816K, used 21639K [0x8b240000, 0x8d440000, 0x93240000)
  object space 34816K, 62% used [0x8b240000,0x8c761e78,0x8d440000)
Event: 20378.635 GC heap after
Heap after GC invocations=259 (full 6):
 PSYoungGen      total 118528K, used 16K [0xa8780000, 0xafbc0000, 0xb3240000)
  eden space 118272K, 0% used [0xa8780000,0xa8780000,0xafb00000)
  from space 256K, 6% used [0xafb00000,0xafb04000,0xafb40000)
  to   space 256K, 0% used [0xafb80000,0xafb80000,0xafbc0000)
 ParOldGen       total 99072K, used 76088K [0x93240000, 0x99300000, 0xa8780000)
  object space 99072K, 76% used [0x93240000,0x97c8e238,0x99300000)
 PSPermGen       total 34816K, used 21639K [0x8b240000, 0x8d440000, 0x93240000)
  object space 34816K, 62% used [0x8b240000,0x8c761e78,0x8d440000)
}

Deoptimization events (10 events):
Event: 6767.115 Thread 0x85f70c00 Uncommon trap: reason=class_check action=maybe_recompile pc=0xb3471b30 method=clojure.lang.Numbers$LongOps.negate(Ljava/lang/Number;)Ljava/lang/Number; @ 1
Event: 6767.118 Thread 0x85f70c00 Uncommon trap: reason=class_check action=maybe_recompile pc=0xb3471b30 method=clojure.lang.Numbers$LongOps.negate(Ljava/lang/Number;)Ljava/lang/Number; @ 1
Event: 6987.944 Thread 0x85f70c00 Uncommon trap: reason=class_check action=maybe_recompile pc=0xb3471b30 method=clojure.lang.Numbers$LongOps.negate(Ljava/lang/Number;)Ljava/lang/Number; @ 1
Event: 7006.168 Thread 0x85f70c00 Uncommon trap: reason=unreached action=reinterpret pc=0xb338534c method=clojure.lang.Numbers.ops(Ljava/lang/Object;)Lclojure/lang/Numbers$Ops; @ 31
Event: 7006.168 Thread 0x85f70c00 Uncommon trap: reason=bimorphic action=maybe_recompile pc=0xb344874c method=clojure.lang.Numbers$LongOps.combine(Lclojure/lang/Numbers$Ops;)Lclojure/lang/Numbers$Ops; @ 2
Event: 7147.191 Thread 0x85f70c00 Uncommon trap: reason=bimorphic action=maybe_recompile pc=0xb344874c method=clojure.lang.Numbers$LongOps.combine(Lclojure/lang/Numbers$Ops;)Lclojure/lang/Numbers$Ops; @ 2
Event: 7147.192 Thread 0x85f70c00 Uncommon trap: reason=bimorphic action=maybe_recompile pc=0xb344874c method=clojure.lang.Numbers$LongOps.combine(Lclojure/lang/Numbers$Ops;)Lclojure/lang/Numbers$Ops; @ 2
Event: 7170.483 Thread 0x85f70c00 Uncommon trap: reason=unloaded action=reinterpret pc=0xb35711cc method=clojure.lang.Compiler.analyzeSeq(Lclojure/lang/Compiler$C;Lclojure/lang/ISeq;Ljava/lang/String;)Lclojure/lang/Compiler$Expr; @ 295
Event: 7211.419 Thread 0x85f70c00 Uncommon trap: reason=class_check action=maybe_recompile pc=0xb3410728 method=clojure.lang.Util.clearCache(Ljava/lang/ref/ReferenceQueue;Ljava/util/concurrent/ConcurrentHashMap;)V @ 52
Event: 7684.125 Thread 0x85f70c00 Uncommon trap: reason=unreached action=reinterpret pc=0xb33edd34 method=clojure.lang.Compiler$MapExpr.parse(Lclojure/lang/Compiler$C;Lclojure/lang/IPersistentMap;)Lclojure/lang/Compiler$Expr; @ 213

Internal exceptions (10 events):
Event: 7993.677 Thread 0x85f70c00 Threw 0xad282d60 at /build/buildd/openjdk-7-7u55-2.4.7/build/openjdk/hotspot/src/share/vm/prims/jvm.cpp:1244
Event: 7993.677 Thread 0x85f70c00 Threw 0xad2839a0 at /build/buildd/openjdk-7-7u55-2.4.7/build/openjdk/hotspot/src/share/vm/prims/jvm.cpp:1244
Event: 7993.677 Thread 0x85f70c00 Threw 0xad2845e0 at /build/buildd/openjdk-7-7u55-2.4.7/build/openjdk/hotspot/src/share/vm/prims/jvm.cpp:1244
Event: 7993.677 Thread 0x85f70c00 Threw 0xad285220 at /build/buildd/openjdk-7-7u55-2.4.7/build/openjdk/hotspot/src/share/vm/prims/jvm.cpp:1244
Event: 7993.677 Thread 0x85f70c00 Threw 0xad286830 at /build/buildd/openjdk-7-7u55-2.4.7/build/openjdk/hotspot/src/share/vm/prims/jvm.cpp:1244
Event: 7993.677 Thread 0x85f70c00 Threw 0xad28bf38 at /build/buildd/openjdk-7-7u55-2.4.7/build/openjdk/hotspot/src/share/vm/prims/jvm.cpp:1244
Event: 7993.677 Thread 0x85f70c00 Threw 0xad28cb78 at /build/buildd/openjdk-7-7u55-2.4.7/build/openjdk/hotspot/src/share/vm/prims/jvm.cpp:1244
Event: 7993.677 Thread 0x85f70c00 Threw 0xad28d7b8 at /build/buildd/openjdk-7-7u55-2.4.7/build/openjdk/hotspot/src/share/vm/prims/jvm.cpp:1244
Event: 7993.677 Thread 0x85f70c00 Threw 0xad28e3f8 at /build/buildd/openjdk-7-7u55-2.4.7/build/openjdk/hotspot/src/share/vm/prims/jvm.cpp:1244
Event: 7993.677 Thread 0x85f70c00 Threw 0xad28f038 at /build/buildd/openjdk-7-7u55-2.4.7/build/openjdk/hotspot/src/share/vm/prims/jvm.cpp:1244

Events (10 events):
Event: 20381.873 Executing VM operation: RevokeBias
Event: 20381.873 Executing VM operation: RevokeBias done
Event: 20381.873 loading class 0x8a919230
Event: 20382.573 loading class 0x8a919230 done
Event: 20382.573 Executing VM operation: RevokeBias
Event: 20382.573 Executing VM operation: RevokeBias done
Event: 20382.573 Executing VM operation: RevokeBias
Event: 20382.573 Executing VM operation: RevokeBias done
Event: 20388.586 loading class 0x8ad65fb8
Event: 20389.221 loading class 0x860cb0b0


Dynamic libraries:
08048000-08049000 r-xp 00000000 08:01 28969603   /usr/lib/jvm/java-7-openjdk-i386/jre/bin/java
08049000-0804a000 r--p 00000000 08:01 28969603   /usr/lib/jvm/java-7-openjdk-i386/jre/bin/java
0804a000-0804b000 rw-p 00001000 08:01 28969603   /usr/lib/jvm/java-7-openjdk-i386/jre/bin/java
088d1000-08954000 rw-p 00000000 00:00 0          [heap]
845f6000-84900000 rw-s 00000000 00:04 3899405    /SYSV00000000 (deleted)
84900000-849ee000 rw-p 00000000 00:00 0 
849ee000-84a00000 ---p 00000000 00:00 0 
84a00000-84af8000 rw-p 00000000 00:00 0 
84af8000-84b00000 ---p 00000000 00:00 0 
84b00000-84bfa000 rw-p 00000000 00:00 0 
84bfa000-84c00000 ---p 00000000 00:00 0 
84c00000-84d00000 rw-p 00000000 00:00 0 
84d00000-84df2000 rw-p 00000000 00:00 0 
84df2000-84e00000 ---p 00000000 00:00 0 
84f00000-84ffb000 rw-p 00000000 00:00 0 
84ffb000-85000000 ---p 00000000 00:00 0 
85100000-85200000 rw-p 00000000 00:00 0 
85300000-853fe000 rw-p 00000000 00:00 0 
853fe000-85400000 ---p 00000000 00:00 0 
8540d000-85410000 ---p 00000000 00:00 0 
85410000-8545e000 rw-p 00000000 00:00 0 
8545e000-85461000 ---p 00000000 00:00 0 
85461000-854af000 rw-p 00000000 00:00 0          [stack:11422]
854af000-854b2000 ---p 00000000 00:00 0 
854b2000-85500000 rw-p 00000000 00:00 0          [stack:11424]
85500000-855fd000 rw-p 00000000 00:00 0 
855fd000-85600000 ---p 00000000 00:00 0 
85900000-859ff000 rw-p 00000000 00:00 0 
859ff000-85a00000 ---p 00000000 00:00 0 
85a0d000-85a10000 ---p 00000000 00:00 0 
85a10000-85a5e000 rw-p 00000000 00:00 0 
85a5e000-85a61000 ---p 00000000 00:00 0 
85a61000-85aaf000 rw-p 00000000 00:00 0          [stack:7966]
85aaf000-85ab2000 ---p 00000000 00:00 0 
85ab2000-85b00000 rw-p 00000000 00:00 0          [stack:7965]
85b00000-85cf6000 rw-p 00000000 00:00 0 
85cf6000-85d00000 ---p 00000000 00:00 0 
85d00000-85e00000 rw-p 00000000 00:00 0 
85e0d000-85e10000 ---p 00000000 00:00 0 
85e10000-85e5e000 rw-p 00000000 00:00 0          [stack:7959]
85e5e000-85e61000 ---p 00000000 00:00 0 
85e61000-85eaf000 rw-p 00000000 00:00 0          [stack:7958]
85eaf000-85eb2000 ---p 00000000 00:00 0 
85eb2000-85f00000 rw-p 00000000 00:00 0          [stack:7964]
85f00000-85ffc000 rw-p 00000000 00:00 0 
85ffc000-86000000 ---p 00000000 00:00 0 
86000000-860f3000 rw-p 00000000 00:00 0 
860f3000-86100000 ---p 00000000 00:00 0 
8610d000-86110000 ---p 00000000 00:00 0 
86110000-8615e000 rw-p 00000000 00:00 0 
8615e000-86161000 ---p 00000000 00:00 0 
86161000-861af000 rw-p 00000000 00:00 0          [stack:7963]
861af000-861b2000 ---p 00000000 00:00 0 
861b2000-86200000 rw-p 00000000 00:00 0          [stack:7961]
86200000-862fd000 rw-p 00000000 00:00 0 
862fd000-86300000 ---p 00000000 00:00 0 
86301000-86304000 ---p 00000000 00:00 0 
86304000-86352000 rw-p 00000000 00:00 0          [stack:7953]
86352000-86355000 ---p 00000000 00:00 0 
86355000-863a3000 rw-p 00000000 00:00 0          [stack:7952]
863a3000-863a6000 r-xp 00000000 08:01 20710397   /lib/i386-linux-gnu/libgpg-error.so.0.10.0
863a6000-863a7000 r--p 00002000 08:01 20710397   /lib/i386-linux-gnu/libgpg-error.so.0.10.0
863a7000-863a8000 rw-p 00003000 08:01 20710397   /lib/i386-linux-gnu/libgpg-error.so.0.10.0
863a8000-863aa000 r-xp 00000000 08:01 20710407   /lib/i386-linux-gnu/libkeyutils.so.1.4
863aa000-863ab000 r--p 00002000 08:01 20710407   /lib/i386-linux-gnu/libkeyutils.so.1.4
863ab000-863ac000 rw-p 00003000 08:01 20710407   /lib/i386-linux-gnu/libkeyutils.so.1.4
863ac000-863c6000 r-xp 00000000 08:01 28055150   /usr/lib/i386-linux-gnu/libgraphite2.so.3.0.1
863c6000-863c7000 r--p 00019000 08:01 28055150   /usr/lib/i386-linux-gnu/libgraphite2.so.3.0.1
863c7000-863c8000 rw-p 0001a000 08:01 28055150   /usr/lib/i386-linux-gnu/libgraphite2.so.3.0.1
863c8000-86411000 r-xp 00000000 08:01 20710378   /lib/i386-linux-gnu/libdbus-1.so.3.7.6
86411000-86412000 r--p 00048000 08:01 20710378   /lib/i386-linux-gnu/libdbus-1.so.3.7.6
86412000-86413000 rw-p 00049000 08:01 20710378   /lib/i386-linux-gnu/libdbus-1.so.3.7.6
86413000-8644a000 r-xp 00000000 08:01 28055448   /usr/lib/i386-linux-gnu/libp11-kit.so.0.0.0
8644a000-8644b000 ---p 00037000 08:01 28055448   /usr/lib/i386-linux-gnu/libp11-kit.so.0.0.0
8644b000-8644e000 r--p 00037000 08:01 28055448   /usr/lib/i386-linux-gnu/libp11-kit.so.0.0.0
8644e000-8644f000 rw-p 0003a000 08:01 28055448   /usr/lib/i386-linux-gnu/libp11-kit.so.0.0.0
8644f000-86461000 r-xp 00000000 08:01 28055631   /usr/lib/i386-linux-gnu/libtasn1.so.6.2.0
86461000-86462000 r--p 00011000 08:01 28055631   /usr/lib/i386-linux-gnu/libtasn1.so.6.2.0
86462000-86463000 rw-p 00012000 08:01 28055631   /usr/lib/i386-linux-gnu/libtasn1.so.6.2.0
86463000-864e5000 r-xp 00000000 08:01 20710393   /lib/i386-linux-gnu/libgcrypt.so.11.8.2
864e5000-864e6000 r--p 00081000 08:01 20710393   /lib/i386-linux-gnu/libgcrypt.so.11.8.2
864e6000-864e8000 rw-p 00082000 08:01 20710393   /lib/i386-linux-gnu/libgcrypt.so.11.8.2
864e8000-864e9000 rw-p 00000000 00:00 0 
864e9000-864f3000 r-xp 00000000 08:01 28055331   /usr/lib/i386-linux-gnu/libkrb5support.so.0.1
864f3000-864f4000 r--p 00009000 08:01 28055331   /usr/lib/i386-linux-gnu/libkrb5support.so.0.1
864f4000-864f5000 rw-p 0000a000 08:01 28055331   /usr/lib/i386-linux-gnu/libkrb5support.so.0.1
864f5000-864f8000 r-xp 00000000 08:01 20710373   /lib/i386-linux-gnu/libcom_err.so.2.1
864f8000-864f9000 r--p 00002000 08:01 20710373   /lib/i386-linux-gnu/libcom_err.so.2.1
864f9000-864fa000 rw-p 00003000 08:01 20710373   /lib/i386-linux-gnu/libcom_err.so.2.1
864fa000-86528000 r-xp 00000000 08:01 28055325   /usr/lib/i386-linux-gnu/libk5crypto.so.3.1
86528000-86529000 r--p 0002d000 08:01 28055325   /usr/lib/i386-linux-gnu/libk5crypto.so.3.1
86529000-8652a000 rw-p 0002e000 08:01 28055325   /usr/lib/i386-linux-gnu/libk5crypto.so.3.1
8652a000-865e1000 r-xp 00000000 08:01 28055329   /usr/lib/i386-linux-gnu/libkrb5.so.3.3
865e1000-865e7000 r--p 000b7000 08:01 28055329   /usr/lib/i386-linux-gnu/libkrb5.so.3.3
865e7000-865e8000 rw-p 000bd000 08:01 28055329   /usr/lib/i386-linux-gnu/libkrb5.so.3.3
865e8000-865ef000 r-xp 00000000 08:01 28054924   /usr/lib/i386-linux-gnu/libdatrie.so.1.3.1
865ef000-865f0000 r--p 00006000 08:01 28054924   /usr/lib/i386-linux-gnu/libdatrie.so.1.3.1
865f0000-865f1000 rw-p 00007000 08:01 28054924   /usr/lib/i386-linux-gnu/libdatrie.so.1.3.1
865f1000-86645000 r-xp 00000000 08:01 28055263   /usr/lib/i386-linux-gnu/libharfbuzz.so.0.927.0
86645000-86646000 r--p 00054000 08:01 28055263   /usr/lib/i386-linux-gnu/libharfbuzz.so.0.927.0
86646000-86647000 rw-p 00055000 08:01 28055263   /usr/lib/i386-linux-gnu/libharfbuzz.so.0.927.0
86647000-8664f000 r-xp 00000000 08:01 28055771   /usr/lib/i386-linux-gnu/libxcb-render.so.0.0.0
8664f000-86650000 r--p 00008000 08:01 28055771   /usr/lib/i386-linux-gnu/libxcb-render.so.0.0.0
86650000-86651000 rw-p 00009000 08:01 28055771   /usr/lib/i386-linux-gnu/libxcb-render.so.0.0.0
86651000-86653000 r-xp 00000000 08:01 28055775   /usr/lib/i386-linux-gnu/libxcb-shm.so.0.0.0
86653000-86654000 r--p 00001000 08:01 28055775   /usr/lib/i386-linux-gnu/libxcb-shm.so.0.0.0
86654000-86655000 rw-p 00002000 08:01 28055775   /usr/lib/i386-linux-gnu/libxcb-shm.so.0.0.0
86655000-8667b000 r-xp 00000000 08:01 20710479   /lib/i386-linux-gnu/libpng12.so.0.50.0
8667b000-8667c000 r--p 00025000 08:01 20710479   /lib/i386-linux-gnu/libpng12.so.0.50.0
8667c000-8667d000 rw-p 00026000 08:01 20710479   /lib/i386-linux-gnu/libpng12.so.0.50.0
8667d000-86721000 r-xp 00000000 08:01 28055479   /usr/lib/i386-linux-gnu/libpixman-1.so.0.30.2
86721000-86726000 r--p 000a4000 08:01 28055479   /usr/lib/i386-linux-gnu/libpixman-1.so.0.30.2
86726000-86727000 rw-p 000a9000 08:01 28055479   /usr/lib/i386-linux-gnu/libpixman-1.so.0.30.2
86727000-8672c000 r-xp 00000000 08:01 28054732   /usr/lib/i386-linux-gnu/libXdmcp.so.6.0.0
8672c000-8672d000 r--p 00004000 08:01 28054732   /usr/lib/i386-linux-gnu/libXdmcp.so.6.0.0
8672d000-8672e000 rw-p 00005000 08:01 28054732   /usr/lib/i386-linux-gnu/libXdmcp.so.6.0.0
8672e000-86730000 r-xp 00000000 08:01 28054721   /usr/lib/i386-linux-gnu/libXau.so.6.0.0
86730000-86731000 r--p 00001000 08:01 28054721   /usr/lib/i386-linux-gnu/libXau.so.6.0.0
86731000-86732000 rw-p 00002000 08:01 28054721   /usr/lib/i386-linux-gnu/libXau.so.6.0.0
86732000-86742000 r-xp 00000000 08:01 28054825   /usr/lib/i386-linux-gnu/libavahi-client.so.3.2.9
86742000-86743000 r--p 0000f000 08:01 28054825   /usr/lib/i386-linux-gnu/libavahi-client.so.3.2.9
86743000-86744000 rw-p 00010000 08:01 28054825   /usr/lib/i386-linux-gnu/libavahi-client.so.3.2.9
86744000-86750000 r-xp 00000000 08:01 28054827   /usr/lib/i386-linux-gnu/libavahi-common.so.3.5.3
86750000-86751000 r--p 0000b000 08:01 28054827   /usr/lib/i386-linux-gnu/libavahi-common.so.3.5.3
86751000-86752000 rw-p 0000c000 08:01 28054827   /usr/lib/i386-linux-gnu/libavahi-common.so.3.5.3
86752000-86813000 r-xp 00000000 08:01 28055125   /usr/lib/i386-linux-gnu/libgnutls.so.26.22.6
86813000-86817000 r--p 000c0000 08:01 28055125   /usr/lib/i386-linux-gnu/libgnutls.so.26.22.6
86817000-86818000 rw-p 000c4000 08:01 28055125   /usr/lib/i386-linux-gnu/libgnutls.so.26.22.6
86818000-8685b000 r-xp 00000000 08:01 28055159   /usr/lib/i386-linux-gnu/libgssapi_krb5.so.2.2
8685b000-8685c000 r--p 00042000 08:01 28055159   /usr/lib/i386-linux-gnu/libgssapi_krb5.so.2.2
8685c000-8685d000 rw-p 00043000 08:01 28055159   /usr/lib/i386-linux-gnu/libgssapi_krb5.so.2.2
8685d000-86882000 r-xp 00000000 08:01 20710386   /lib/i386-linux-gnu/libexpat.so.1.6.0
86882000-86883000 ---p 00025000 08:01 20710386   /lib/i386-linux-gnu/libexpat.so.1.6.0
86883000-86885000 r--p 00025000 08:01 20710386   /lib/i386-linux-gnu/libexpat.so.1.6.0
86885000-86886000 rw-p 00027000 08:01 20710386   /lib/i386-linux-gnu/libexpat.so.1.6.0
86886000-86936000 r-xp 00000000 08:01 28049640   /usr/lib/i386-linux-gnu/libfreetype.so.6.11.1
86936000-8693a000 r--p 000af000 08:01 28049640   /usr/lib/i386-linux-gnu/libfreetype.so.6.11.1
8693a000-8693d000 rw-p 000b3000 08:01 28049640   /usr/lib/i386-linux-gnu/libfreetype.so.6.11.1
8693d000-86945000 r-xp 00000000 08:01 28055647   /usr/lib/i386-linux-gnu/libthai.so.0.2.0
86945000-86946000 r--p 00007000 08:01 28055647   /usr/lib/i386-linux-gnu/libthai.so.0.2.0
86946000-86947000 rw-p 00008000 08:01 28055647   /usr/lib/i386-linux-gnu/libthai.so.0.2.0
86947000-86949000 r-xp 00000000 08:01 28054730   /usr/lib/i386-linux-gnu/libXdamage.so.1.1.0
86949000-8694a000 r--p 00001000 08:01 28054730   /usr/lib/i386-linux-gnu/libXdamage.so.1.1.0
8694a000-8694b000 rw-p 00002000 08:01 28054730   /usr/lib/i386-linux-gnu/libXdamage.so.1.1.0
8694b000-86954000 r-xp 00000000 08:01 28054728   /usr/lib/i386-linux-gnu/libXcursor.so.1.0.2
86954000-86955000 r--p 00008000 08:01 28054728   /usr/lib/i386-linux-gnu/libXcursor.so.1.0.2
86955000-86956000 rw-p 00009000 08:01 28054728   /usr/lib/i386-linux-gnu/libXcursor.so.1.0.2
86956000-8695f000 r-xp 00000000 08:01 28054754   /usr/lib/i386-linux-gnu/libXrandr.so.2.2.0
8695f000-86960000 r--p 00008000 08:01 28054754   /usr/lib/i386-linux-gnu/libXrandr.so.2.2.0
86960000-86961000 rw-p 00009000 08:01 28054754   /usr/lib/i386-linux-gnu/libXrandr.so.2.2.0
86961000-86975000 r-xp 00000000 08:01 28055460   /usr/lib/i386-linux-gnu/libpangoft2-1.0.so.0.3600.3
86975000-86976000 r--p 00013000 08:01 28055460   /usr/lib/i386-linux-gnu/libpangoft2-1.0.so.0.3600.3
86976000-86977000 rw-p 00014000 08:01 28055460   /usr/lib/i386-linux-gnu/libpangoft2-1.0.so.0.3600.3
86977000-86a96000 r-xp 00000000 08:01 28054852   /usr/lib/i386-linux-gnu/libcairo.so.2.11301.0
86a96000-86a98000 r--p 0011e000 08:01 28054852   /usr/lib/i386-linux-gnu/libcairo.so.2.11301.0
86a98000-86a99000 rw-p 00120000 08:01 28054852   /usr/lib/i386-linux-gnu/libcairo.so.2.11301.0
86a99000-86a9a000 rw-p 00000000 00:00 0 
86a9a000-86ab8000 r-xp 00000000 08:01 28054813   /usr/lib/i386-linux-gnu/libatk-1.0.so.0.21009.1
86ab8000-86aba000 r--p 0001d000 08:01 28054813   /usr/lib/i386-linux-gnu/libatk-1.0.so.0.21009.1
86aba000-86abb000 rw-p 0001f000 08:01 28054813   /usr/lib/i386-linux-gnu/libatk-1.0.so.0.21009.1
86abb000-86abf000 r-xp 00000000 08:01 28054736   /usr/lib/i386-linux-gnu/libXfixes.so.3.1.0
86abf000-86ac0000 r--p 00003000 08:01 28054736   /usr/lib/i386-linux-gnu/libXfixes.so.3.1.0
86ac0000-86ac1000 rw-p 00004000 08:01 28054736   /usr/lib/i386-linux-gnu/libXfixes.so.3.1.0
86ac1000-86acc000 r-xp 00000000 08:01 28055458   /usr/lib/i386-linux-gnu/libpangocairo-1.0.so.0.3600.3
86acc000-86acd000 r--p 0000a000 08:01 28055458   /usr/lib/i386-linux-gnu/libpangocairo-1.0.so.0.3600.3
86acd000-86ace000 rw-p 0000b000 08:01 28055458   /usr/lib/i386-linux-gnu/libpangocairo-1.0.so.0.3600.3
86ace000-86aee000 r-xp 00000000 08:01 28055785   /usr/lib/i386-linux-gnu/libxcb.so.1.1.0
86aee000-86aef000 r--p 0001f000 08:01 28055785   /usr/lib/i386-linux-gnu/libxcb.so.1.1.0
86aef000-86af0000 rw-p 00020000 08:01 28055785   /usr/lib/i386-linux-gnu/libxcb.so.1.1.0
86af0000-86b57000 r-xp 00000000 08:01 28054910   /usr/lib/i386-linux-gnu/libcups.so.2
86b57000-86b58000 ---p 00067000 08:01 28054910   /usr/lib/i386-linux-gnu/libcups.so.2
86b58000-86b5c000 r--p 00067000 08:01 28054910   /usr/lib/i386-linux-gnu/libcups.so.2
86b5c000-86b5d000 rw-p 0006b000 08:01 28054910   /usr/lib/i386-linux-gnu/libcups.so.2
86b5d000-86fc4000 r-xp 00000000 08:01 28059254   /usr/lib/i386-linux-gnu/libgtk-x11-2.0.so.0.2400.23
86fc4000-86fc8000 r--p 00466000 08:01 28059254   /usr/lib/i386-linux-gnu/libgtk-x11-2.0.so.0.2400.23
86fc8000-86fca000 rw-p 0046a000 08:01 28059254   /usr/lib/i386-linux-gnu/libgtk-x11-2.0.so.0.2400.23
86fca000-86fcc000 rw-p 00000000 00:00 0 
86fcc000-870fc000 r-xp 00000000 08:01 28054717   /usr/lib/i386-linux-gnu/libX11.so.6.3.0
870fc000-870fd000 r--p 00130000 08:01 28054717   /usr/lib/i386-linux-gnu/libX11.so.6.3.0
870fd000-870ff000 rw-p 00131000 08:01 28054717   /usr/lib/i386-linux-gnu/libX11.so.6.3.0
870ff000-87100000 rw-p 00000000 00:00 0 
87100000-87200000 rw-p 00000000 00:00 0 
87200000-87202000 r-xp 00000000 08:01 28054726   /usr/lib/i386-linux-gnu/libXcomposite.so.1.0.0
87202000-87203000 r--p 00001000 08:01 28054726   /usr/lib/i386-linux-gnu/libXcomposite.so.1.0.0
87203000-87204000 rw-p 00002000 08:01 28054726   /usr/lib/i386-linux-gnu/libXcomposite.so.1.0.0
87204000-8724e000 r-xp 00000000 08:01 28055456   /usr/lib/i386-linux-gnu/libpango-1.0.so.0.3600.3
8724e000-8724f000 ---p 0004a000 08:01 28055456   /usr/lib/i386-linux-gnu/libpango-1.0.so.0.3600.3
8724f000-87250000 r--p 0004a000 08:01 28055456   /usr/lib/i386-linux-gnu/libpango-1.0.so.0.3600.3
87250000-87251000 rw-p 0004b000 08:01 28055456   /usr/lib/i386-linux-gnu/libpango-1.0.so.0.3600.3
87251000-872fc000 r-xp 00000000 08:01 28057141   /usr/lib/i386-linux-gnu/libgdk-x11-2.0.so.0.2400.23
872fc000-872fd000 ---p 000ab000 08:01 28057141   /usr/lib/i386-linux-gnu/libgdk-x11-2.0.so.0.2400.23
872fd000-872ff000 r--p 000ab000 08:01 28057141   /usr/lib/i386-linux-gnu/libgdk-x11-2.0.so.0.2400.23
872ff000-87300000 rw-p 000ad000 08:01 28057141   /usr/lib/i386-linux-gnu/libgdk-x11-2.0.so.0.2400.23
87300000-873ff000 rw-p 00000000 00:00 0 
873ff000-87400000 ---p 00000000 00:00 0 
87400000-874fb000 rw-p 00000000 00:00 0 
874fb000-87500000 ---p 00000000 00:00 0 
87500000-87529000 rw-p 00000000 00:00 0 
87529000-87600000 ---p 00000000 00:00 0 
87601000-87603000 r-xp 00000000 08:01 28054744   /usr/lib/i386-linux-gnu/libXinerama.so.1.0.0
87603000-87604000 r--p 00001000 08:01 28054744   /usr/lib/i386-linux-gnu/libXinerama.so.1.0.0
87604000-87605000 rw-p 00002000 08:01 28054744   /usr/lib/i386-linux-gnu/libXinerama.so.1.0.0
87605000-87606000 r-xp 00000000 08:01 28055239   /usr/lib/i386-linux-gnu/libgthread-2.0.so.0.4000.0
87606000-87607000 r--p 00000000 08:01 28055239   /usr/lib/i386-linux-gnu/libgthread-2.0.so.0.4000.0
87607000-87608000 rw-p 00001000 08:01 28055239   /usr/lib/i386-linux-gnu/libgthread-2.0.so.0.4000.0
87608000-87641000 r-xp 00000000 08:01 28055013   /usr/lib/i386-linux-gnu/libfontconfig.so.1.8.0
87641000-87642000 r--p 00039000 08:01 28055013   /usr/lib/i386-linux-gnu/libfontconfig.so.1.8.0
87642000-87643000 rw-p 0003a000 08:01 28055013   /usr/lib/i386-linux-gnu/libfontconfig.so.1.8.0
87643000-87664000 r-xp 00000000 08:01 28055078   /usr/lib/i386-linux-gnu/libgdk_pixbuf-2.0.so.0.3000.7
87664000-87665000 r--p 00020000 08:01 28055078   /usr/lib/i386-linux-gnu/libgdk_pixbuf-2.0.so.0.3000.7
87665000-87666000 rw-p 00021000 08:01 28055078   /usr/lib/i386-linux-gnu/libgdk_pixbuf-2.0.so.0.3000.7
87666000-87675000 r-xp 00000000 08:01 28054742   /usr/lib/i386-linux-gnu/libXi.so.6.1.0
87675000-87676000 r--p 0000e000 08:01 28054742   /usr/lib/i386-linux-gnu/libXi.so.6.1.0
87676000-87677000 rw-p 0000f000 08:01 28054742   /usr/lib/i386-linux-gnu/libXi.so.6.1.0
87677000-8767c000 r-xp 00000000 08:01 28054762   /usr/lib/i386-linux-gnu/libXtst.so.6.1.0
8767c000-8767d000 r--p 00004000 08:01 28054762   /usr/lib/i386-linux-gnu/libXtst.so.6.1.0
8767d000-8767e000 rw-p 00005000 08:01 28054762   /usr/lib/i386-linux-gnu/libXtst.so.6.1.0
8767e000-8768f000 r-xp 00000000 08:01 28054734   /usr/lib/i386-linux-gnu/libXext.so.6.4.0
8768f000-87690000 r--p 00010000 08:01 28054734   /usr/lib/i386-linux-gnu/libXext.so.6.4.0
87690000-87691000 rw-p 00011000 08:01 28054734   /usr/lib/i386-linux-gnu/libXext.so.6.4.0
8769d000-876a2000 r--s 0004c000 08:01 28838170   /usr/lib/jvm/java-7-openjdk-i386/jre/lib/jsse.jar
876a2000-876ab000 r--s 000b9000 08:01 28838178   /usr/lib/jvm/java-7-openjdk-i386/jre/lib/resources.jar
876ab000-876fc000 r-xp 00000000 08:01 28968718   /usr/lib/jvm/java-7-openjdk-i386/jre/lib/i386/xawt/libmawt.so
876fc000-876fd000 r--p 00050000 08:01 28968718   /usr/lib/jvm/java-7-openjdk-i386/jre/lib/i386/xawt/libmawt.so
876fd000-876ff000 rw-p 00051000 08:01 28968718   /usr/lib/jvm/java-7-openjdk-i386/jre/lib/i386/xawt/libmawt.so
876ff000-87700000 rw-p 00000000 00:00 0 
87700000-877f9000 rw-p 00000000 00:00 0 
877f9000-87800000 ---p 00000000 00:00 0 
87800000-878fd000 rw-p 00000000 00:00 0 
878fd000-87900000 ---p 00000000 00:00 0 
87900000-879fb000 rw-p 00000000 00:00 0 
879fb000-87a00000 ---p 00000000 00:00 0 
87a00000-87afd000 rw-p 00000000 00:00 0 
87afd000-87b00000 ---p 00000000 00:00 0 
87b00000-87bfa000 rw-p 00000000 00:00 0 
87bfa000-87c00000 ---p 00000000 00:00 0 
87c00000-87cfe000 rw-p 00000000 00:00 0 
87cfe000-87d00000 ---p 00000000 00:00 0 
87d00000-87eeb000 rw-p 00000000 00:00 0 
87eeb000-87f00000 ---p 00000000 00:00 0 
87f00000-88000000 rw-p 00000000 00:00 0 
88000000-88009000 r-xp 00000000 08:01 28054756   /usr/lib/i386-linux-gnu/libXrender.so.1.3.0
88009000-8800a000 r--p 00008000 08:01 28054756   /usr/lib/i386-linux-gnu/libXrender.so.1.3.0
8800a000-8800b000 rw-p 00009000 08:01 28054756   /usr/lib/i386-linux-gnu/libXrender.so.1.3.0
8800b000-8809a000 r-xp 00000000 08:01 28969574   /usr/lib/jvm/java-7-openjdk-i386/jre/lib/i386/libawt.so
8809a000-8809b000 r--p 0008e000 08:01 28969574   /usr/lib/jvm/java-7-openjdk-i386/jre/lib/i386/libawt.so
8809b000-880a2000 rw-p 0008f000 08:01 28969574   /usr/lib/jvm/java-7-openjdk-i386/jre/lib/i386/libawt.so
880a2000-880c6000 rw-p 00000000 00:00 0 
880c6000-880c8000 r--s 00024000 08:01 2368832    /home/stas/.m2/repository/org/clojure/clojurescript/0.0-2202/clojurescript-0.0-2202.jar
880c8000-880f2000 r--s 001e9000 08:01 2368837    /home/stas/.m2/repository/com/google/guava/guava/15.0/guava-15.0.jar
880f2000-880f4000 r--s 0000b000 08:01 2490897    /home/stas/.m2/repository/org/apache/maven/wagon/wagon-provider-api/2.2/wagon-provider-api-2.2.jar
880f4000-880fa000 r--s 0002c000 08:01 2490876    /home/stas/.m2/repository/org/sonatype/sisu/sisu-inject-plexus/2.2.3/sisu-inject-plexus-2.2.3.jar
880fa000-8811b000 r--s 0015a000 08:01 2490999    /home/stas/.m2/repository/bouncycastle/bcprov-jdk14/138/bcprov-jdk14-138.jar
8811b000-8814e000 r--s 00338000 08:01 2368833    /home/stas/.m2/repository/com/google/javascript/closure-compiler/v20131014/closure-compiler-v20131014.jar
8814e000-8814f000 r--s 00003000 08:01 2490867    /home/stas/.m2/repository/org/sonatype/aether/aether-spi/1.13.1/aether-spi-1.13.1.jar
8814f000-88151000 r--s 0000a000 08:01 2368841    /home/stas/.m2/repository/org/json/json/20090211/json-20090211.jar
88151000-88153000 r--s 00026000 08:01 2490884    /home/stas/.m2/repository/org/apache/maven/maven-model/3.0.4/maven-model-3.0.4.jar
88153000-88154000 r--s 00000000 08:01 2491009    /home/stas/.m2/repository/quil/processing-dxf/2.2.1/processing-dxf-2.2.1.jar
88154000-88158000 r--s 00097000 08:01 2491010    /home/stas/.m2/repository/quil/processing-core/2.2.1/processing-core-2.2.1.jar
88158000-88159000 r--s 00002000 08:01 2490860    /home/stas/.m2/repository/com/cemerick/pomegranate/0.2.0/pomegranate-0.2.0.jar
88159000-8815b000 r--s 00001000 08:01 2368854    /home/stas/.m2/repository/fs/fs/1.3.3/fs-1.3.3.jar
8815b000-8815e000 r--s 0001d000 08:01 2490866    /home/stas/.m2/repository/org/sonatype/aether/aether-impl/1.13.1/aether-impl-1.13.1.jar
8815e000-88181000 r--s 0049d000 08:01 2491016    /home/stas/.m2/repository/quil/jogl-all-fat/2.1.5/jogl-all-fat-2.1.5.jar
88181000-88187000 r--s 0004d000 08:01 2491014    /home/stas/.m2/repository/quil/gluegen-rt-fat/2.1.5/gluegen-rt-fat-2.1.5.jar
88187000-881c3000 r-xp 00000000 08:01 20710467   /lib/i386-linux-gnu/libpcre.so.3.13.1
881c3000-881c4000 r--p 0003b000 08:01 20710467   /lib/i386-linux-gnu/libpcre.so.3.13.1
881c4000-881c5000 rw-p 0003c000 08:01 20710467   /lib/i386-linux-gnu/libpcre.so.3.13.1
881c5000-881ca000 r-xp 00000000 08:01 28054999   /usr/lib/i386-linux-gnu/libffi.so.6.0.1
881ca000-881cb000 r--p 00005000 08:01 28054999   /usr/lib/i386-linux-gnu/libffi.so.6.0.1
881cb000-881cc000 rw-p 00006000 08:01 28054999   /usr/lib/i386-linux-gnu/libffi.so.6.0.1
881cc000-881df000 r-xp 00000000 08:01 20710490   /lib/i386-linux-gnu/libresolv-2.19.so
881df000-881e0000 ---p 00013000 08:01 20710490   /lib/i386-linux-gnu/libresolv-2.19.so
881e0000-881e1000 r--p 00013000 08:01 20710490   /lib/i386-linux-gnu/libresolv-2.19.so
881e1000-881e2000 rw-p 00014000 08:01 20710490   /lib/i386-linux-gnu/libresolv-2.19.so
881e2000-881e4000 rw-p 00000000 00:00 0 
881e4000-88204000 r-xp 00000000 08:01 20709471   /lib/i386-linux-gnu/libselinux.so.1
88204000-88205000 r--p 0001f000 08:01 20709471   /lib/i386-linux-gnu/libselinux.so.1
88205000-88206000 rw-p 00020000 08:01 20709471   /lib/i386-linux-gnu/libselinux.so.1
88206000-88207000 rw-p 00000000 00:00 0 
88207000-88311000 r-xp 00000000 08:01 20710395   /lib/i386-linux-gnu/libglib-2.0.so.0.4000.0
88311000-88312000 r--p 00109000 08:01 20710395   /lib/i386-linux-gnu/libglib-2.0.so.0.4000.0
88312000-88313000 rw-p 0010a000 08:01 20710395   /lib/i386-linux-gnu/libglib-2.0.so.0.4000.0
88313000-88363000 r-xp 00000000 08:01 28055132   /usr/lib/i386-linux-gnu/libgobject-2.0.so.0.4000.0
88363000-88364000 r--p 0004f000 08:01 28055132   /usr/lib/i386-linux-gnu/libgobject-2.0.so.0.4000.0
88364000-88365000 rw-p 00050000 08:01 28055132   /usr/lib/i386-linux-gnu/libgobject-2.0.so.0.4000.0
88365000-884e2000 r-xp 00000000 08:01 28055102   /usr/lib/i386-linux-gnu/libgio-2.0.so.0.4000.0
884e2000-884e4000 r--p 0017c000 08:01 28055102   /usr/lib/i386-linux-gnu/libgio-2.0.so.0.4000.0
884e4000-884e5000 rw-p 0017e000 08:01 28055102   /usr/lib/i386-linux-gnu/libgio-2.0.so.0.4000.0
884e5000-884e6000 rw-p 00000000 00:00 0 
884e6000-884e8000 r--s 00006000 08:01 2490890    /home/stas/.m2/repository/org/apache/maven/maven-repository-metadata/3.0.4/maven-repository-metadata-3.0.4.jar
884e8000-884f3000 r--s 0006d000 08:01 2490882    /home/stas/.m2/repository/org/sonatype/sisu/sisu-guice/3.0.3/sisu-guice-3.0.3-no_aop.jar
884f3000-88500000 r--s 00109000 08:01 2368846    /home/stas/.m2/repository/org/mozilla/rhino/1.7R4/rhino-1.7R4.jar
88500000-885f9000 rw-p 00000000 00:00 0 
885f9000-88600000 ---p 00000000 00:00 0 
88600000-88700000 rw-p 00000000 00:00 0 
88700000-887fa000 rw-p 00000000 00:00 0 
887fa000-88800000 ---p 00000000 00:00 0 
88800000-88802000 r--s 00002000 08:01 2368853    /home/stas/.m2/repository/ibdknox/analyzer/0.0.2/analyzer-0.0.2.jar
88802000-88805000 r-xp 00000000 08:01 28055116   /usr/lib/i386-linux-gnu/libgmodule-2.0.so.0.4000.0
88805000-88806000 r--p 00002000 08:01 28055116   /usr/lib/i386-linux-gnu/libgmodule-2.0.so.0.4000.0
88806000-88807000 rw-p 00003000 08:01 28055116   /usr/lib/i386-linux-gnu/libgmodule-2.0.so.0.4000.0
88807000-8881e000 r-xp 00000000 08:01 28969326   /usr/lib/jvm/java-7-openjdk-i386/jre/lib/i386/libnet.so
8881e000-8881f000 r--p 00016000 08:01 28969326   /usr/lib/jvm/java-7-openjdk-i386/jre/lib/i386/libnet.so
8881f000-88820000 rw-p 00017000 08:01 28969326   /usr/lib/jvm/java-7-openjdk-i386/jre/lib/i386/libnet.so
88820000-8885f000 r--s 00340000 08:01 2368830    /home/stas/.m2/repository/org/clojure/clojure/1.6.0/clojure-1.6.0.jar
8885f000-8888a000 r--s 004a4000 08:01 2490855    /home/stas/.m2/repository/org/clojure/google-closure-library/0.0-20140226-71326067/google-closure-library-0.0-20140226-71326067.jar
8888a000-8888b000 ---p 00000000 00:00 0 
8888b000-8890b000 rw-p 00000000 00:00 0          [stack:7950]
8890b000-8890e000 ---p 00000000 00:00 0 
8890e000-8895c000 rw-p 00000000 00:00 0          [stack:7949]
8895c000-8895f000 ---p 00000000 00:00 0 
8895f000-889dd000 rw-p 00000000 00:00 0          [stack:7948]
889dd000-889e0000 ---p 00000000 00:00 0 
889e0000-88a5e000 rw-p 00000000 00:00 0          [stack:7947]
88a5e000-88a61000 ---p 00000000 00:00 0 
88a61000-88aaf000 rw-p 00000000 00:00 0          [stack:7946]
88aaf000-88caf000 r--p 00000000 08:01 28057742   /usr/lib/locale/locale-archive
88caf000-88cb2000 ---p 00000000 00:00 0 
88cb2000-88d00000 rw-p 00000000 00:00 0          [stack:7945]
88d00000-88df0000 rw-p 00000000 00:00 0 
88df0000-88e00000 ---p 00000000 00:00 0 
88e00000-88ef7000 rw-p 00000000 00:00 0 
88ef7000-88f00000 ---p 00000000 00:00 0 
88f00000-89000000 rw-p 00000000 00:00 0 
89000000-89001000 r--s 00001000 08:01 2490923    /home/stas/.m2/repository/tigris/tigris/0.1.1/tigris-0.1.1.jar
89001000-89002000 r--s 00000000 08:01 2368593    /home/stas/.m2/repository/clojure-complete/clojure-complete/0.2.3/clojure-complete-0.2.3.jar
89002000-89004000 r--s 0000a000 08:01 2490872    /home/stas/.m2/repository/org/codehaus/plexus/plexus-classworlds/2.4/plexus-classworlds-2.4.jar
89004000-89015000 r-xp 00000000 08:01 28969523   /usr/lib/jvm/java-7-openjdk-i386/jre/lib/i386/libnio.so
89015000-89016000 r--p 00010000 08:01 28969523   /usr/lib/jvm/java-7-openjdk-i386/jre/lib/i386/libnio.so
89016000-89017000 rw-p 00011000 08:01 28969523   /usr/lib/jvm/java-7-openjdk-i386/jre/lib/i386/libnio.so
89017000-8901b000 r--s 0002b000 08:01 2490996    /home/stas/.m2/repository/bouncycastle/bcmail-jdk14/138/bcmail-jdk14-138.jar
8901b000-8901e000 r--s 00013000 08:01 2490861    /home/stas/.m2/repository/org/sonatype/aether/aether-api/1.13.1/aether-api-1.13.1.jar
8901e000-89023000 r--s 00040000 08:01 2490904    /home/stas/.m2/repository/org/jsoup/jsoup/1.6.1/jsoup-1.6.1.jar
89023000-89025000 r--s 0000d000 08:01 2490910    /home/stas/.m2/repository/commons-codec/commons-codec/1.4/commons-codec-1.4.jar
89025000-89027000 r--s 00011000 08:01 2490856    /home/stas/.m2/repository/org/clojure/google-closure-library-third-party/0.0-20140226-71326067/google-closure-library-third-party-0.0-20140226-71326067.jar
89027000-89029000 r--s 00009000 08:01 2368851    /home/stas/.m2/repository/ibdknox/tools.reader/0.8.1/tools.reader-0.8.1.jar
89029000-8902d000 r--s 0001c000 08:01 2490862    /home/stas/.m2/repository/org/sonatype/aether/aether-util/1.13.1/aether-util-1.13.1.jar
8902d000-89031000 r--s 0002a000 08:01 2368829    /home/stas/.m2/repository/commons-io/commons-io/2.4/commons-io-2.4.jar
89031000-89033000 r--s 00008000 08:01 2368590    /home/stas/.m2/repository/org/clojure/tools.nrepl/0.2.3/tools.nrepl-0.2.3.jar
89033000-89035000 r--s 0000c000 08:01 2490883    /home/stas/.m2/repository/org/apache/maven/maven-aether-provider/3.0.4/maven-aether-provider-3.0.4.jar
89035000-89037000 r--s 00002000 08:01 2490921    /home/stas/.m2/repository/cheshire/cheshire/5.2.0/cheshire-5.2.0.jar
89037000-8903b000 r--s 00021000 08:01 2490886    /home/stas/.m2/repository/org/apache/maven/maven-model-builder/3.0.4/maven-model-builder-3.0.4.jar
8903b000-89047000 r--s 00108000 08:01 2490998    /home/stas/.m2/repository/com/lowagie/itext/2.1.7/itext-2.1.7.jar
89047000-89049000 r--s 00006000 08:01 2490902    /home/stas/.m2/repository/org/apache/maven/wagon/wagon-http-shared4/2.2/wagon-http-shared4-2.2.jar
89049000-8904e000 r--s 00028000 08:01 2490911    /home/stas/.m2/repository/org/apache/httpcomponents/httpcore/4.1.2/httpcore-4.1.2.jar
8904e000-89050000 r--s 0000d000 08:01 2490905    /home/stas/.m2/repository/commons-logging/commons-logging/1.1.1/commons-logging-1.1.1.jar
89050000-89051000 ---p 00000000 00:00 0 
89051000-890d1000 rw-p 00000000 00:00 0          [stack:7943]
890d1000-89280000 r--s 01cfb000 08:01 28838171   /usr/lib/jvm/java-7-openjdk-i386/jre/lib/rt.jar
89280000-8a900000 rw-p 00000000 00:00 0 
8a900000-8a9f3000 rw-p 00000000 00:00 0 
8a9f3000-8aa00000 ---p 00000000 00:00 0 
8aa00000-8aa01000 r--s 00005000 08:01 2490997    /home/stas/.m2/repository/org/bouncycastle/bctsp-jdk14/1.38/bctsp-jdk14-1.38.jar
8aa01000-8aa07000 r--s 00068000 08:01 2368840    /home/stas/.m2/repository/com/google/protobuf/protobuf-java/2.4.1/protobuf-java-2.4.1.jar
8aa07000-8aa0b000 r--s 00033000 08:01 2490875    /home/stas/.m2/repository/org/codehaus/plexus/plexus-utils/2.0.7/plexus-utils-2.0.7.jar
8aa0b000-8aa0e000 r--s 00036000 08:01 2491012    /home/stas/.m2/repository/quil/quil/2.1.0/quil-2.1.0.jar
8aa0e000-8aa11000 r--s 0002c000 08:01 2490916    /home/stas/.m2/repository/com/fasterxml/jackson/core/jackson-core/2.2.1/jackson-core-2.2.1.jar
8aa11000-8aa19000 r--s 0004e000 08:01 2490907    /home/stas/.m2/repository/org/apache/httpcomponents/httpclient/4.1.2/httpclient-4.1.2.jar
8aa19000-8aa1d000 r--s 0002b000 08:01 2491002    /home/stas/.m2/repository/org/bouncycastle/bcmail-jdk14/1.38/bcmail-jdk14-1.38.jar
8aa1d000-8aa1e000 r--s 00007000 08:01 2490918    /home/stas/.m2/repository/org/clojure/tools.reader/0.8.3/tools.reader-0.8.3.jar
8aa1e000-8aa20000 r--s 0000e000 08:01 2490914    /home/stas/.m2/repository/com/fasterxml/jackson/dataformat/jackson-dataformat-smile/2.2.1/jackson-dataformat-smile-2.2.1.jar
8aa20000-8aa22000 r--s 00000000 08:01 2490893    /home/stas/.m2/repository/org/codehaus/plexus/plexus-component-annotations/1.5.5/plexus-component-annotations-1.5.5.jar
8aa22000-8aa23000 r--s 00001000 08:01 2490858    /home/stas/.m2/repository/org/clojure/data.json/0.2.3/data.json-0.2.3.jar
8aa23000-8aa29000 r--s 0003a000 08:01 2490881    /home/stas/.m2/repository/org/sonatype/sisu/sisu-inject-bean/2.2.3/sisu-inject-bean-2.2.3.jar
8aa29000-8aa2e000 r--s 00032000 08:01 2368831    /home/stas/.m2/repository/org/apache/commons/commons-compress/1.3/commons-compress-1.3.jar
8aa2e000-8aa31000 ---p 00000000 00:00 0 
8aa31000-8aa7f000 rw-p 00000000 00:00 0          [stack:7944]
8aa7f000-8aa80000 ---p 00000000 00:00 0 
8aa80000-8ab00000 rw-p 00000000 00:00 0          [stack:7942]
8ab00000-8ab4e000 rw-p 00000000 00:00 0 
8ab4e000-8ac00000 ---p 00000000 00:00 0 
8ac00000-8ac2d000 rw-p 00000000 00:00 0 
8ac2d000-8ad00000 ---p 00000000 00:00 0 
8ad00000-8ad02000 r--s 0000d000 08:01 2490888    /home/stas/.m2/repository/org/codehaus/plexus/plexus-interpolation/1.14/plexus-interpolation-1.14.jar
8ad02000-8ad03000 r--s 00005000 08:01 2490868    /home/stas/.m2/repository/org/sonatype/aether/aether-connector-file/1.13.1/aether-connector-file-1.13.1.jar
8ad03000-8ad24000 r--s 0015a000 08:01 2491000    /home/stas/.m2/repository/org/bouncycastle/bcprov-jdk14/1.38/bcprov-jdk14-1.38.jar
8ad24000-8ad7f000 rw-p 00000000 00:00 0 
8ad7f000-8ad80000 ---p 00000000 00:00 0 
8ad80000-8ae00000 rw-p 00000000 00:00 0          [stack:7941]
8ae00000-8ae21000 rw-p 00000000 00:00 0 
8ae21000-8af00000 ---p 00000000 00:00 0 
8af00000-8af01000 r--s 00002000 08:01 2490899    /home/stas/.m2/repository/org/apache/maven/wagon/wagon-http/2.2/wagon-http-2.2.jar
8af01000-8af02000 r--s 00001000 08:01 2491008    /home/stas/.m2/repository/quil/processing-pdf/2.2.1/processing-pdf-2.2.1.jar
8af02000-8af03000 r--s 00002000 08:01 2368855    /home/stas/.m2/repository/clj-stacktrace/clj-stacktrace/0.2.7/clj-stacktrace-0.2.7.jar
8af03000-8af05000 r--s 00000000 08:01 2490895    /home/stas/.m2/repository/org/tcrawley/dynapath/0.2.3/dynapath-0.2.3.jar
8af05000-8af07000 r--s 0000c000 08:01 2368835    /home/stas/.m2/repository/args4j/args4j/2.0.16/args4j-2.0.16.jar
8af07000-8af09000 r--s 00006000 08:01 2490871    /home/stas/.m2/repository/org/sonatype/aether/aether-connector-wagon/1.13.1/aether-connector-wagon-1.13.1.jar
8af09000-8af52000 rw-p 00000000 00:00 0 
8af52000-8af53000 ---p 00000000 00:00 0 
8af53000-8afd3000 rw-p 00000000 00:00 0          [stack:7940]
8afd3000-8afd4000 ---p 00000000 00:00 0 
8afd4000-8b085000 rw-p 00000000 00:00 0          [stack:7939]
8b085000-8b0ff000 rw-p 00000000 00:00 0 
8b0ff000-8b110000 rw-p 00000000 00:00 0 
8b110000-8b111000 ---p 00000000 00:00 0 
8b111000-8b13f000 rw-p 00000000 00:00 0 
8b13f000-8b170000 rw-p 00000000 00:00 0 
8b170000-8b1e9000 rw-p 00000000 00:00 0 
8b1e9000-8b224000 rw-p 00000000 00:00 0 
8b224000-8b23f000 ---p 00000000 00:00 0 
8b23f000-8d440000 rw-p 00000000 00:00 0 
8d440000-8d640000 ---p 00000000 00:00 0 
8d640000-93240000 rw-p 00000000 00:00 0 
93240000-99300000 rw-p 00000000 00:00 0 
99300000-a8780000 rw-p 00000000 00:00 0 
a8780000-afbc0000 rw-p 00000000 00:00 0 
afbc0000-b3240000 ---p 00000000 00:00 0 
b3240000-b324e000 rw-p 00000000 00:00 0 
b324e000-b3300000 rw-p 00000000 00:00 0 
b3300000-b3678000 rwxp 00000000 00:00 0 
b3678000-b63fa000 rw-p 00000000 00:00 0 
b63fa000-b6400000 ---p 00000000 00:00 0 
b6400000-b6401000 r--s 00004000 08:01 2368859    /home/stas/.m2/repository/lein-light-nrepl/lein-light-nrepl/0.0.18/lein-light-nrepl-0.0.18.jar
b6401000-b6404000 r--s 00006000 08:01 2368843    /home/stas/.m2/repository/com/google/code/findbugs/jsr305/1.3.9/jsr305-1.3.9.jar
b6404000-b6405000 r--s 00002000 08:01 28969582   /usr/lib/jvm/java-7-openjdk-i386/jre/lib/ext/dnsns.jar
b6405000-b6407000 r--s 00006000 08:01 28446944   /usr/share/java/java-atk-wrapper.jar
b6407000-b640a000 r--s 00032000 08:01 28969581   /usr/lib/jvm/java-7-openjdk-i386/jre/lib/ext/sunjce_provider.jar
b640a000-b640e000 r--s 0003b000 08:01 28969580   /usr/lib/jvm/java-7-openjdk-i386/jre/lib/ext/sunpkcs11.jar
b640e000-b6410000 r--s 00012000 08:01 28969585   /usr/lib/jvm/java-7-openjdk-i386/jre/lib/ext/zipfs.jar
b6410000-b6413000 r--s 0000f000 08:01 28969583   /usr/lib/jvm/java-7-openjdk-i386/jre/lib/ext/pulse-java.jar
b6413000-b6417000 r--s 00085000 08:01 28969584   /usr/lib/jvm/java-7-openjdk-i386/jre/lib/ext/localedata.jar
b6417000-b6428000 rw-p 00000000 00:00 0 
b6428000-b6429000 ---p 00000000 00:00 0 
b6429000-b6457000 rw-p 00000000 00:00 0 
b6457000-b6462000 r-xp 00000000 08:01 20710439   /lib/i386-linux-gnu/libnss_files-2.19.so
b6462000-b6463000 r--p 0000a000 08:01 20710439   /lib/i386-linux-gnu/libnss_files-2.19.so
b6463000-b6464000 rw-p 0000b000 08:01 20710439   /lib/i386-linux-gnu/libnss_files-2.19.so
b6464000-b646e000 r-xp 00000000 08:01 20710449   /lib/i386-linux-gnu/libnss_nis-2.19.so
b646e000-b646f000 r--p 00009000 08:01 20710449   /lib/i386-linux-gnu/libnss_nis-2.19.so
b646f000-b6470000 rw-p 0000a000 08:01 20710449   /lib/i386-linux-gnu/libnss_nis-2.19.so
b6470000-b6485000 r-xp 00000000 08:01 20710433   /lib/i386-linux-gnu/libnsl-2.19.so
b6485000-b6486000 r--p 00015000 08:01 20710433   /lib/i386-linux-gnu/libnsl-2.19.so
b6486000-b6487000 rw-p 00016000 08:01 20710433   /lib/i386-linux-gnu/libnsl-2.19.so
b6487000-b6489000 rw-p 00000000 00:00 0 
b6489000-b6490000 r-xp 00000000 08:01 20710435   /lib/i386-linux-gnu/libnss_compat-2.19.so
b6490000-b6491000 r--p 00006000 08:01 20710435   /lib/i386-linux-gnu/libnss_compat-2.19.so
b6491000-b6492000 rw-p 00007000 08:01 20710435   /lib/i386-linux-gnu/libnss_compat-2.19.so
b6492000-b6493000 r--p 00855000 08:01 28057742   /usr/lib/locale/locale-archive
b6493000-b64a2000 rw-p 00000000 00:00 0 
b64a2000-b64aa000 r-xp 00000000 08:01 28969561   /usr/lib/jvm/java-7-openjdk-i386/jre/lib/i386/libzip.so
b64aa000-b64ab000 r--p 00007000 08:01 28969561   /usr/lib/jvm/java-7-openjdk-i386/jre/lib/i386/libzip.so
b64ab000-b64ac000 rw-p 00008000 08:01 28969561   /usr/lib/jvm/java-7-openjdk-i386/jre/lib/i386/libzip.so
b64ac000-b64d3000 r-xp 00000000 08:01 28969324   /usr/lib/jvm/java-7-openjdk-i386/jre/lib/i386/libjava.so
b64d3000-b64d4000 r--p 00026000 08:01 28969324   /usr/lib/jvm/java-7-openjdk-i386/jre/lib/i386/libjava.so
b64d4000-b64d5000 rw-p 00027000 08:01 28969324   /usr/lib/jvm/java-7-openjdk-i386/jre/lib/i386/libjava.so
b64d5000-b64dc000 r-xp 00000000 08:01 20710492   /lib/i386-linux-gnu/librt-2.19.so
b64dc000-b64dd000 r--p 00006000 08:01 20710492   /lib/i386-linux-gnu/librt-2.19.so
b64dd000-b64de000 rw-p 00007000 08:01 20710492   /lib/i386-linux-gnu/librt-2.19.so
b64de000-b64e1000 ---p 00000000 00:00 0 
b64e1000-b652f000 rw-p 00000000 00:00 0          [stack:7938]
b652f000-b654b000 r-xp 00000000 08:01 20710391   /lib/i386-linux-gnu/libgcc_s.so.1
b654b000-b654c000 rw-p 0001b000 08:01 20710391   /lib/i386-linux-gnu/libgcc_s.so.1
b654c000-b6590000 r-xp 00000000 08:01 20710414   /lib/i386-linux-gnu/libm-2.19.so
b6590000-b6591000 r--p 00043000 08:01 20710414   /lib/i386-linux-gnu/libm-2.19.so
b6591000-b6592000 rw-p 00044000 08:01 20710414   /lib/i386-linux-gnu/libm-2.19.so
b6592000-b666e000 r-xp 00000000 08:01 28055625   /usr/lib/i386-linux-gnu/libstdc++.so.6.0.19
b666e000-b666f000 ---p 000dc000 08:01 28055625   /usr/lib/i386-linux-gnu/libstdc++.so.6.0.19
b666f000-b6673000 r--p 000dc000 08:01 28055625   /usr/lib/i386-linux-gnu/libstdc++.so.6.0.19
b6673000-b6674000 rw-p 000e0000 08:01 28055625   /usr/lib/i386-linux-gnu/libstdc++.so.6.0.19
b6674000-b667b000 rw-p 00000000 00:00 0 
b667b000-b7047000 r-xp 00000000 08:01 28969322   /usr/lib/jvm/java-7-openjdk-i386/jre/lib/i386/server/libjvm.so
b7047000-b7048000 ---p 009cc000 08:01 28969322   /usr/lib/jvm/java-7-openjdk-i386/jre/lib/i386/server/libjvm.so
b7048000-b7099000 r--p 009cc000 08:01 28969322   /usr/lib/jvm/java-7-openjdk-i386/jre/lib/i386/server/libjvm.so
b7099000-b70ad000 rw-p 00a1d000 08:01 28969322   /usr/lib/jvm/java-7-openjdk-i386/jre/lib/i386/server/libjvm.so
b70ad000-b74cb000 rw-p 00000000 00:00 0 
b74cb000-b74e3000 r-xp 00000000 08:01 20710527   /lib/i386-linux-gnu/libz.so.1.2.8
b74e3000-b74e4000 r--p 00017000 08:01 20710527   /lib/i386-linux-gnu/libz.so.1.2.8
b74e4000-b74e5000 rw-p 00018000 08:01 20710527   /lib/i386-linux-gnu/libz.so.1.2.8
b74e5000-b74fd000 r-xp 00000000 08:01 20710484   /lib/i386-linux-gnu/libpthread-2.19.so
b74fd000-b74fe000 r--p 00017000 08:01 20710484   /lib/i386-linux-gnu/libpthread-2.19.so
b74fe000-b74ff000 rw-p 00018000 08:01 20710484   /lib/i386-linux-gnu/libpthread-2.19.so
b74ff000-b7501000 rw-p 00000000 00:00 0 
b7501000-b7504000 r-xp 00000000 08:01 20710381   /lib/i386-linux-gnu/libdl-2.19.so
b7504000-b7505000 r--p 00002000 08:01 20710381   /lib/i386-linux-gnu/libdl-2.19.so
b7505000-b7506000 rw-p 00003000 08:01 20710381   /lib/i386-linux-gnu/libdl-2.19.so
b7506000-b76af000 r-xp 00000000 08:01 20710364   /lib/i386-linux-gnu/libc-2.19.so
b76af000-b76b1000 r--p 001a9000 08:01 20710364   /lib/i386-linux-gnu/libc-2.19.so
b76b1000-b76b2000 rw-p 001ab000 08:01 20710364   /lib/i386-linux-gnu/libc-2.19.so
b76b2000-b76b6000 rw-p 00000000 00:00 0 
b76b6000-b76be000 rw-s 00000000 08:01 24903983   /tmp/hsperfdata_stas/7932
b76be000-b76bf000 rw-p 00000000 00:00 0 
b76bf000-b76c0000 r--p 00000000 00:00 0 
b76c0000-b76ce000 r-xp 00000000 08:01 28969566   /usr/lib/jvm/java-7-openjdk-i386/jre/lib/i386/libverify.so
b76ce000-b76cf000 r--p 0000d000 08:01 28969566   /usr/lib/jvm/java-7-openjdk-i386/jre/lib/i386/libverify.so
b76cf000-b76d0000 rw-p 0000e000 08:01 28969566   /usr/lib/jvm/java-7-openjdk-i386/jre/lib/i386/libverify.so
b76d0000-b76dc000 r-xp 00000000 08:01 28969570   /usr/lib/jvm/java-7-openjdk-i386/jre/lib/i386/jli/libjli.so
b76dc000-b76dd000 r--p 0000c000 08:01 28969570   /usr/lib/jvm/java-7-openjdk-i386/jre/lib/i386/jli/libjli.so
b76dd000-b76de000 rw-p 0000d000 08:01 28969570   /usr/lib/jvm/java-7-openjdk-i386/jre/lib/i386/jli/libjli.so
b76de000-b76e0000 rw-p 00000000 00:00 0 
b76e0000-b76e1000 r-xp 00000000 00:00 0          [vdso]
b76e1000-b7701000 r-xp 00000000 08:01 20710340   /lib/i386-linux-gnu/ld-2.19.so
b7701000-b7702000 r--p 0001f000 08:01 20710340   /lib/i386-linux-gnu/ld-2.19.so
b7702000-b7703000 rw-p 00020000 08:01 20710340   /lib/i386-linux-gnu/ld-2.19.so
bfb5a000-bfb7d000 rw-p 00000000 00:00 0          [stack]

VM Arguments:
jvm_args: -Dclojure.compile.path=/home/stas/projects/firebrick/target/classes -Dfirebrick.version=0.1.0-SNAPSHOT -Dfile.encoding=UTF-8 -Dclojure.debug=false 
java_command: clojure.main -i /tmp/form-init5960459790326076444.clj
Launcher Type: SUN_STANDARD

Environment Variables:
PATH=/home/stas/bin:/usr/local/sbin:/usr/local/bin:/usr/sbin:/usr/bin:/sbin:/bin:/usr/games:/usr/local/games
LD_LIBRARY_PATH=/usr/local/LightTable:
SHELL=/bin/bash
DISPLAY=:0

Signal Handlers:
SIGSEGV: [libjvm.so+0x7eebf0], sa_mask[0]=0x7ffbfeff, sa_flags=0x10000004
SIGBUS: [libjvm.so+0x7eebf0], sa_mask[0]=0x7ffbfeff, sa_flags=0x10000004
SIGFPE: [libjvm.so+0x66c6a0], sa_mask[0]=0x7ffbfeff, sa_flags=0x10000004
SIGPIPE: [libjvm.so+0x66c6a0], sa_mask[0]=0x7ffbfeff, sa_flags=0x10000004
SIGXFSZ: [libjvm.so+0x66c6a0], sa_mask[0]=0x7ffbfeff, sa_flags=0x10000004
SIGILL: [libjvm.so+0x66c6a0], sa_mask[0]=0x7ffbfeff, sa_flags=0x10000004
SIGUSR1: SIG_DFL, sa_mask[0]=0x00000000, sa_flags=0x00000000
SIGUSR2: [libjvm.so+0x66c530], sa_mask[0]=0x00000004, sa_flags=0x10000004
SIGHUP: [libjvm.so+0x66c760], sa_mask[0]=0x7ffbfeff, sa_flags=0x10000004
SIGINT: [libjvm.so+0x66c760], sa_mask[0]=0x7ffbfeff, sa_flags=0x10000004
SIGTERM: [libjvm.so+0x66c760], sa_mask[0]=0x7ffbfeff, sa_flags=0x10000004
SIGQUIT: [libjvm.so+0x66c760], sa_mask[0]=0x7ffbfeff, sa_flags=0x10000004


---------------  S Y S T E M  ---------------

OS:Ubuntu 14.04 (trusty)
uname:Linux 3.13.0-29-generic #53-Ubuntu SMP Wed Jun 4 21:02:19 UTC 2014 i686
libc:glibc 2.19 NPTL 2.19 
rlimit: STACK 8192k, CORE 0k, NPROC 15889, NOFILE 4096, AS infinity
load average:5.27 1.33 0.62

/proc/meminfo:
MemTotal:        2053004 kB
MemFree:          811828 kB
Buffers:           46176 kB
Cached:           398516 kB
SwapCached:        68184 kB
Active:           414580 kB
Inactive:         718484 kB
Active(anon):     252116 kB
Inactive(anon):   447872 kB
Active(file):     162464 kB
Inactive(file):   270612 kB
Unevictable:          32 kB
Mlocked:              32 kB
HighTotal:       1172472 kB
HighFree:         426016 kB
LowTotal:         880532 kB
LowFree:          385812 kB
SwapTotal:       2083836 kB
SwapFree:        1781032 kB
Dirty:               936 kB
Writeback:             0 kB
AnonPages:        629104 kB
Mapped:            61272 kB
Shmem:             11056 kB
Slab:              42600 kB
SReclaimable:      22536 kB
SUnreclaim:        20064 kB
KernelStack:        1976 kB
PageTables:         5340 kB
NFS_Unstable:          0 kB
Bounce:                0 kB
WritebackTmp:          0 kB
CommitLimit:     3110336 kB
Committed_AS:    1819808 kB
VmallocTotal:     122880 kB
VmallocUsed:       49480 kB
VmallocChunk:      64788 kB
HardwareCorrupted:     0 kB
AnonHugePages:    448512 kB
HugePages_Total:       0
HugePages_Free:        0
HugePages_Rsvd:        0
HugePages_Surp:        0
Hugepagesize:       2048 kB
DirectMap4k:      147448 kB
DirectMap2M:      765952 kB


CPU:total 4 (4 cores per cpu, 1 threads per core) family 6 model 15 stepping 11, cmov, cx8, fxsr, mmx, sse, sse2, sse3, ssse3, tsc

/proc/cpuinfo:
processor	: 0
vendor_id	: GenuineIntel
cpu family	: 6
model		: 15
model name	: Intel(R) Core(TM)2 Quad CPU    Q6700  @ 2.66GHz
stepping	: 11
microcode	: 0xb6
cpu MHz		: 2660.000
cache size	: 4096 KB
physical id	: 0
siblings	: 4
core id		: 0
cpu cores	: 4
apicid		: 0
initial apicid	: 0
fdiv_bug	: no
f00f_bug	: no
coma_bug	: no
fpu		: yes
fpu_exception	: yes
cpuid level	: 10
wp		: yes
flags		: fpu vme de pse tsc msr pae mce cx8 apic sep mtrr pge mca cmov pat pse36 clflush dts acpi mmx fxsr sse sse2 ss ht tm pbe nx lm constant_tsc arch_perfmon pebs bts aperfmperf pni dtes64 monitor ds_cpl vmx est tm2 ssse3 cx16 xtpr pdcm lahf_lm dtherm tpr_shadow vnmi flexpriority
bogomips	: 5333.27
clflush size	: 64
cache_alignment	: 64
address sizes	: 36 bits physical, 48 bits virtual
power management:

processor	: 1
vendor_id	: GenuineIntel
cpu family	: 6
model		: 15
model name	: Intel(R) Core(TM)2 Quad CPU    Q6700  @ 2.66GHz
stepping	: 11
microcode	: 0xb6
cpu MHz		: 2660.000
cache size	: 4096 KB
physical id	: 0
siblings	: 4
core id		: 1
cpu cores	: 4
apicid		: 1
initial apicid	: 1
fdiv_bug	: no
f00f_bug	: no
coma_bug	: no
fpu		: yes
fpu_exception	: yes
cpuid level	: 10
wp		: yes
flags		: fpu vme de pse tsc msr pae mce cx8 apic sep mtrr pge mca cmov pat pse36 clflush dts acpi mmx fxsr sse sse2 ss ht tm pbe nx lm constant_tsc arch_perfmon pebs bts aperfmperf pni dtes64 monitor ds_cpl vmx est tm2 ssse3 cx16 xtpr pdcm lahf_lm dtherm tpr_shadow vnmi flexpriority
bogomips	: 5333.27
clflush size	: 64
cache_alignment	: 64
address sizes	: 36 bits physical, 48 bits virtual
power management:

processor	: 2
vendor_id	: GenuineIntel
cpu family	: 6
model		: 15
model name	: Intel(R) Core(TM)2 Quad CPU    Q6700  @ 2.66GHz
stepping	: 11
microcode	: 0xb6
cpu MHz		: 2660.000
cache size	: 4096 KB
physical id	: 0
siblings	: 4
core id		: 2
cpu cores	: 4
apicid		: 2
initial apicid	: 2
fdiv_bug	: no
f00f_bug	: no
coma_bug	: no
fpu		: yes
fpu_exception	: yes
cpuid level	: 10
wp		: yes
flags		: fpu vme de pse tsc msr pae mce cx8 apic sep mtrr pge mca cmov pat pse36 clflush dts acpi mmx fxsr sse sse2 ss ht tm pbe nx lm constant_tsc arch_perfmon pebs bts aperfmperf pni dtes64 monitor ds_cpl vmx est tm2 ssse3 cx16 xtpr pdcm lahf_lm dtherm tpr_shadow vnmi flexpriority
bogomips	: 5333.27
clflush size	: 64
cache_alignment	: 64
address sizes	: 36 bits physical, 48 bits virtual
power management:

processor	: 3
vendor_id	: GenuineIntel
cpu family	: 6
model		: 15
model name	: Intel(R) Core(TM)2 Quad CPU    Q6700  @ 2.66GHz
stepping	: 11
microcode	: 0xb6
cpu MHz		: 2660.000
cache size	: 4096 KB
physical id	: 0
siblings	: 4
core id		: 3
cpu cores	: 4
apicid		: 3
initial apicid	: 3
fdiv_bug	: no
f00f_bug	: no
coma_bug	: no
fpu		: yes
fpu_exception	: yes
cpuid level	: 10
wp		: yes
flags		: fpu vme de pse tsc msr pae mce cx8 apic sep mtrr pge mca cmov pat pse36 clflush dts acpi mmx fxsr sse sse2 ss ht tm pbe nx lm constant_tsc arch_perfmon pebs bts aperfmperf pni dtes64 monitor ds_cpl vmx est tm2 ssse3 cx16 xtpr pdcm lahf_lm dtherm tpr_shadow vnmi flexpriority
bogomips	: 5333.27
clflush size	: 64
cache_alignment	: 64
address sizes	: 36 bits physical, 48 bits virtual
power management:



Memory: 4k page, physical 2053004k(811828k free), swap 2083836k(1781032k free)

vm_info: OpenJDK Server VM (24.51-b03) for linux-x86 JRE (1.7.0_55-b14), built on May  6 2014 05:33:44 by "buildd" with gcc 4.8.2

time: Thu Jul  3 03:41:20 2014
elapsed time: 20391 seconds

