#
# A fatal error has been detected by the Java Runtime Environment:
#
#  SIGSEGV (0xb) at pc=0xb33e355d, pid=7574, tid=2251926336
#
# JRE version: OpenJDK Runtime Environment (7.0_55-b14) (build 1.7.0_55-b14)
# Java VM: OpenJDK Server VM (24.51-b03 mixed mode linux-x86 )
# Problematic frame:
# v  ~BufferBlob::jni_fast_GetLongField
#
# Failed to write core dump. Core dumps have been disabled. To enable core dumping, try "ulimit -c unlimited" before starting Java again
#
# If you would like to submit a bug report, please include
# instructions on how to reproduce the bug and visit:
#   http://icedtea.classpath.org/bugzilla
# The crash happened outside the Java Virtual Machine in native code.
# See problematic frame for where to report the bug.
#

---------------  T H R E A D  ---------------

Current thread (0x8796c800):  JavaThread "AWT-XAWT" daemon [_thread_in_native, id=7593, stack(0x8634a000,0x8639b000)]

siginfo:si_signo=SIGSEGV: si_errno=0, si_code=1 (SEGV_MAPERR), si_addr=0x00000000

Registers:
EAX=0x00000000, EBX=0x873fd000, ECX=0x00001910, EDX=0x00000000
ESP=0x86399e08, EBP=0x86399e58, ESI=0x00000042, EDI=0x8796c928
EIP=0xb33e355d, EFLAGS=0x00210246, CR2=0x00000000

Top of Stack: (sp=0x86399e08)
0x86399e08:   00000000 873c9853 8796c928 00000000
0x86399e18:   00000042 b69b5e1d 8796c830 a8841e10
0x86399e28:   a8841e20 8796c928 01000003 ffffffff
0x86399e38:   86399e58 873c9924 b70ec060 00010002
0x86399e48:   873c982f 871fd000 86275020 00000000
0x86399e58:   87247a98 87129e18 87247a98 00000000
0x86399e68:   00000000 00000000 86399e70 8b3402ac
0x86399e78:   87129db9 871fd000 8580ea48 01000003 

Instructions: (pc=0xb33e355d)
0xb33e353d:   00 00 00 56 8b 0d 24 6f 10 b7 f6 c1 01 0f 85 30
0xb33e354d:   00 00 00 8b c1 83 e0 01 8b 54 04 0c 8b 74 24 10
0xb33e355d:   8b 12 c1 ee 02 8b 04 32 8b 54 32 04 be 24 6f 10
0xb33e356d:   b7 33 f2 33 f0 33 f2 33 f0 3b 0e 0f 85 02 00 00 

Register to memory mapping:

EAX=0x00000000 is an unknown value
EBX=0x873fd000: <offset 0x52000> in /usr/lib/jvm/java-7-openjdk-i386/jre/lib/i386/xawt/libmawt.so at 0x873ab000
ECX=0x00001910 is an unknown value
EDX=0x00000000 is an unknown value
ESP=0x86399e08 is pointing into the stack for thread: 0x8796c800
EBP=0x86399e58 is pointing into the stack for thread: 0x8796c800
ESI=0x00000042 is an unknown value
EDI=0x8796c928 is an unknown value


Stack: [0x8634a000,0x8639b000],  sp=0x86399e08,  free space=319k
Native frames: (J=compiled Java code, j=interpreted, Vv=VM code, C=native code)
v  ~BufferBlob::jni_fast_GetLongField

Java frames: (J=compiled Java code, j=interpreted, Vv=VM code)
j  sun.awt.X11.XlibWrapper.XFilterEvent(JJ)Z+0
J  sun.awt.X11.XToolkit.run(Z)V
j  sun.awt.X11.XToolkit.run()V+5
j  java.lang.Thread.run()V+11
v  ~StubRoutines::call_stub

---------------  P R O C E S S  ---------------

Java Threads: ( => current thread )
  0x88e04000 JavaThread "SIGTERM handler" daemon [_thread_in_vm, id=24764, stack(0x859af000,0x85a00000)]
  0x85ab1800 JavaThread "clojure-agent-send-off-pool-7" [_thread_blocked, id=7607, stack(0x85780000,0x857d1000)]
  0x85ab1000 JavaThread "clojure-agent-send-off-pool-6" [_thread_blocked, id=7606, stack(0x85d5e000,0x85daf000)]
  0x85448c00 JavaThread "clojure-agent-send-off-pool-5" [_thread_blocked, id=7605, stack(0x85daf000,0x85e00000)]
  0x858a9400 JavaThread "clojure-agent-send-off-pool-4" [_thread_blocked, id=7604, stack(0x8595e000,0x859af000)]
  0x8ad4c400 JavaThread "clojure-agent-send-off-pool-2" [_thread_in_native, id=7602, stack(0x85d0d000,0x85d5e000)]
  0x87bfa000 JavaThread "clojure-agent-send-off-pool-1" [_thread_blocked, id=7600, stack(0x8555e000,0x855af000)]
  0x87610400 JavaThread "clojure-agent-send-off-pool-0" [_thread_blocked, id=7599, stack(0x855af000,0x85600000)]
=>0x8796c800 JavaThread "AWT-XAWT" daemon [_thread_in_native, id=7593, stack(0x8634a000,0x8639b000)]
  0x879f6800 JavaThread "Java2D Disposer" daemon [_thread_blocked, id=7592, stack(0x8639b000,0x863ec000)]
  0x88fa4400 JavaThread "Service Thread" daemon [_thread_blocked, id=7590, stack(0x8890b000,0x8895c000)]
  0x88fa2800 JavaThread "C2 CompilerThread1" daemon [_thread_blocked, id=7589, stack(0x8895c000,0x889dd000)]
  0x88fa0800 JavaThread "C2 CompilerThread0" daemon [_thread_blocked, id=7588, stack(0x889dd000,0x88a5e000)]
  0x88f9ec00 JavaThread "Signal Dispatcher" daemon [_thread_blocked, id=7587, stack(0x88a5e000,0x88aaf000)]
  0x88f8d000 JavaThread "Finalizer" daemon [_thread_blocked, id=7586, stack(0x88caf000,0x88d00000)]
  0x88f8b800 JavaThread "Reference Handler" daemon [_thread_blocked, id=7585, stack(0x8aa2e000,0x8aa7f000)]
  0xb640a800 JavaThread "main" [_thread_blocked, id=7579, stack(0xb652b000,0xb657c000)]

Other Threads:
  0x88f89000 VMThread [stack: 0x89050000,0x890d1000] [id=7584]
  0x88fa6400 WatcherThread [stack: 0x8888a000,0x8890b000] [id=7591]

VM state:not at safepoint (normal execution)

VM Mutex/Monitor currently owned by a thread:  ([mutex/lock_event])
[0xb6407930] SystemDictionary_lock - owner thread: 0x88e04000

Heap
 PSYoungGen      total 13312K, used 1886K [0xa8800000, 0xb22c0000, 0xb32c0000)
  eden space 13056K, 14% used [0xa8800000,0xa89cbbd8,0xa94c0000)
  from space 256K, 18% used [0xb2280000,0xb228c000,0xb22c0000)
  to   space 256K, 0% used [0xb2240000,0xb2240000,0xb2280000)
 ParOldGen       total 50176K, used 39653K [0x932c0000, 0x963c0000, 0xa8800000)
  object space 50176K, 79% used [0x932c0000,0x95979730,0x963c0000)
 PSPermGen       total 37888K, used 28559K [0x8b2c0000, 0x8d7c0000, 0x932c0000)
  object space 37888K, 75% used [0x8b2c0000,0x8cea3db0,0x8d7c0000)

Card table byte_map: [0x8b17f000,0x8b2c0000] byte_map_base: 0x8ad25a00

Polling page: 0xb770c000

Code Cache  [0xb339c000, 0xb3914000, 0xb639c000)
 total_blobs=2590 nmethods=2322 adapters=220 free_code_cache=43673Kb largest_free_block=44627456

Compilation events (10 events):
Event: 3735.427 Thread 0x88fa2800 2564             firebrick.core$v6_PLUS_::getRequiredArity (2 bytes)
Event: 3735.428 Thread 0x88fa2800 nmethod 2564 0xb35b1288 code [0xb35b1360, 0xb35b13b0]
Event: 3735.454 Thread 0x88fa0800 2565             firebrick.core$v6_PLUS_::doInvoke (50 bytes)
Event: 3735.454 Thread 0x88fa2800 2566             firebrick.core$v6_PLUS_$fn__13572::<init> (5 bytes)
Event: 3735.455 Thread 0x88fa2800 nmethod 2566 0xb382cf48 code [0xb382d020, 0xb382d070]
Event: 3735.462 Thread 0x88fa0800 nmethod 2565 0xb382c0c8 code [0xb382c260, 0xb382c5cc]
Event: 6868.804 Thread 0x88fa2800 2567 % !         sun.awt.X11.XToolkit::run @ 59 (410 bytes)
Event: 6868.845 Thread 0x88fa2800 nmethod 2567% 0xb3822fc8 code [0xb38235e0, 0xb3825040]
Event: 24209.445 Thread 0x88fa0800 2568 % !         sun.awt.X11.XToolkit::run @ 59 (410 bytes)
Event: 24210.904 Thread 0x88fa0800 nmethod 2568% 0xb381f308 code [0xb381f840, 0xb3820d4c]

GC Heap History (10 events):
Event: 49800.781 GC heap before
{Heap before GC invocations=2916 (full 2):
 PSYoungGen      total 12544K, used 12304K [0xa8800000, 0xb22c0000, 0xb32c0000)
  eden space 12288K, 100% used [0xa8800000,0xa9400000,0xa9400000)
  from space 256K, 6% used [0xb2240000,0xb2244000,0xb2280000)
  to   space 256K, 0% used [0xb2280000,0xb2280000,0xb22c0000)
 ParOldGen       total 50176K, used 39653K [0x932c0000, 0x963c0000, 0xa8800000)
  object space 50176K, 79% used [0x932c0000,0x95979730,0x963c0000)
 PSPermGen       total 37888K, used 28552K [0x8b2c0000, 0x8d7c0000, 0x932c0000)
  object space 37888K, 75% used [0x8b2c0000,0x8cea2100,0x8d7c0000)
Event: 49800.784 GC heap after
Heap after GC invocations=2916 (full 2):
 PSYoungGen      total 12544K, used 32K [0xa8800000, 0xb22c0000, 0xb32c0000)
  eden space 12288K, 0% used [0xa8800000,0xa8800000,0xa9400000)
  from space 256K, 12% used [0xb2280000,0xb2288000,0xb22c0000)
  to   space 256K, 0% used [0xb2240000,0xb2240000,0xb2280000)
 ParOldGen       total 50176K, used 39653K [0x932c0000, 0x963c0000, 0xa8800000)
  object space 50176K, 79% used [0x932c0000,0x95979730,0x963c0000)
 PSPermGen       total 37888K, used 28552K [0x8b2c0000, 0x8d7c0000, 0x932c0000)
  object space 37888K, 75% used [0x8b2c0000,0x8cea2100,0x8d7c0000)
}
Event: 49815.769 GC heap before
{Heap before GC invocations=2917 (full 2):
 PSYoungGen      total 12544K, used 12320K [0xa8800000, 0xb22c0000, 0xb32c0000)
  eden space 12288K, 100% used [0xa8800000,0xa9400000,0xa9400000)
  from space 256K, 12% used [0xb2280000,0xb2288000,0xb22c0000)
  to   space 256K, 0% used [0xb2240000,0xb2240000,0xb2280000)
 ParOldGen       total 50176K, used 39653K [0x932c0000, 0x963c0000, 0xa8800000)
  object space 50176K, 79% used [0x932c0000,0x95979730,0x963c0000)
 PSPermGen       total 37888K, used 28552K [0x8b2c0000, 0x8d7c0000, 0x932c0000)
  object space 37888K, 75% used [0x8b2c0000,0x8cea2100,0x8d7c0000)
Event: 49815.773 GC heap after
Heap after GC invocations=2917 (full 2):
 PSYoungGen      total 12544K, used 16K [0xa8800000, 0xb22c0000, 0xb32c0000)
  eden space 12288K, 0% used [0xa8800000,0xa8800000,0xa9400000)
  from space 256K, 6% used [0xb2240000,0xb2244000,0xb2280000)
  to   space 256K, 0% used [0xb2280000,0xb2280000,0xb22c0000)
 ParOldGen       total 50176K, used 39653K [0x932c0000, 0x963c0000, 0xa8800000)
  object space 50176K, 79% used [0x932c0000,0x95979730,0x963c0000)
 PSPermGen       total 37888K, used 28552K [0x8b2c0000, 0x8d7c0000, 0x932c0000)
  object space 37888K, 75% used [0x8b2c0000,0x8cea2100,0x8d7c0000)
}
Event: 49830.803 GC heap before
{Heap before GC invocations=2918 (full 2):
 PSYoungGen      total 12544K, used 12304K [0xa8800000, 0xb22c0000, 0xb32c0000)
  eden space 12288K, 100% used [0xa8800000,0xa9400000,0xa9400000)
  from space 256K, 6% used [0xb2240000,0xb2244000,0xb2280000)
  to   space 256K, 0% used [0xb2280000,0xb2280000,0xb22c0000)
 ParOldGen       total 50176K, used 39653K [0x932c0000, 0x963c0000, 0xa8800000)
  object space 50176K, 79% used [0x932c0000,0x95979730,0x963c0000)
 PSPermGen       total 37888K, used 28552K [0x8b2c0000, 0x8d7c0000, 0x932c0000)
  object space 37888K, 75% used [0x8b2c0000,0x8cea2100,0x8d7c0000)
Event: 49830.806 GC heap after
Heap after GC invocations=2918 (full 2):
 PSYoungGen      total 12544K, used 64K [0xa8800000, 0xb22c0000, 0xb32c0000)
  eden space 12288K, 0% used [0xa8800000,0xa8800000,0xa9400000)
  from space 256K, 25% used [0xb2280000,0xb2290000,0xb22c0000)
  to   space 256K, 0% used [0xb2240000,0xb2240000,0xb2280000)
 ParOldGen       total 50176K, used 39653K [0x932c0000, 0x963c0000, 0xa8800000)
  object space 50176K, 79% used [0x932c0000,0x95979730,0x963c0000)
 PSPermGen       total 37888K, used 28552K [0x8b2c0000, 0x8d7c0000, 0x932c0000)
  object space 37888K, 75% used [0x8b2c0000,0x8cea2100,0x8d7c0000)
}
Event: 49845.782 GC heap before
{Heap before GC invocations=2919 (full 2):
 PSYoungGen      total 12544K, used 12352K [0xa8800000, 0xb22c0000, 0xb32c0000)
  eden space 12288K, 100% used [0xa8800000,0xa9400000,0xa9400000)
  from space 256K, 25% used [0xb2280000,0xb2290000,0xb22c0000)
  to   space 256K, 0% used [0xb2240000,0xb2240000,0xb2280000)
 ParOldGen       total 50176K, used 39653K [0x932c0000, 0x963c0000, 0xa8800000)
  object space 50176K, 79% used [0x932c0000,0x95979730,0x963c0000)
 PSPermGen       total 37888K, used 28552K [0x8b2c0000, 0x8d7c0000, 0x932c0000)
  object space 37888K, 75% used [0x8b2c0000,0x8cea2100,0x8d7c0000)
Event: 49845.786 GC heap after
Heap after GC invocations=2919 (full 2):
 PSYoungGen      total 12544K, used 16K [0xa8800000, 0xb22c0000, 0xb32c0000)
  eden space 12288K, 0% used [0xa8800000,0xa8800000,0xa9400000)
  from space 256K, 6% used [0xb2240000,0xb2244000,0xb2280000)
  to   space 256K, 0% used [0xb2280000,0xb2280000,0xb22c0000)
 ParOldGen       total 50176K, used 39653K [0x932c0000, 0x963c0000, 0xa8800000)
  object space 50176K, 79% used [0x932c0000,0x95979730,0x963c0000)
 PSPermGen       total 37888K, used 28552K [0x8b2c0000, 0x8d7c0000, 0x932c0000)
  object space 37888K, 75% used [0x8b2c0000,0x8cea2100,0x8d7c0000)
}
Event: 49861.122 GC heap before
{Heap before GC invocations=2920 (full 2):
 PSYoungGen      total 12544K, used 12304K [0xa8800000, 0xb22c0000, 0xb32c0000)
  eden space 12288K, 100% used [0xa8800000,0xa9400000,0xa9400000)
  from space 256K, 6% used [0xb2240000,0xb2244000,0xb2280000)
  to   space 256K, 0% used [0xb2280000,0xb2280000,0xb22c0000)
 ParOldGen       total 50176K, used 39653K [0x932c0000, 0x963c0000, 0xa8800000)
  object space 50176K, 79% used [0x932c0000,0x95979730,0x963c0000)
 PSPermGen       total 37888K, used 28558K [0x8b2c0000, 0x8d7c0000, 0x932c0000)
  object space 37888K, 75% used [0x8b2c0000,0x8cea3958,0x8d7c0000)
Event: 49862.087 GC heap after
Heap after GC invocations=2920 (full 2):
 PSYoungGen      total 13312K, used 48K [0xa8800000, 0xb22c0000, 0xb32c0000)
  eden space 13056K, 0% used [0xa8800000,0xa8800000,0xa94c0000)
  from space 256K, 18% used [0xb2280000,0xb228c000,0xb22c0000)
  to   space 256K, 0% used [0xb2240000,0xb2240000,0xb2280000)
 ParOldGen       total 50176K, used 39653K [0x932c0000, 0x963c0000, 0xa8800000)
  object space 50176K, 79% used [0x932c0000,0x95979730,0x963c0000)
 PSPermGen       total 37888K, used 28558K [0x8b2c0000, 0x8d7c0000, 0x932c0000)
  object space 37888K, 75% used [0x8b2c0000,0x8cea3958,0x8d7c0000)
}

Deoptimization events (10 events):
Event: 3493.119 Thread 0x8727fc00 Uncommon trap: reason=unreached action=reinterpret pc=0xb381baf4 method=clojure.lang.Compiler$ObjExpr.compile(Ljava/lang/String;[Ljava/lang/String;Z)V @ 1009
Event: 3493.445 Thread 0x8727fc00 Uncommon trap: reason=class_check action=maybe_recompile pc=0xb34655b4 method=clojure.lang.RT.doubleCast(Ljava/lang/Object;)D @ 1
Event: 3493.446 Thread 0x8727fc00 Uncommon trap: reason=class_check action=maybe_recompile pc=0xb34655b4 method=clojure.lang.RT.doubleCast(Ljava/lang/Object;)D @ 1
Event: 3493.446 Thread 0x8727fc00 Uncommon trap: reason=class_check action=maybe_recompile pc=0xb34655b4 method=clojure.lang.RT.doubleCast(Ljava/lang/Object;)D @ 1
Event: 3493.446 Thread 0x8727fc00 Uncommon trap: reason=class_check action=maybe_recompile pc=0xb34655b4 method=clojure.lang.RT.doubleCast(Ljava/lang/Object;)D @ 1
Event: 3505.724 Thread 0x8727fc00 Uncommon trap: reason=class_check action=maybe_recompile pc=0xb35b2da0 method=firebrick.core$getx.invokePrim(Ljava/lang/Object;)D @ 3
Event: 3505.735 Thread 0x8727fc00 Uncommon trap: reason=class_check action=maybe_recompile pc=0xb38e024c method=firebrick.core$getx.invokePrim(Ljava/lang/Object;)D @ 3
Event: 3505.743 Thread 0x8727fc00 Uncommon trap: reason=class_check action=maybe_recompile pc=0xb35b2da0 method=firebrick.core$getx.invokePrim(Ljava/lang/Object;)D @ 3
Event: 3505.751 Thread 0x8727fc00 Uncommon trap: reason=class_check action=maybe_recompile pc=0xb35b13e8 method=firebrick.core$getx.invokePrim(Ljava/lang/Object;)D @ 3
Event: 23704.707 Thread 0x8796c800 Uncommon trap: reason=unreached action=reinterpret pc=0xb38243f0 method=sun.awt.X11.XToolkit.run(Z)V @ 200

Internal exceptions (10 events):
Event: 3734.859 Thread 0x8727fc00 Threw 0xaa59fd58 at /build/buildd/openjdk-7-7u55-2.4.7/build/openjdk/hotspot/src/share/vm/prims/jvm.cpp:1244
Event: 3734.859 Thread 0x8727fc00 Threw 0xaa5a53d0 at /build/buildd/openjdk-7-7u55-2.4.7/build/openjdk/hotspot/src/share/vm/prims/jvm.cpp:1244
Event: 3734.866 Thread 0x8727fc00 Threw 0xaa68e890 at /build/buildd/openjdk-7-7u55-2.4.7/build/openjdk/hotspot/src/share/vm/prims/jvm.cpp:1244
Event: 3734.866 Thread 0x8727fc00 Threw 0xaa693f08 at /build/buildd/openjdk-7-7u55-2.4.7/build/openjdk/hotspot/src/share/vm/prims/jvm.cpp:1244
Event: 3734.866 Thread 0x8727fc00 Threw 0xaa695090 at /build/buildd/openjdk-7-7u55-2.4.7/build/openjdk/hotspot/src/share/vm/prims/jvm.cpp:1244
Event: 3734.866 Thread 0x8727fc00 Threw 0xaa69a708 at /build/buildd/openjdk-7-7u55-2.4.7/build/openjdk/hotspot/src/share/vm/prims/jvm.cpp:1244
Event: 3735.215 Thread 0x8727fc00 Threw 0xa9ed5548 at /build/buildd/openjdk-7-7u55-2.4.7/build/openjdk/hotspot/src/share/vm/prims/jvm.cpp:1244
Event: 3735.215 Thread 0x8727fc00 Threw 0xa9edabc0 at /build/buildd/openjdk-7-7u55-2.4.7/build/openjdk/hotspot/src/share/vm/prims/jvm.cpp:1244
Event: 3735.303 Thread 0x8727fc00 Threw 0xaaeed130 at /build/buildd/openjdk-7-7u55-2.4.7/build/openjdk/hotspot/src/share/vm/prims/jvm.cpp:1244
Event: 3735.303 Thread 0x8727fc00 Threw 0xaaef27a8 at /build/buildd/openjdk-7-7u55-2.4.7/build/openjdk/hotspot/src/share/vm/prims/jvm.cpp:1244

Events (10 events):
Event: 49849.059 Executing VM operation: RevokeBias done
Event: 49851.451 loading class 0x88dbe050
Event: 49859.411 loading class 0x88dbe050 done
Event: 49861.085 Executing VM operation: ParallelGCFailedAllocation
Event: 49862.087 Executing VM operation: ParallelGCFailedAllocation done
Event: 49862.087 Executing VM operation: RevokeBias
Event: 49863.116 Executing VM operation: RevokeBias done
Event: 49863.116 Executing VM operation: RevokeBias
Event: 49864.120 Executing VM operation: RevokeBias done
Event: 49864.198 loading class 0x8ae65fb8


Dynamic libraries:
08048000-08049000 r-xp 00000000 08:01 28969603   /usr/lib/jvm/java-7-openjdk-i386/jre/bin/java
08049000-0804a000 r--p 00000000 08:01 28969603   /usr/lib/jvm/java-7-openjdk-i386/jre/bin/java
0804a000-0804b000 rw-p 00001000 08:01 28969603   /usr/lib/jvm/java-7-openjdk-i386/jre/bin/java
08782000-089f7000 rw-p 00000000 00:00 0          [heap]
84100000-842f8000 rw-p 00000000 00:00 0 
842f8000-84300000 ---p 00000000 00:00 0 
84300000-843cb000 rw-p 00000000 00:00 0 
843cb000-84400000 ---p 00000000 00:00 0 
84400000-844ff000 rw-p 00000000 00:00 0 
844ff000-84500000 ---p 00000000 00:00 0 
84500000-845fa000 rw-p 00000000 00:00 0 
845fa000-84600000 ---p 00000000 00:00 0 
84700000-84900000 rw-p 00000000 00:00 0 
84900000-84a00000 rw-p 00000000 00:00 0 
84a00000-84aff000 rw-p 00000000 00:00 0 
84aff000-84b00000 ---p 00000000 00:00 0 
84b00000-84bfa000 rw-p 00000000 00:00 0 
84bfa000-84c00000 ---p 00000000 00:00 0 
84c00000-84d00000 rw-p 00000000 00:00 0 
84d00000-84f00000 rw-p 00000000 00:00 0 
84f00000-84ffb000 rw-p 00000000 00:00 0 
84ffb000-85000000 ---p 00000000 00:00 0 
85100000-85400000 rw-s 00000000 00:04 3244040    /SYSV00000000 (deleted)
85400000-85500000 rw-p 00000000 00:00 0 
8555e000-85561000 ---p 00000000 00:00 0 
85561000-855af000 rw-p 00000000 00:00 0          [stack:7600]
855af000-855b2000 ---p 00000000 00:00 0 
855b2000-85600000 rw-p 00000000 00:00 0          [stack:7599]
85600000-856dd000 rw-p 00000000 00:00 0 
856dd000-85700000 ---p 00000000 00:00 0 
8572f000-85732000 ---p 00000000 00:00 0 
85732000-85780000 rw-p 00000000 00:00 0 
85780000-85783000 ---p 00000000 00:00 0 
85783000-857d1000 rw-p 00000000 00:00 0          [stack:7607]
857d1000-85800000 r--s 00000000 08:01 15204510   /var/cache/fontconfig/365b55f210c0a22e9a19e35191240f32-le32d4.cache-4
85800000-858fb000 rw-p 00000000 00:00 0 
858fb000-85900000 ---p 00000000 00:00 0 
85907000-8590c000 r--s 0004c000 08:01 28838170   /usr/lib/jvm/java-7-openjdk-i386/jre/lib/jsse.jar
8590c000-8595b000 r-xp 00000000 08:01 28969572   /usr/lib/jvm/java-7-openjdk-i386/jre/lib/i386/libfontmanager.so
8595b000-8595d000 r--p 0004e000 08:01 28969572   /usr/lib/jvm/java-7-openjdk-i386/jre/lib/i386/libfontmanager.so
8595d000-8595e000 rw-p 00050000 08:01 28969572   /usr/lib/jvm/java-7-openjdk-i386/jre/lib/i386/libfontmanager.so
8595e000-85961000 ---p 00000000 00:00 0 
85961000-859af000 rw-p 00000000 00:00 0          [stack:7604]
859af000-859b2000 ---p 00000000 00:00 0 
859b2000-85a00000 rw-p 00000000 00:00 0          [stack:24764]
85a00000-85afe000 rw-p 00000000 00:00 0 
85afe000-85b00000 ---p 00000000 00:00 0 
85b00000-85c00000 rw-p 00000000 00:00 0 
85c00000-85cee000 rw-p 00000000 00:00 0 
85cee000-85d00000 ---p 00000000 00:00 0 
85d03000-85d09000 r--s 00000000 08:01 15212892   /var/cache/fontconfig/a6d8cf8e4ec09cdbc8633c31745a07dd-le32d4.cache-4
85d09000-85d0d000 r--s 00000000 08:01 15204485   /var/cache/fontconfig/2cd17615ca594fa2959ae173292e504c-le32d4.cache-4
85d0d000-85d10000 ---p 00000000 00:00 0 
85d10000-85d5e000 rw-p 00000000 00:00 0          [stack:7602]
85d5e000-85d61000 ---p 00000000 00:00 0 
85d61000-85daf000 rw-p 00000000 00:00 0          [stack:7606]
85daf000-85db2000 ---p 00000000 00:00 0 
85db2000-85e00000 rw-p 00000000 00:00 0          [stack:7605]
85e00000-85efc000 rw-p 00000000 00:00 0 
85efc000-85f00000 ---p 00000000 00:00 0 
85f00000-85ff0000 rw-p 00000000 00:00 0 
85ff0000-86000000 ---p 00000000 00:00 0 
86000000-860ba000 rw-p 00000000 00:00 0 
860ba000-86100000 ---p 00000000 00:00 0 
86100000-861bb000 rw-p 00000000 00:00 0 
861bb000-86200000 ---p 00000000 00:00 0 
86200000-862fe000 rw-p 00000000 00:00 0 
862fe000-86300000 ---p 00000000 00:00 0 
86300000-86302000 r--s 00000000 08:01 15212908   /var/cache/fontconfig/99e8ed0e538f840c565b6ed5dad60d56-le32d4.cache-4
86302000-86303000 r--s 00000000 08:01 15204515   /var/cache/fontconfig/e7071f4a29fa870f4323321c154eba04-le32d4.cache-4
86303000-86304000 r--s 00000000 08:01 15204482   /var/cache/fontconfig/0d8c3b2ac0904cb8a57a757ad11a4a08-le32d4.cache-4
86304000-86309000 r--s 00000000 08:01 15204502   /var/cache/fontconfig/a755afe4a08bf5b97852ceb7400b47bc-le32d4.cache-4
86309000-8630c000 r--s 00000000 08:01 15213073   /var/cache/fontconfig/6d41288fd70b0be22e8c3a91e032eec0-le32d4.cache-4
8630c000-8631b000 r--s 00000000 08:01 15204480   /var/cache/fontconfig/04aabc0a78ac019cf9454389977116d2-le32d4.cache-4
8631b000-8631c000 r--s 00000000 08:01 15204484   /var/cache/fontconfig/1ac9eb803944fde146138c791f5cc56a-le32d4.cache-4
8631c000-8631f000 r--s 00000000 08:01 15204488   /var/cache/fontconfig/385c0604a188198f04d133e54aba7fe7-le32d4.cache-4
8631f000-86320000 r--s 00000000 08:01 15204512   /var/cache/fontconfig/dc05db6664285cc2f12bf69c139ae4c3-le32d4.cache-4
86320000-86322000 r--s 00000000 08:01 15204496   /var/cache/fontconfig/767a8244fc0220cfb567a839d0392e0b-le32d4.cache-4
86322000-86323000 r--s 00000000 08:01 15204490   /var/cache/fontconfig/4794a0821666d79190d59a36cb4f44b5-le32d4.cache-4
86323000-86327000 r--s 00000000 08:01 15204498   /var/cache/fontconfig/8801497958630a81b71ace7c5f9b32a8-le32d4.cache-4
86327000-8632c000 r--s 00000000 08:01 15204486   /var/cache/fontconfig/3047814df9a2f067bd2d96a2b9c36e5a-le32d4.cache-4
8632c000-86333000 r--s 00000000 08:01 15212889   /var/cache/fontconfig/52f7bdb7ce746bfd7eaa1985bd9cfa93-le32d4.cache-4
86333000-86343000 r--s 00000000 08:01 15204509   /var/cache/fontconfig/d52a8644073d54c13679302ca1180695-le32d4.cache-4
86343000-8634a000 r--s 00000000 08:01 15204489   /var/cache/fontconfig/3f7329c5293ffd510edef78f73874cfd-le32d4.cache-4
8634a000-8634d000 ---p 00000000 00:00 0 
8634d000-8639b000 rw-p 00000000 00:00 0          [stack:7593]
8639b000-8639e000 ---p 00000000 00:00 0 
8639e000-863ec000 rw-p 00000000 00:00 0          [stack:7592]
863ec000-863ef000 r-xp 00000000 08:01 20710397   /lib/i386-linux-gnu/libgpg-error.so.0.10.0
863ef000-863f0000 r--p 00002000 08:01 20710397   /lib/i386-linux-gnu/libgpg-error.so.0.10.0
863f0000-863f1000 rw-p 00003000 08:01 20710397   /lib/i386-linux-gnu/libgpg-error.so.0.10.0
863f1000-863f3000 r-xp 00000000 08:01 20710407   /lib/i386-linux-gnu/libkeyutils.so.1.4
863f3000-863f4000 r--p 00002000 08:01 20710407   /lib/i386-linux-gnu/libkeyutils.so.1.4
863f4000-863f5000 rw-p 00003000 08:01 20710407   /lib/i386-linux-gnu/libkeyutils.so.1.4
863f5000-8640f000 r-xp 00000000 08:01 28055150   /usr/lib/i386-linux-gnu/libgraphite2.so.3.0.1
8640f000-86410000 r--p 00019000 08:01 28055150   /usr/lib/i386-linux-gnu/libgraphite2.so.3.0.1
86410000-86411000 rw-p 0001a000 08:01 28055150   /usr/lib/i386-linux-gnu/libgraphite2.so.3.0.1
86411000-8645a000 r-xp 00000000 08:01 20710378   /lib/i386-linux-gnu/libdbus-1.so.3.7.6
8645a000-8645b000 r--p 00048000 08:01 20710378   /lib/i386-linux-gnu/libdbus-1.so.3.7.6
8645b000-8645c000 rw-p 00049000 08:01 20710378   /lib/i386-linux-gnu/libdbus-1.so.3.7.6
8645c000-86493000 r-xp 00000000 08:01 28055448   /usr/lib/i386-linux-gnu/libp11-kit.so.0.0.0
86493000-86494000 ---p 00037000 08:01 28055448   /usr/lib/i386-linux-gnu/libp11-kit.so.0.0.0
86494000-86497000 r--p 00037000 08:01 28055448   /usr/lib/i386-linux-gnu/libp11-kit.so.0.0.0
86497000-86498000 rw-p 0003a000 08:01 28055448   /usr/lib/i386-linux-gnu/libp11-kit.so.0.0.0
86498000-864aa000 r-xp 00000000 08:01 28055631   /usr/lib/i386-linux-gnu/libtasn1.so.6.2.0
864aa000-864ab000 r--p 00011000 08:01 28055631   /usr/lib/i386-linux-gnu/libtasn1.so.6.2.0
864ab000-864ac000 rw-p 00012000 08:01 28055631   /usr/lib/i386-linux-gnu/libtasn1.so.6.2.0
864ac000-8652e000 r-xp 00000000 08:01 20710393   /lib/i386-linux-gnu/libgcrypt.so.11.8.2
8652e000-8652f000 r--p 00081000 08:01 20710393   /lib/i386-linux-gnu/libgcrypt.so.11.8.2
8652f000-86531000 rw-p 00082000 08:01 20710393   /lib/i386-linux-gnu/libgcrypt.so.11.8.2
86531000-86532000 rw-p 00000000 00:00 0 
86532000-8653c000 r-xp 00000000 08:01 28055331   /usr/lib/i386-linux-gnu/libkrb5support.so.0.1
8653c000-8653d000 r--p 00009000 08:01 28055331   /usr/lib/i386-linux-gnu/libkrb5support.so.0.1
8653d000-8653e000 rw-p 0000a000 08:01 28055331   /usr/lib/i386-linux-gnu/libkrb5support.so.0.1
8653e000-86541000 r-xp 00000000 08:01 20710373   /lib/i386-linux-gnu/libcom_err.so.2.1
86541000-86542000 r--p 00002000 08:01 20710373   /lib/i386-linux-gnu/libcom_err.so.2.1
86542000-86543000 rw-p 00003000 08:01 20710373   /lib/i386-linux-gnu/libcom_err.so.2.1
86543000-86571000 r-xp 00000000 08:01 28055325   /usr/lib/i386-linux-gnu/libk5crypto.so.3.1
86571000-86572000 r--p 0002d000 08:01 28055325   /usr/lib/i386-linux-gnu/libk5crypto.so.3.1
86572000-86573000 rw-p 0002e000 08:01 28055325   /usr/lib/i386-linux-gnu/libk5crypto.so.3.1
86573000-8662a000 r-xp 00000000 08:01 28055329   /usr/lib/i386-linux-gnu/libkrb5.so.3.3
8662a000-86630000 r--p 000b7000 08:01 28055329   /usr/lib/i386-linux-gnu/libkrb5.so.3.3
86630000-86631000 rw-p 000bd000 08:01 28055329   /usr/lib/i386-linux-gnu/libkrb5.so.3.3
86631000-86638000 r-xp 00000000 08:01 28054924   /usr/lib/i386-linux-gnu/libdatrie.so.1.3.1
86638000-86639000 r--p 00006000 08:01 28054924   /usr/lib/i386-linux-gnu/libdatrie.so.1.3.1
86639000-8663a000 rw-p 00007000 08:01 28054924   /usr/lib/i386-linux-gnu/libdatrie.so.1.3.1
8663a000-8668e000 r-xp 00000000 08:01 28055263   /usr/lib/i386-linux-gnu/libharfbuzz.so.0.927.0
8668e000-8668f000 r--p 00054000 08:01 28055263   /usr/lib/i386-linux-gnu/libharfbuzz.so.0.927.0
8668f000-86690000 rw-p 00055000 08:01 28055263   /usr/lib/i386-linux-gnu/libharfbuzz.so.0.927.0
86690000-86698000 r-xp 00000000 08:01 28055771   /usr/lib/i386-linux-gnu/libxcb-render.so.0.0.0
86698000-86699000 r--p 00008000 08:01 28055771   /usr/lib/i386-linux-gnu/libxcb-render.so.0.0.0
86699000-8669a000 rw-p 00009000 08:01 28055771   /usr/lib/i386-linux-gnu/libxcb-render.so.0.0.0
8669a000-8669c000 r-xp 00000000 08:01 28055775   /usr/lib/i386-linux-gnu/libxcb-shm.so.0.0.0
8669c000-8669d000 r--p 00001000 08:01 28055775   /usr/lib/i386-linux-gnu/libxcb-shm.so.0.0.0
8669d000-8669e000 rw-p 00002000 08:01 28055775   /usr/lib/i386-linux-gnu/libxcb-shm.so.0.0.0
8669e000-866c4000 r-xp 00000000 08:01 20710479   /lib/i386-linux-gnu/libpng12.so.0.50.0
866c4000-866c5000 r--p 00025000 08:01 20710479   /lib/i386-linux-gnu/libpng12.so.0.50.0
866c5000-866c6000 rw-p 00026000 08:01 20710479   /lib/i386-linux-gnu/libpng12.so.0.50.0
866c6000-8676a000 r-xp 00000000 08:01 28055479   /usr/lib/i386-linux-gnu/libpixman-1.so.0.30.2
8676a000-8676f000 r--p 000a4000 08:01 28055479   /usr/lib/i386-linux-gnu/libpixman-1.so.0.30.2
8676f000-86770000 rw-p 000a9000 08:01 28055479   /usr/lib/i386-linux-gnu/libpixman-1.so.0.30.2
86770000-86775000 r-xp 00000000 08:01 28054732   /usr/lib/i386-linux-gnu/libXdmcp.so.6.0.0
86775000-86776000 r--p 00004000 08:01 28054732   /usr/lib/i386-linux-gnu/libXdmcp.so.6.0.0
86776000-86777000 rw-p 00005000 08:01 28054732   /usr/lib/i386-linux-gnu/libXdmcp.so.6.0.0
86777000-86779000 r-xp 00000000 08:01 28054721   /usr/lib/i386-linux-gnu/libXau.so.6.0.0
86779000-8677a000 r--p 00001000 08:01 28054721   /usr/lib/i386-linux-gnu/libXau.so.6.0.0
8677a000-8677b000 rw-p 00002000 08:01 28054721   /usr/lib/i386-linux-gnu/libXau.so.6.0.0
8677b000-8678b000 r-xp 00000000 08:01 28054825   /usr/lib/i386-linux-gnu/libavahi-client.so.3.2.9
8678b000-8678c000 r--p 0000f000 08:01 28054825   /usr/lib/i386-linux-gnu/libavahi-client.so.3.2.9
8678c000-8678d000 rw-p 00010000 08:01 28054825   /usr/lib/i386-linux-gnu/libavahi-client.so.3.2.9
8678d000-86799000 r-xp 00000000 08:01 28054827   /usr/lib/i386-linux-gnu/libavahi-common.so.3.5.3
86799000-8679a000 r--p 0000b000 08:01 28054827   /usr/lib/i386-linux-gnu/libavahi-common.so.3.5.3
8679a000-8679b000 rw-p 0000c000 08:01 28054827   /usr/lib/i386-linux-gnu/libavahi-common.so.3.5.3
8679b000-8685c000 r-xp 00000000 08:01 28055125   /usr/lib/i386-linux-gnu/libgnutls.so.26.22.6
8685c000-86860000 r--p 000c0000 08:01 28055125   /usr/lib/i386-linux-gnu/libgnutls.so.26.22.6
86860000-86861000 rw-p 000c4000 08:01 28055125   /usr/lib/i386-linux-gnu/libgnutls.so.26.22.6
86861000-868a4000 r-xp 00000000 08:01 28055159   /usr/lib/i386-linux-gnu/libgssapi_krb5.so.2.2
868a4000-868a5000 r--p 00042000 08:01 28055159   /usr/lib/i386-linux-gnu/libgssapi_krb5.so.2.2
868a5000-868a6000 rw-p 00043000 08:01 28055159   /usr/lib/i386-linux-gnu/libgssapi_krb5.so.2.2
868a6000-868cb000 r-xp 00000000 08:01 20710386   /lib/i386-linux-gnu/libexpat.so.1.6.0
868cb000-868cc000 ---p 00025000 08:01 20710386   /lib/i386-linux-gnu/libexpat.so.1.6.0
868cc000-868ce000 r--p 00025000 08:01 20710386   /lib/i386-linux-gnu/libexpat.so.1.6.0
868ce000-868cf000 rw-p 00027000 08:01 20710386   /lib/i386-linux-gnu/libexpat.so.1.6.0
868cf000-8697f000 r-xp 00000000 08:01 28049640   /usr/lib/i386-linux-gnu/libfreetype.so.6.11.1
8697f000-86983000 r--p 000af000 08:01 28049640   /usr/lib/i386-linux-gnu/libfreetype.so.6.11.1
86983000-86986000 rw-p 000b3000 08:01 28049640   /usr/lib/i386-linux-gnu/libfreetype.so.6.11.1
86986000-8698e000 r-xp 00000000 08:01 28055647   /usr/lib/i386-linux-gnu/libthai.so.0.2.0
8698e000-8698f000 r--p 00007000 08:01 28055647   /usr/lib/i386-linux-gnu/libthai.so.0.2.0
8698f000-86990000 rw-p 00008000 08:01 28055647   /usr/lib/i386-linux-gnu/libthai.so.0.2.0
86990000-86992000 r-xp 00000000 08:01 28054730   /usr/lib/i386-linux-gnu/libXdamage.so.1.1.0
86992000-86993000 r--p 00001000 08:01 28054730   /usr/lib/i386-linux-gnu/libXdamage.so.1.1.0
86993000-86994000 rw-p 00002000 08:01 28054730   /usr/lib/i386-linux-gnu/libXdamage.so.1.1.0
86994000-86996000 r-xp 00000000 08:01 28054726   /usr/lib/i386-linux-gnu/libXcomposite.so.1.0.0
86996000-86997000 r--p 00001000 08:01 28054726   /usr/lib/i386-linux-gnu/libXcomposite.so.1.0.0
86997000-86998000 rw-p 00002000 08:01 28054726   /usr/lib/i386-linux-gnu/libXcomposite.so.1.0.0
86998000-869a1000 r-xp 00000000 08:01 28054728   /usr/lib/i386-linux-gnu/libXcursor.so.1.0.2
869a1000-869a2000 r--p 00008000 08:01 28054728   /usr/lib/i386-linux-gnu/libXcursor.so.1.0.2
869a2000-869a3000 rw-p 00009000 08:01 28054728   /usr/lib/i386-linux-gnu/libXcursor.so.1.0.2
869a3000-869ac000 r-xp 00000000 08:01 28054754   /usr/lib/i386-linux-gnu/libXrandr.so.2.2.0
869ac000-869ad000 r--p 00008000 08:01 28054754   /usr/lib/i386-linux-gnu/libXrandr.so.2.2.0
869ad000-869ae000 rw-p 00009000 08:01 28054754   /usr/lib/i386-linux-gnu/libXrandr.so.2.2.0
869ae000-869b0000 r-xp 00000000 08:01 28054744   /usr/lib/i386-linux-gnu/libXinerama.so.1.0.0
869b0000-869b1000 r--p 00001000 08:01 28054744   /usr/lib/i386-linux-gnu/libXinerama.so.1.0.0
869b1000-869b2000 rw-p 00002000 08:01 28054744   /usr/lib/i386-linux-gnu/libXinerama.so.1.0.0
869b2000-869c6000 r-xp 00000000 08:01 28055460   /usr/lib/i386-linux-gnu/libpangoft2-1.0.so.0.3600.3
869c6000-869c7000 r--p 00013000 08:01 28055460   /usr/lib/i386-linux-gnu/libpangoft2-1.0.so.0.3600.3
869c7000-869c8000 rw-p 00014000 08:01 28055460   /usr/lib/i386-linux-gnu/libpangoft2-1.0.so.0.3600.3
869c8000-86ae7000 r-xp 00000000 08:01 28054852   /usr/lib/i386-linux-gnu/libcairo.so.2.11301.0
86ae7000-86ae9000 r--p 0011e000 08:01 28054852   /usr/lib/i386-linux-gnu/libcairo.so.2.11301.0
86ae9000-86aea000 rw-p 00120000 08:01 28054852   /usr/lib/i386-linux-gnu/libcairo.so.2.11301.0
86aea000-86aeb000 rw-p 00000000 00:00 0 
86aeb000-86b09000 r-xp 00000000 08:01 28054813   /usr/lib/i386-linux-gnu/libatk-1.0.so.0.21009.1
86b09000-86b0b000 r--p 0001d000 08:01 28054813   /usr/lib/i386-linux-gnu/libatk-1.0.so.0.21009.1
86b0b000-86b0c000 rw-p 0001f000 08:01 28054813   /usr/lib/i386-linux-gnu/libatk-1.0.so.0.21009.1
86b0c000-86b10000 r-xp 00000000 08:01 28054736   /usr/lib/i386-linux-gnu/libXfixes.so.3.1.0
86b10000-86b11000 r--p 00003000 08:01 28054736   /usr/lib/i386-linux-gnu/libXfixes.so.3.1.0
86b11000-86b12000 rw-p 00004000 08:01 28054736   /usr/lib/i386-linux-gnu/libXfixes.so.3.1.0
86b12000-86b1d000 r-xp 00000000 08:01 28055458   /usr/lib/i386-linux-gnu/libpangocairo-1.0.so.0.3600.3
86b1d000-86b1e000 r--p 0000a000 08:01 28055458   /usr/lib/i386-linux-gnu/libpangocairo-1.0.so.0.3600.3
86b1e000-86b1f000 rw-p 0000b000 08:01 28055458   /usr/lib/i386-linux-gnu/libpangocairo-1.0.so.0.3600.3
86b1f000-86b3f000 r-xp 00000000 08:01 28055785   /usr/lib/i386-linux-gnu/libxcb.so.1.1.0
86b3f000-86b40000 r--p 0001f000 08:01 28055785   /usr/lib/i386-linux-gnu/libxcb.so.1.1.0
86b40000-86b41000 rw-p 00020000 08:01 28055785   /usr/lib/i386-linux-gnu/libxcb.so.1.1.0
86b41000-86ba8000 r-xp 00000000 08:01 28054910   /usr/lib/i386-linux-gnu/libcups.so.2
86ba8000-86ba9000 ---p 00067000 08:01 28054910   /usr/lib/i386-linux-gnu/libcups.so.2
86ba9000-86bad000 r--p 00067000 08:01 28054910   /usr/lib/i386-linux-gnu/libcups.so.2
86bad000-86bae000 rw-p 0006b000 08:01 28054910   /usr/lib/i386-linux-gnu/libcups.so.2
86bae000-86c59000 r-xp 00000000 08:01 28057141   /usr/lib/i386-linux-gnu/libgdk-x11-2.0.so.0.2400.23
86c59000-86c5a000 ---p 000ab000 08:01 28057141   /usr/lib/i386-linux-gnu/libgdk-x11-2.0.so.0.2400.23
86c5a000-86c5c000 r--p 000ab000 08:01 28057141   /usr/lib/i386-linux-gnu/libgdk-x11-2.0.so.0.2400.23
86c5c000-86c5d000 rw-p 000ad000 08:01 28057141   /usr/lib/i386-linux-gnu/libgdk-x11-2.0.so.0.2400.23
86c5d000-870c4000 r-xp 00000000 08:01 28059254   /usr/lib/i386-linux-gnu/libgtk-x11-2.0.so.0.2400.23
870c4000-870c8000 r--p 00466000 08:01 28059254   /usr/lib/i386-linux-gnu/libgtk-x11-2.0.so.0.2400.23
870c8000-870ca000 rw-p 0046a000 08:01 28059254   /usr/lib/i386-linux-gnu/libgtk-x11-2.0.so.0.2400.23
870ca000-870cc000 rw-p 00000000 00:00 0 
870cc000-871fc000 r-xp 00000000 08:01 28054717   /usr/lib/i386-linux-gnu/libX11.so.6.3.0
871fc000-871fd000 r--p 00130000 08:01 28054717   /usr/lib/i386-linux-gnu/libX11.so.6.3.0
871fd000-871ff000 rw-p 00131000 08:01 28054717   /usr/lib/i386-linux-gnu/libX11.so.6.3.0
871ff000-87200000 rw-p 00000000 00:00 0 
87200000-87300000 rw-p 00000000 00:00 0 
87300000-87339000 r-xp 00000000 08:01 28055013   /usr/lib/i386-linux-gnu/libfontconfig.so.1.8.0
87339000-8733a000 r--p 00039000 08:01 28055013   /usr/lib/i386-linux-gnu/libfontconfig.so.1.8.0
8733a000-8733b000 rw-p 0003a000 08:01 28055013   /usr/lib/i386-linux-gnu/libfontconfig.so.1.8.0
8733b000-87385000 r-xp 00000000 08:01 28055456   /usr/lib/i386-linux-gnu/libpango-1.0.so.0.3600.3
87385000-87386000 ---p 0004a000 08:01 28055456   /usr/lib/i386-linux-gnu/libpango-1.0.so.0.3600.3
87386000-87387000 r--p 0004a000 08:01 28055456   /usr/lib/i386-linux-gnu/libpango-1.0.so.0.3600.3
87387000-87388000 rw-p 0004b000 08:01 28055456   /usr/lib/i386-linux-gnu/libpango-1.0.so.0.3600.3
87388000-873a9000 r-xp 00000000 08:01 28055078   /usr/lib/i386-linux-gnu/libgdk_pixbuf-2.0.so.0.3000.7
873a9000-873aa000 r--p 00020000 08:01 28055078   /usr/lib/i386-linux-gnu/libgdk_pixbuf-2.0.so.0.3000.7
873aa000-873ab000 rw-p 00021000 08:01 28055078   /usr/lib/i386-linux-gnu/libgdk_pixbuf-2.0.so.0.3000.7
873ab000-873fc000 r-xp 00000000 08:01 28968718   /usr/lib/jvm/java-7-openjdk-i386/jre/lib/i386/xawt/libmawt.so
873fc000-873fd000 r--p 00050000 08:01 28968718   /usr/lib/jvm/java-7-openjdk-i386/jre/lib/i386/xawt/libmawt.so
873fd000-873ff000 rw-p 00051000 08:01 28968718   /usr/lib/jvm/java-7-openjdk-i386/jre/lib/i386/xawt/libmawt.so
873ff000-87400000 rw-p 00000000 00:00 0 
87400000-874fb000 rw-p 00000000 00:00 0 
874fb000-87500000 ---p 00000000 00:00 0 
87500000-875fd000 rw-p 00000000 00:00 0 
875fd000-87600000 ---p 00000000 00:00 0 
87600000-87669000 rw-p 00000000 00:00 0 
87669000-87700000 ---p 00000000 00:00 0 
87700000-8770f000 r-xp 00000000 08:01 28054742   /usr/lib/i386-linux-gnu/libXi.so.6.1.0
8770f000-87710000 r--p 0000e000 08:01 28054742   /usr/lib/i386-linux-gnu/libXi.so.6.1.0
87710000-87711000 rw-p 0000f000 08:01 28054742   /usr/lib/i386-linux-gnu/libXi.so.6.1.0
87711000-87716000 r-xp 00000000 08:01 28054762   /usr/lib/i386-linux-gnu/libXtst.so.6.1.0
87716000-87717000 r--p 00004000 08:01 28054762   /usr/lib/i386-linux-gnu/libXtst.so.6.1.0
87717000-87718000 rw-p 00005000 08:01 28054762   /usr/lib/i386-linux-gnu/libXtst.so.6.1.0
87718000-87729000 r-xp 00000000 08:01 28054734   /usr/lib/i386-linux-gnu/libXext.so.6.4.0
87729000-8772a000 r--p 00010000 08:01 28054734   /usr/lib/i386-linux-gnu/libXext.so.6.4.0
8772a000-8772b000 rw-p 00011000 08:01 28054734   /usr/lib/i386-linux-gnu/libXext.so.6.4.0
8772b000-8772c000 r--s 00000000 08:01 15204492   /var/cache/fontconfig/56cf4f4769d0f4abc89a4895d7bd3ae1-le32d4.cache-4
8772c000-87730000 r--s 00000000 08:01 15204503   /var/cache/fontconfig/b47c4e1ecd0709278f4910c18777a504-le32d4.cache-4
87730000-87739000 r--s 00000000 08:01 15213261   /var/cache/fontconfig/d589a48862398ed80a3d6066f4f56f4c-le32d4.cache-4
87739000-8773c000 r--s 00000000 08:01 15213072   /var/cache/fontconfig/7ef2298fde41cc6eeb7af42e48b7d293-le32d4.cache-4
8773c000-87745000 r--s 000b9000 08:01 28838178   /usr/lib/jvm/java-7-openjdk-i386/jre/lib/resources.jar
87745000-877d4000 r-xp 00000000 08:01 28969574   /usr/lib/jvm/java-7-openjdk-i386/jre/lib/i386/libawt.so
877d4000-877d5000 r--p 0008e000 08:01 28969574   /usr/lib/jvm/java-7-openjdk-i386/jre/lib/i386/libawt.so
877d5000-877dc000 rw-p 0008f000 08:01 28969574   /usr/lib/jvm/java-7-openjdk-i386/jre/lib/i386/libawt.so
877dc000-87800000 rw-p 00000000 00:00 0 
87800000-878fe000 rw-p 00000000 00:00 0 
878fe000-87900000 ---p 00000000 00:00 0 
87900000-879ff000 rw-p 00000000 00:00 0 
879ff000-87a00000 ---p 00000000 00:00 0 
87a00000-87ae0000 rw-p 00000000 00:00 0 
87ae0000-87b00000 ---p 00000000 00:00 0 
87b00000-87bfb000 rw-p 00000000 00:00 0 
87bfb000-87c00000 ---p 00000000 00:00 0 
87c00000-87cff000 rw-p 00000000 00:00 0 
87cff000-87d00000 ---p 00000000 00:00 0 
87d00000-87dfb000 rw-p 00000000 00:00 0 
87dfb000-87e00000 ---p 00000000 00:00 0 
87e00000-87fda000 rw-p 00000000 00:00 0 
87fda000-88000000 ---p 00000000 00:00 0 
88000000-88100000 rw-p 00000000 00:00 0 
88100000-88101000 r--s 00000000 08:01 15204504   /var/cache/fontconfig/b9d506c9ac06c20b433354fa67a72993-le32d4.cache-4
88101000-88102000 r--s 00000000 08:01 15204481   /var/cache/fontconfig/0c9eb80ebd1c36541ebe2852d3bb0c49-le32d4.cache-4
88102000-88103000 r-xp 00000000 08:01 28055239   /usr/lib/i386-linux-gnu/libgthread-2.0.so.0.4000.0
88103000-88104000 r--p 00000000 08:01 28055239   /usr/lib/i386-linux-gnu/libgthread-2.0.so.0.4000.0
88104000-88105000 rw-p 00001000 08:01 28055239   /usr/lib/i386-linux-gnu/libgthread-2.0.so.0.4000.0
88105000-8810e000 r-xp 00000000 08:01 28054756   /usr/lib/i386-linux-gnu/libXrender.so.1.3.0
8810e000-8810f000 r--p 00008000 08:01 28054756   /usr/lib/i386-linux-gnu/libXrender.so.1.3.0
8810f000-88110000 rw-p 00009000 08:01 28054756   /usr/lib/i386-linux-gnu/libXrender.so.1.3.0
88110000-88112000 r--s 00024000 08:01 2368832    /home/stas/.m2/repository/org/clojure/clojurescript/0.0-2202/clojurescript-0.0-2202.jar
88112000-8813c000 r--s 001e9000 08:01 2368837    /home/stas/.m2/repository/com/google/guava/guava/15.0/guava-15.0.jar
8813c000-8813e000 r--s 0000b000 08:01 2490897    /home/stas/.m2/repository/org/apache/maven/wagon/wagon-provider-api/2.2/wagon-provider-api-2.2.jar
8813e000-88144000 r--s 0002c000 08:01 2490876    /home/stas/.m2/repository/org/sonatype/sisu/sisu-inject-plexus/2.2.3/sisu-inject-plexus-2.2.3.jar
88144000-88165000 r--s 0015a000 08:01 2490999    /home/stas/.m2/repository/bouncycastle/bcprov-jdk14/138/bcprov-jdk14-138.jar
88165000-88198000 r--s 00338000 08:01 2368833    /home/stas/.m2/repository/com/google/javascript/closure-compiler/v20131014/closure-compiler-v20131014.jar
88198000-88199000 r--s 00003000 08:01 2490867    /home/stas/.m2/repository/org/sonatype/aether/aether-spi/1.13.1/aether-spi-1.13.1.jar
88199000-8819b000 r--s 0000a000 08:01 2368841    /home/stas/.m2/repository/org/json/json/20090211/json-20090211.jar
8819b000-8819d000 r--s 00026000 08:01 2490884    /home/stas/.m2/repository/org/apache/maven/maven-model/3.0.4/maven-model-3.0.4.jar
8819d000-881c0000 r--s 0049d000 08:01 2491016    /home/stas/.m2/repository/quil/jogl-all-fat/2.1.5/jogl-all-fat-2.1.5.jar
881c0000-881fc000 r-xp 00000000 08:01 20710467   /lib/i386-linux-gnu/libpcre.so.3.13.1
881fc000-881fd000 r--p 0003b000 08:01 20710467   /lib/i386-linux-gnu/libpcre.so.3.13.1
881fd000-881fe000 rw-p 0003c000 08:01 20710467   /lib/i386-linux-gnu/libpcre.so.3.13.1
881fe000-8821e000 r-xp 00000000 08:01 20709471   /lib/i386-linux-gnu/libselinux.so.1
8821e000-8821f000 r--p 0001f000 08:01 20709471   /lib/i386-linux-gnu/libselinux.so.1
8821f000-88220000 rw-p 00020000 08:01 20709471   /lib/i386-linux-gnu/libselinux.so.1
88220000-88221000 rw-p 00000000 00:00 0 
88221000-8832b000 r-xp 00000000 08:01 20710395   /lib/i386-linux-gnu/libglib-2.0.so.0.4000.0
8832b000-8832c000 r--p 00109000 08:01 20710395   /lib/i386-linux-gnu/libglib-2.0.so.0.4000.0
8832c000-8832d000 rw-p 0010a000 08:01 20710395   /lib/i386-linux-gnu/libglib-2.0.so.0.4000.0
8832d000-8837d000 r-xp 00000000 08:01 28055132   /usr/lib/i386-linux-gnu/libgobject-2.0.so.0.4000.0
8837d000-8837e000 r--p 0004f000 08:01 28055132   /usr/lib/i386-linux-gnu/libgobject-2.0.so.0.4000.0
8837e000-8837f000 rw-p 00050000 08:01 28055132   /usr/lib/i386-linux-gnu/libgobject-2.0.so.0.4000.0
8837f000-884fc000 r-xp 00000000 08:01 28055102   /usr/lib/i386-linux-gnu/libgio-2.0.so.0.4000.0
884fc000-884fe000 r--p 0017c000 08:01 28055102   /usr/lib/i386-linux-gnu/libgio-2.0.so.0.4000.0
884fe000-884ff000 rw-p 0017e000 08:01 28055102   /usr/lib/i386-linux-gnu/libgio-2.0.so.0.4000.0
884ff000-88500000 rw-p 00000000 00:00 0 
88500000-88700000 rw-p 00000000 00:00 0 
88700000-88800000 rw-p 00000000 00:00 0 
88800000-88813000 r-xp 00000000 08:01 20710490   /lib/i386-linux-gnu/libresolv-2.19.so
88813000-88814000 ---p 00013000 08:01 20710490   /lib/i386-linux-gnu/libresolv-2.19.so
88814000-88815000 r--p 00013000 08:01 20710490   /lib/i386-linux-gnu/libresolv-2.19.so
88815000-88816000 rw-p 00014000 08:01 20710490   /lib/i386-linux-gnu/libresolv-2.19.so
88816000-88818000 rw-p 00000000 00:00 0 
88818000-88819000 r--s 00000000 08:01 2491009    /home/stas/.m2/repository/quil/processing-dxf/2.2.1/processing-dxf-2.2.1.jar
88819000-8881d000 r--s 00097000 08:01 2491010    /home/stas/.m2/repository/quil/processing-core/2.2.1/processing-core-2.2.1.jar
8881d000-8881f000 r--s 00001000 08:01 2368854    /home/stas/.m2/repository/fs/fs/1.3.3/fs-1.3.3.jar
8881f000-88821000 r--s 00006000 08:01 2490890    /home/stas/.m2/repository/org/apache/maven/maven-repository-metadata/3.0.4/maven-repository-metadata-3.0.4.jar
88821000-88827000 r--s 0004d000 08:01 2491014    /home/stas/.m2/repository/quil/gluegen-rt-fat/2.1.5/gluegen-rt-fat-2.1.5.jar
88827000-88832000 r--s 0006d000 08:01 2490882    /home/stas/.m2/repository/org/sonatype/sisu/sisu-guice/3.0.3/sisu-guice-3.0.3-no_aop.jar
88832000-88849000 r-xp 00000000 08:01 28969326   /usr/lib/jvm/java-7-openjdk-i386/jre/lib/i386/libnet.so
88849000-8884a000 r--p 00016000 08:01 28969326   /usr/lib/jvm/java-7-openjdk-i386/jre/lib/i386/libnet.so
8884a000-8884b000 rw-p 00017000 08:01 28969326   /usr/lib/jvm/java-7-openjdk-i386/jre/lib/i386/libnet.so
8884b000-8888a000 r--s 00340000 08:01 2368830    /home/stas/.m2/repository/org/clojure/clojure/1.6.0/clojure-1.6.0.jar
8888a000-8888b000 ---p 00000000 00:00 0 
8888b000-8890b000 rw-p 00000000 00:00 0          [stack:7591]
8890b000-8890e000 ---p 00000000 00:00 0 
8890e000-8895c000 rw-p 00000000 00:00 0          [stack:7590]
8895c000-8895f000 ---p 00000000 00:00 0 
8895f000-889dd000 rw-p 00000000 00:00 0          [stack:7589]
889dd000-889e0000 ---p 00000000 00:00 0 
889e0000-88a5e000 rw-p 00000000 00:00 0          [stack:7588]
88a5e000-88a61000 ---p 00000000 00:00 0 
88a61000-88aaf000 rw-p 00000000 00:00 0          [stack:7587]
88aaf000-88caf000 r--p 00000000 08:01 28057742   /usr/lib/locale/locale-archive
88caf000-88cb2000 ---p 00000000 00:00 0 
88cb2000-88d00000 rw-p 00000000 00:00 0          [stack:7586]
88d00000-88e00000 rw-p 00000000 00:00 0 
88e00000-88e21000 rw-p 00000000 00:00 0 
88e21000-88f00000 ---p 00000000 00:00 0 
88f00000-88ffe000 rw-p 00000000 00:00 0 
88ffe000-89000000 ---p 00000000 00:00 0 
89000000-89002000 r--s 00002000 08:01 2368853    /home/stas/.m2/repository/ibdknox/analyzer/0.0.2/analyzer-0.0.2.jar
89002000-89005000 r--s 0001d000 08:01 2490866    /home/stas/.m2/repository/org/sonatype/aether/aether-impl/1.13.1/aether-impl-1.13.1.jar
89005000-89012000 r--s 00109000 08:01 2368846    /home/stas/.m2/repository/org/mozilla/rhino/1.7R4/rhino-1.7R4.jar
89012000-89023000 r-xp 00000000 08:01 28969523   /usr/lib/jvm/java-7-openjdk-i386/jre/lib/i386/libnio.so
89023000-89024000 r--p 00010000 08:01 28969523   /usr/lib/jvm/java-7-openjdk-i386/jre/lib/i386/libnio.so
89024000-89025000 rw-p 00011000 08:01 28969523   /usr/lib/jvm/java-7-openjdk-i386/jre/lib/i386/libnio.so
89025000-89050000 r--s 004a4000 08:01 2490855    /home/stas/.m2/repository/org/clojure/google-closure-library/0.0-20140226-71326067/google-closure-library-0.0-20140226-71326067.jar
89050000-89051000 ---p 00000000 00:00 0 
89051000-890d1000 rw-p 00000000 00:00 0          [stack:7584]
890d1000-89280000 r--s 01cfb000 08:01 28838171   /usr/lib/jvm/java-7-openjdk-i386/jre/lib/rt.jar
89280000-8a900000 rw-p 00000000 00:00 0 
8a900000-8a9fd000 rw-p 00000000 00:00 0 
8a9fd000-8aa00000 ---p 00000000 00:00 0 
8aa00000-8aa01000 r--s 00002000 08:01 2490860    /home/stas/.m2/repository/com/cemerick/pomegranate/0.2.0/pomegranate-0.2.0.jar
8aa01000-8aa02000 r--s 00001000 08:01 2490923    /home/stas/.m2/repository/tigris/tigris/0.1.1/tigris-0.1.1.jar
8aa02000-8aa03000 r--s 00000000 08:01 2368593    /home/stas/.m2/repository/clojure-complete/clojure-complete/0.2.3/clojure-complete-0.2.3.jar
8aa03000-8aa05000 r--s 0000a000 08:01 2490872    /home/stas/.m2/repository/org/codehaus/plexus/plexus-classworlds/2.4/plexus-classworlds-2.4.jar
8aa05000-8aa0a000 r-xp 00000000 08:01 28054999   /usr/lib/i386-linux-gnu/libffi.so.6.0.1
8aa0a000-8aa0b000 r--p 00005000 08:01 28054999   /usr/lib/i386-linux-gnu/libffi.so.6.0.1
8aa0b000-8aa0c000 rw-p 00006000 08:01 28054999   /usr/lib/i386-linux-gnu/libffi.so.6.0.1
8aa0c000-8aa0f000 r-xp 00000000 08:01 28055116   /usr/lib/i386-linux-gnu/libgmodule-2.0.so.0.4000.0
8aa0f000-8aa10000 r--p 00002000 08:01 28055116   /usr/lib/i386-linux-gnu/libgmodule-2.0.so.0.4000.0
8aa10000-8aa11000 rw-p 00003000 08:01 28055116   /usr/lib/i386-linux-gnu/libgmodule-2.0.so.0.4000.0
8aa11000-8aa15000 r--s 0002b000 08:01 2490996    /home/stas/.m2/repository/bouncycastle/bcmail-jdk14/138/bcmail-jdk14-138.jar
8aa15000-8aa18000 r--s 00013000 08:01 2490861    /home/stas/.m2/repository/org/sonatype/aether/aether-api/1.13.1/aether-api-1.13.1.jar
8aa18000-8aa1d000 r--s 00040000 08:01 2490904    /home/stas/.m2/repository/org/jsoup/jsoup/1.6.1/jsoup-1.6.1.jar
8aa1d000-8aa1f000 r--s 0000d000 08:01 2490910    /home/stas/.m2/repository/commons-codec/commons-codec/1.4/commons-codec-1.4.jar
8aa1f000-8aa21000 r--s 00011000 08:01 2490856    /home/stas/.m2/repository/org/clojure/google-closure-library-third-party/0.0-20140226-71326067/google-closure-library-third-party-0.0-20140226-71326067.jar
8aa21000-8aa22000 r--s 00005000 08:01 3015981    /home/stas/.m2/repository/io/aviso/pretty/0.1.10/pretty-0.1.10.jar
8aa22000-8aa24000 r--s 00009000 08:01 2368851    /home/stas/.m2/repository/ibdknox/tools.reader/0.8.1/tools.reader-0.8.1.jar
8aa24000-8aa28000 r--s 0001c000 08:01 2490862    /home/stas/.m2/repository/org/sonatype/aether/aether-util/1.13.1/aether-util-1.13.1.jar
8aa28000-8aa2c000 r--s 0002a000 08:01 2368829    /home/stas/.m2/repository/commons-io/commons-io/2.4/commons-io-2.4.jar
8aa2c000-8aa2e000 r--s 00008000 08:01 2368590    /home/stas/.m2/repository/org/clojure/tools.nrepl/0.2.3/tools.nrepl-0.2.3.jar
8aa2e000-8aa31000 ---p 00000000 00:00 0 
8aa31000-8aa7f000 rw-p 00000000 00:00 0          [stack:7585]
8aa7f000-8aa80000 ---p 00000000 00:00 0 
8aa80000-8ab00000 rw-p 00000000 00:00 0          [stack:7583]
8ab00000-8abb3000 rw-p 00000000 00:00 0 
8abb3000-8ac00000 ---p 00000000 00:00 0 
8ac00000-8ac02000 r--s 0000c000 08:01 2490883    /home/stas/.m2/repository/org/apache/maven/maven-aether-provider/3.0.4/maven-aether-provider-3.0.4.jar
8ac02000-8ac04000 r--s 00002000 08:01 2490921    /home/stas/.m2/repository/cheshire/cheshire/5.2.0/cheshire-5.2.0.jar
8ac04000-8ac08000 r--s 00021000 08:01 2490886    /home/stas/.m2/repository/org/apache/maven/maven-model-builder/3.0.4/maven-model-builder-3.0.4.jar
8ac08000-8ac14000 r--s 00108000 08:01 2490998    /home/stas/.m2/repository/com/lowagie/itext/2.1.7/itext-2.1.7.jar
8ac14000-8ac16000 r--s 00006000 08:01 2490902    /home/stas/.m2/repository/org/apache/maven/wagon/wagon-http-shared4/2.2/wagon-http-shared4-2.2.jar
8ac16000-8ac1b000 r--s 00028000 08:01 2490911    /home/stas/.m2/repository/org/apache/httpcomponents/httpcore/4.1.2/httpcore-4.1.2.jar
8ac1b000-8ac1d000 r--s 0000d000 08:01 2490905    /home/stas/.m2/repository/commons-logging/commons-logging/1.1.1/commons-logging-1.1.1.jar
8ac1d000-8ac23000 r--s 00068000 08:01 2368840    /home/stas/.m2/repository/com/google/protobuf/protobuf-java/2.4.1/protobuf-java-2.4.1.jar
8ac23000-8ac27000 r--s 00033000 08:01 2490875    /home/stas/.m2/repository/org/codehaus/plexus/plexus-utils/2.0.7/plexus-utils-2.0.7.jar
8ac27000-8ac2a000 r--s 00036000 08:01 2491012    /home/stas/.m2/repository/quil/quil/2.1.0/quil-2.1.0.jar
8ac2a000-8ac32000 r--s 0004e000 08:01 2490907    /home/stas/.m2/repository/org/apache/httpcomponents/httpclient/4.1.2/httpclient-4.1.2.jar
8ac32000-8ac36000 r--s 0002b000 08:01 2491002    /home/stas/.m2/repository/org/bouncycastle/bcmail-jdk14/1.38/bcmail-jdk14-1.38.jar
8ac36000-8ac7f000 rw-p 00000000 00:00 0 
8ac7f000-8ac80000 ---p 00000000 00:00 0 
8ac80000-8ad00000 rw-p 00000000 00:00 0          [stack:7582]
8ad00000-8ad58000 rw-p 00000000 00:00 0 
8ad58000-8ae00000 ---p 00000000 00:00 0 
8ae00000-8ae03000 r--s 0002c000 08:01 2490916    /home/stas/.m2/repository/com/fasterxml/jackson/core/jackson-core/2.2.1/jackson-core-2.2.1.jar
8ae03000-8ae24000 r--s 0015a000 08:01 2491000    /home/stas/.m2/repository/org/bouncycastle/bcprov-jdk14/1.38/bcprov-jdk14-1.38.jar
8ae24000-8ae7f000 rw-p 00000000 00:00 0 
8ae7f000-8ae80000 ---p 00000000 00:00 0 
8ae80000-8af00000 rw-p 00000000 00:00 0          [stack:7581]
8af00000-8af39000 rw-p 00000000 00:00 0 
8af39000-8b000000 ---p 00000000 00:00 0 
8b000000-8b001000 r--s 00005000 08:01 2490997    /home/stas/.m2/repository/org/bouncycastle/bctsp-jdk14/1.38/bctsp-jdk14-1.38.jar
8b001000-8b002000 r--s 00007000 08:01 2490918    /home/stas/.m2/repository/org/clojure/tools.reader/0.8.3/tools.reader-0.8.3.jar
8b002000-8b004000 r--s 0000e000 08:01 2490914    /home/stas/.m2/repository/com/fasterxml/jackson/dataformat/jackson-dataformat-smile/2.2.1/jackson-dataformat-smile-2.2.1.jar
8b004000-8b006000 r--s 00000000 08:01 2490893    /home/stas/.m2/repository/org/codehaus/plexus/plexus-component-annotations/1.5.5/plexus-component-annotations-1.5.5.jar
8b006000-8b007000 r--s 0000c000 08:01 3015983    /home/stas/.m2/repository/com/taoensso/encore/1.5.1/encore-1.5.1.jar
8b007000-8b008000 r--s 00001000 08:01 2490858    /home/stas/.m2/repository/org/clojure/data.json/0.2.3/data.json-0.2.3.jar
8b008000-8b009000 r--s 00008000 08:01 2369215    /home/stas/.m2/repository/com/taoensso/timbre/3.2.1/timbre-3.2.1.jar
8b009000-8b00f000 r--s 0003a000 08:01 2490881    /home/stas/.m2/repository/org/sonatype/sisu/sisu-inject-bean/2.2.3/sisu-inject-bean-2.2.3.jar
8b00f000-8b011000 r--s 0000d000 08:01 2490888    /home/stas/.m2/repository/org/codehaus/plexus/plexus-interpolation/1.14/plexus-interpolation-1.14.jar
8b011000-8b012000 r--s 00005000 08:01 2490868    /home/stas/.m2/repository/org/sonatype/aether/aether-connector-file/1.13.1/aether-connector-file-1.13.1.jar
8b012000-8b013000 r--s 00002000 08:01 2490899    /home/stas/.m2/repository/org/apache/maven/wagon/wagon-http/2.2/wagon-http-2.2.jar
8b013000-8b014000 ---p 00000000 00:00 0 
8b014000-8b0a7000 rw-p 00000000 00:00 0          [stack:7580]
8b0a7000-8b0d4000 rw-p 00000000 00:00 0 
8b0d4000-8b0ed000 rw-p 00000000 00:00 0 
8b0ed000-8b17f000 rw-p 00000000 00:00 0 
8b17f000-8b192000 rw-p 00000000 00:00 0 
8b192000-8b1bf000 rw-p 00000000 00:00 0 
8b1bf000-8b1d8000 rw-p 00000000 00:00 0 
8b1d8000-8b269000 rw-p 00000000 00:00 0 
8b269000-8b2b7000 rw-p 00000000 00:00 0 
8b2b7000-8b2bf000 ---p 00000000 00:00 0 
8b2bf000-8d7c0000 rw-p 00000000 00:00 0 
8d7c0000-932c0000 rw-p 00000000 00:00 0 
932c0000-963c0000 rw-p 00000000 00:00 0 
963c0000-a8800000 rw-p 00000000 00:00 0 
a8800000-b22c0000 rw-p 00000000 00:00 0 
b22c0000-b32c0000 ---p 00000000 00:00 0 
b32c0000-b32c5000 r--s 00032000 08:01 2368831    /home/stas/.m2/repository/org/apache/commons/commons-compress/1.3/commons-compress-1.3.jar
b32c5000-b32c6000 r--s 00001000 08:01 2491008    /home/stas/.m2/repository/quil/processing-pdf/2.2.1/processing-pdf-2.2.1.jar
b32c6000-b32c7000 r--s 00002000 08:01 2368855    /home/stas/.m2/repository/clj-stacktrace/clj-stacktrace/0.2.7/clj-stacktrace-0.2.7.jar
b32c7000-b32c8000 r--s 00004000 08:01 2368859    /home/stas/.m2/repository/lein-light-nrepl/lein-light-nrepl/0.0.18/lein-light-nrepl-0.0.18.jar
b32c8000-b32ca000 r--s 00000000 08:01 2490895    /home/stas/.m2/repository/org/tcrawley/dynapath/0.2.3/dynapath-0.2.3.jar
b32ca000-b32cc000 r--s 0000c000 08:01 2368835    /home/stas/.m2/repository/args4j/args4j/2.0.16/args4j-2.0.16.jar
b32cc000-b32ce000 r--s 00006000 08:01 2490871    /home/stas/.m2/repository/org/sonatype/aether/aether-connector-wagon/1.13.1/aether-connector-wagon-1.13.1.jar
b32ce000-b32d1000 r--s 00006000 08:01 2368843    /home/stas/.m2/repository/com/google/code/findbugs/jsr305/1.3.9/jsr305-1.3.9.jar
b32d1000-b32d3000 r--s 00006000 08:01 28446944   /usr/share/java/java-atk-wrapper.jar
b32d3000-b32d6000 r--s 00032000 08:01 28969581   /usr/lib/jvm/java-7-openjdk-i386/jre/lib/ext/sunjce_provider.jar
b32d6000-b32da000 r--s 0003b000 08:01 28969580   /usr/lib/jvm/java-7-openjdk-i386/jre/lib/ext/sunpkcs11.jar
b32da000-b32dc000 r--s 00012000 08:01 28969585   /usr/lib/jvm/java-7-openjdk-i386/jre/lib/ext/zipfs.jar
b32dc000-b32f2000 rw-p 00000000 00:00 0 
b32f2000-b339c000 rw-p 00000000 00:00 0 
b339c000-b3914000 rwxp 00000000 00:00 0 
b3914000-b639c000 rw-p 00000000 00:00 0 
b639c000-b63a7000 r-xp 00000000 08:01 20710439   /lib/i386-linux-gnu/libnss_files-2.19.so
b63a7000-b63a8000 r--p 0000a000 08:01 20710439   /lib/i386-linux-gnu/libnss_files-2.19.so
b63a8000-b63a9000 rw-p 0000b000 08:01 20710439   /lib/i386-linux-gnu/libnss_files-2.19.so
b63a9000-b63b3000 r-xp 00000000 08:01 20710449   /lib/i386-linux-gnu/libnss_nis-2.19.so
b63b3000-b63b4000 r--p 00009000 08:01 20710449   /lib/i386-linux-gnu/libnss_nis-2.19.so
b63b4000-b63b5000 rw-p 0000a000 08:01 20710449   /lib/i386-linux-gnu/libnss_nis-2.19.so
b63b5000-b63ca000 r-xp 00000000 08:01 20710433   /lib/i386-linux-gnu/libnsl-2.19.so
b63ca000-b63cb000 r--p 00015000 08:01 20710433   /lib/i386-linux-gnu/libnsl-2.19.so
b63cb000-b63cc000 rw-p 00016000 08:01 20710433   /lib/i386-linux-gnu/libnsl-2.19.so
b63cc000-b63ce000 rw-p 00000000 00:00 0 
b63ce000-b63d5000 r-xp 00000000 08:01 20710435   /lib/i386-linux-gnu/libnss_compat-2.19.so
b63d5000-b63d6000 r--p 00006000 08:01 20710435   /lib/i386-linux-gnu/libnss_compat-2.19.so
b63d6000-b63d7000 rw-p 00007000 08:01 20710435   /lib/i386-linux-gnu/libnss_compat-2.19.so
b63d7000-b63fe000 r-xp 00000000 08:01 28969324   /usr/lib/jvm/java-7-openjdk-i386/jre/lib/i386/libjava.so
b63fe000-b63ff000 r--p 00026000 08:01 28969324   /usr/lib/jvm/java-7-openjdk-i386/jre/lib/i386/libjava.so
b63ff000-b6400000 rw-p 00027000 08:01 28969324   /usr/lib/jvm/java-7-openjdk-i386/jre/lib/i386/libjava.so
b6400000-b64fa000 rw-p 00000000 00:00 0 
b64fa000-b6500000 ---p 00000000 00:00 0 
b6500000-b6501000 r--s 00002000 08:01 28969582   /usr/lib/jvm/java-7-openjdk-i386/jre/lib/ext/dnsns.jar
b6501000-b6504000 r--s 0000f000 08:01 28969583   /usr/lib/jvm/java-7-openjdk-i386/jre/lib/ext/pulse-java.jar
b6504000-b6508000 r--s 00085000 08:01 28969584   /usr/lib/jvm/java-7-openjdk-i386/jre/lib/ext/localedata.jar
b6508000-b6509000 r--p 00855000 08:01 28057742   /usr/lib/locale/locale-archive
b6509000-b6518000 rw-p 00000000 00:00 0 
b6518000-b6520000 r-xp 00000000 08:01 28969561   /usr/lib/jvm/java-7-openjdk-i386/jre/lib/i386/libzip.so
b6520000-b6521000 r--p 00007000 08:01 28969561   /usr/lib/jvm/java-7-openjdk-i386/jre/lib/i386/libzip.so
b6521000-b6522000 rw-p 00008000 08:01 28969561   /usr/lib/jvm/java-7-openjdk-i386/jre/lib/i386/libzip.so
b6522000-b6529000 r-xp 00000000 08:01 20710492   /lib/i386-linux-gnu/librt-2.19.so
b6529000-b652a000 r--p 00006000 08:01 20710492   /lib/i386-linux-gnu/librt-2.19.so
b652a000-b652b000 rw-p 00007000 08:01 20710492   /lib/i386-linux-gnu/librt-2.19.so
b652b000-b652e000 ---p 00000000 00:00 0 
b652e000-b657c000 rw-p 00000000 00:00 0          [stack:7579]
b657c000-b6598000 r-xp 00000000 08:01 20710391   /lib/i386-linux-gnu/libgcc_s.so.1
b6598000-b6599000 rw-p 0001b000 08:01 20710391   /lib/i386-linux-gnu/libgcc_s.so.1
b6599000-b65dd000 r-xp 00000000 08:01 20710414   /lib/i386-linux-gnu/libm-2.19.so
b65dd000-b65de000 r--p 00043000 08:01 20710414   /lib/i386-linux-gnu/libm-2.19.so
b65de000-b65df000 rw-p 00044000 08:01 20710414   /lib/i386-linux-gnu/libm-2.19.so
b65df000-b66bb000 r-xp 00000000 08:01 28055625   /usr/lib/i386-linux-gnu/libstdc++.so.6.0.19
b66bb000-b66bc000 ---p 000dc000 08:01 28055625   /usr/lib/i386-linux-gnu/libstdc++.so.6.0.19
b66bc000-b66c0000 r--p 000dc000 08:01 28055625   /usr/lib/i386-linux-gnu/libstdc++.so.6.0.19
b66c0000-b66c1000 rw-p 000e0000 08:01 28055625   /usr/lib/i386-linux-gnu/libstdc++.so.6.0.19
b66c1000-b66c8000 rw-p 00000000 00:00 0 
b66c8000-b7094000 r-xp 00000000 08:01 28969322   /usr/lib/jvm/java-7-openjdk-i386/jre/lib/i386/server/libjvm.so
b7094000-b7095000 ---p 009cc000 08:01 28969322   /usr/lib/jvm/java-7-openjdk-i386/jre/lib/i386/server/libjvm.so
b7095000-b70e6000 r--p 009cc000 08:01 28969322   /usr/lib/jvm/java-7-openjdk-i386/jre/lib/i386/server/libjvm.so
b70e6000-b70fa000 rw-p 00a1d000 08:01 28969322   /usr/lib/jvm/java-7-openjdk-i386/jre/lib/i386/server/libjvm.so
b70fa000-b7518000 rw-p 00000000 00:00 0 
b7518000-b7530000 r-xp 00000000 08:01 20710527   /lib/i386-linux-gnu/libz.so.1.2.8
b7530000-b7531000 r--p 00017000 08:01 20710527   /lib/i386-linux-gnu/libz.so.1.2.8
b7531000-b7532000 rw-p 00018000 08:01 20710527   /lib/i386-linux-gnu/libz.so.1.2.8
b7532000-b754a000 r-xp 00000000 08:01 20710484   /lib/i386-linux-gnu/libpthread-2.19.so
b754a000-b754b000 r--p 00017000 08:01 20710484   /lib/i386-linux-gnu/libpthread-2.19.so
b754b000-b754c000 rw-p 00018000 08:01 20710484   /lib/i386-linux-gnu/libpthread-2.19.so
b754c000-b754e000 rw-p 00000000 00:00 0 
b754e000-b7551000 r-xp 00000000 08:01 20710381   /lib/i386-linux-gnu/libdl-2.19.so
b7551000-b7552000 r--p 00002000 08:01 20710381   /lib/i386-linux-gnu/libdl-2.19.so
b7552000-b7553000 rw-p 00003000 08:01 20710381   /lib/i386-linux-gnu/libdl-2.19.so
b7553000-b76fc000 r-xp 00000000 08:01 20710364   /lib/i386-linux-gnu/libc-2.19.so
b76fc000-b76fe000 r--p 001a9000 08:01 20710364   /lib/i386-linux-gnu/libc-2.19.so
b76fe000-b76ff000 rw-p 001ab000 08:01 20710364   /lib/i386-linux-gnu/libc-2.19.so
b76ff000-b7703000 rw-p 00000000 00:00 0 
b7703000-b770b000 rw-s 00000000 08:01 24906917   /tmp/hsperfdata_stas/7574
b770b000-b770c000 rw-p 00000000 00:00 0 
b770c000-b770d000 r--p 00000000 00:00 0 
b770d000-b771b000 r-xp 00000000 08:01 28969566   /usr/lib/jvm/java-7-openjdk-i386/jre/lib/i386/libverify.so
b771b000-b771c000 r--p 0000d000 08:01 28969566   /usr/lib/jvm/java-7-openjdk-i386/jre/lib/i386/libverify.so
b771c000-b771d000 rw-p 0000e000 08:01 28969566   /usr/lib/jvm/java-7-openjdk-i386/jre/lib/i386/libverify.so
b771d000-b7729000 r-xp 00000000 08:01 28969570   /usr/lib/jvm/java-7-openjdk-i386/jre/lib/i386/jli/libjli.so
b7729000-b772a000 r--p 0000c000 08:01 28969570   /usr/lib/jvm/java-7-openjdk-i386/jre/lib/i386/jli/libjli.so
b772a000-b772b000 rw-p 0000d000 08:01 28969570   /usr/lib/jvm/java-7-openjdk-i386/jre/lib/i386/jli/libjli.so
b772b000-b772d000 rw-p 00000000 00:00 0 
b772d000-b772e000 r-xp 00000000 00:00 0          [vdso]
b772e000-b774e000 r-xp 00000000 08:01 20710340   /lib/i386-linux-gnu/ld-2.19.so
b774e000-b774f000 r--p 0001f000 08:01 20710340   /lib/i386-linux-gnu/ld-2.19.so
b774f000-b7750000 rw-p 00020000 08:01 20710340   /lib/i386-linux-gnu/ld-2.19.so
bfd30000-bfd53000 rw-p 00000000 00:00 0          [stack]

VM Arguments:
jvm_args: -Dclojure.compile.path=/home/stas/projects/firebrick/target/classes -Dfirebrick.version=0.1.0-SNAPSHOT -Dfile.encoding=UTF-8 -Dclojure.debug=false 
java_command: clojure.main -i /tmp/form-init4404834691295699297.clj
Launcher Type: SUN_STANDARD

Environment Variables:
PATH=/home/stas/bin:/usr/local/sbin:/usr/local/bin:/usr/sbin:/usr/bin:/sbin:/bin:/usr/games:/usr/local/games
LD_LIBRARY_PATH=/usr/local/LightTable:
SHELL=/bin/bash
DISPLAY=:0

Signal Handlers:
SIGSEGV: [libjvm.so+0x7eebf0], sa_mask[0]=0x7ffbfeff, sa_flags=0x10000004
SIGBUS: [libjvm.so+0x7eebf0], sa_mask[0]=0x7ffbfeff, sa_flags=0x10000004
SIGFPE: [libjvm.so+0x66c6a0], sa_mask[0]=0x7ffbfeff, sa_flags=0x10000004
SIGPIPE: [libjvm.so+0x66c6a0], sa_mask[0]=0x7ffbfeff, sa_flags=0x10000004
SIGXFSZ: [libjvm.so+0x66c6a0], sa_mask[0]=0x7ffbfeff, sa_flags=0x10000004
SIGILL: [libjvm.so+0x66c6a0], sa_mask[0]=0x7ffbfeff, sa_flags=0x10000004
SIGUSR1: SIG_DFL, sa_mask[0]=0x00000000, sa_flags=0x00000000
SIGUSR2: [libjvm.so+0x66c530], sa_mask[0]=0x00000004, sa_flags=0x10000004
SIGHUP: [libjvm.so+0x66c760], sa_mask[0]=0x7ffbfeff, sa_flags=0x10000004
SIGINT: [libjvm.so+0x66c760], sa_mask[0]=0x7ffbfeff, sa_flags=0x10000004
SIGTERM: [libjvm.so+0x66c760], sa_mask[0]=0x7ffbfeff, sa_flags=0x10000004
SIGQUIT: [libjvm.so+0x66c760], sa_mask[0]=0x7ffbfeff, sa_flags=0x10000004


---------------  S Y S T E M  ---------------

OS:Ubuntu 14.04 (trusty)
uname:Linux 3.13.0-29-generic #53-Ubuntu SMP Wed Jun 4 21:02:19 UTC 2014 i686
libc:glibc 2.19 NPTL 2.19 
rlimit: STACK 8192k, CORE 0k, NPROC 15889, NOFILE 4096, AS infinity
load average:7.79 2.60 1.63

/proc/meminfo:
MemTotal:        2053004 kB
MemFree:         1443176 kB
Buffers:           15340 kB
Cached:           299712 kB
SwapCached:        26716 kB
Active:           250184 kB
Inactive:         246920 kB
Active(anon):     136460 kB
Inactive(anon):    59608 kB
Active(file):     113724 kB
Inactive(file):   187312 kB
Unevictable:           0 kB
Mlocked:               0 kB
HighTotal:       1172472 kB
HighFree:         833952 kB
LowTotal:         880532 kB
LowFree:          609224 kB
SwapTotal:       2083836 kB
SwapFree:        1391272 kB
Dirty:               688 kB
Writeback:             0 kB
AnonPages:        166156 kB
Mapped:            43792 kB
Shmem:             14056 kB
Slab:              65472 kB
SReclaimable:      43756 kB
SUnreclaim:        21716 kB
KernelStack:        1488 kB
PageTables:         3628 kB
NFS_Unstable:          0 kB
Bounce:                0 kB
WritebackTmp:          0 kB
CommitLimit:     3110336 kB
Committed_AS:    1419376 kB
VmallocTotal:     122880 kB
VmallocUsed:       49124 kB
VmallocChunk:      46868 kB
HardwareCorrupted:     0 kB
AnonHugePages:     92160 kB
HugePages_Total:       0
HugePages_Free:        0
HugePages_Rsvd:        0
HugePages_Surp:        0
Hugepagesize:       2048 kB
DirectMap4k:      190456 kB
DirectMap2M:      722944 kB


CPU:total 4 (4 cores per cpu, 1 threads per core) family 6 model 15 stepping 11, cmov, cx8, fxsr, mmx, sse, sse2, sse3, ssse3, tsc

/proc/cpuinfo:
processor	: 0
vendor_id	: GenuineIntel
cpu family	: 6
model		: 15
model name	: Intel(R) Core(TM)2 Quad CPU    Q6700  @ 2.66GHz
stepping	: 11
microcode	: 0xb6
cpu MHz		: 2660.000
cache size	: 4096 KB
physical id	: 0
siblings	: 4
core id		: 0
cpu cores	: 4
apicid		: 0
initial apicid	: 0
fdiv_bug	: no
f00f_bug	: no
coma_bug	: no
fpu		: yes
fpu_exception	: yes
cpuid level	: 10
wp		: yes
flags		: fpu vme de pse tsc msr pae mce cx8 apic sep mtrr pge mca cmov pat pse36 clflush dts acpi mmx fxsr sse sse2 ss ht tm pbe nx lm constant_tsc arch_perfmon pebs bts aperfmperf pni dtes64 monitor ds_cpl vmx est tm2 ssse3 cx16 xtpr pdcm lahf_lm dtherm tpr_shadow vnmi flexpriority
bogomips	: 5333.31
clflush size	: 64
cache_alignment	: 64
address sizes	: 36 bits physical, 48 bits virtual
power management:

processor	: 1
vendor_id	: GenuineIntel
cpu family	: 6
model		: 15
model name	: Intel(R) Core(TM)2 Quad CPU    Q6700  @ 2.66GHz
stepping	: 11
microcode	: 0xb6
cpu MHz		: 2660.000
cache size	: 4096 KB
physical id	: 0
siblings	: 4
core id		: 1
cpu cores	: 4
apicid		: 1
initial apicid	: 1
fdiv_bug	: no
f00f_bug	: no
coma_bug	: no
fpu		: yes
fpu_exception	: yes
cpuid level	: 10
wp		: yes
flags		: fpu vme de pse tsc msr pae mce cx8 apic sep mtrr pge mca cmov pat pse36 clflush dts acpi mmx fxsr sse sse2 ss ht tm pbe nx lm constant_tsc arch_perfmon pebs bts aperfmperf pni dtes64 monitor ds_cpl vmx est tm2 ssse3 cx16 xtpr pdcm lahf_lm dtherm tpr_shadow vnmi flexpriority
bogomips	: 5333.31
clflush size	: 64
cache_alignment	: 64
address sizes	: 36 bits physical, 48 bits virtual
power management:

processor	: 2
vendor_id	: GenuineIntel
cpu family	: 6
model		: 15
model name	: Intel(R) Core(TM)2 Quad CPU    Q6700  @ 2.66GHz
stepping	: 11
microcode	: 0xb6
cpu MHz		: 2660.000
cache size	: 4096 KB
physical id	: 0
siblings	: 4
core id		: 2
cpu cores	: 4
apicid		: 2
initial apicid	: 2
fdiv_bug	: no
f00f_bug	: no
coma_bug	: no
fpu		: yes
fpu_exception	: yes
cpuid level	: 10
wp		: yes
flags		: fpu vme de pse tsc msr pae mce cx8 apic sep mtrr pge mca cmov pat pse36 clflush dts acpi mmx fxsr sse sse2 ss ht tm pbe nx lm constant_tsc arch_perfmon pebs bts aperfmperf pni dtes64 monitor ds_cpl vmx est tm2 ssse3 cx16 xtpr pdcm lahf_lm dtherm tpr_shadow vnmi flexpriority
bogomips	: 5333.31
clflush size	: 64
cache_alignment	: 64
address sizes	: 36 bits physical, 48 bits virtual
power management:

processor	: 3
vendor_id	: GenuineIntel
cpu family	: 6
model		: 15
model name	: Intel(R) Core(TM)2 Quad CPU    Q6700  @ 2.66GHz
stepping	: 11
microcode	: 0xb6
cpu MHz		: 2660.000
cache size	: 4096 KB
physical id	: 0
siblings	: 4
core id		: 3
cpu cores	: 4
apicid		: 3
initial apicid	: 3
fdiv_bug	: no
f00f_bug	: no
coma_bug	: no
fpu		: yes
fpu_exception	: yes
cpuid level	: 10
wp		: yes
flags		: fpu vme de pse tsc msr pae mce cx8 apic sep mtrr pge mca cmov pat pse36 clflush dts acpi mmx fxsr sse sse2 ss ht tm pbe nx lm constant_tsc arch_perfmon pebs bts aperfmperf pni dtes64 monitor ds_cpl vmx est tm2 ssse3 cx16 xtpr pdcm lahf_lm dtherm tpr_shadow vnmi flexpriority
bogomips	: 5333.31
clflush size	: 64
cache_alignment	: 64
address sizes	: 36 bits physical, 48 bits virtual
power management:



Memory: 4k page, physical 2053004k(1443176k free), swap 2083836k(1391272k free)

vm_info: OpenJDK Server VM (24.51-b03) for linux-x86 JRE (1.7.0_55-b14), built on May  6 2014 05:33:44 by "buildd" with gcc 4.8.2

time: Mon Aug  4 10:46:23 2014
elapsed time: 49866 seconds

