#
# A fatal error has been detected by the Java Runtime Environment:
#
#  SIGSEGV (0xb) at pc=0xb33ec55d, pid=2975, tid=2251946816
#
# JRE version: OpenJDK Runtime Environment (7.0_55-b14) (build 1.7.0_55-b14)
# Java VM: OpenJDK Server VM (24.51-b03 mixed mode linux-x86 )
# Problematic frame:
# v  ~BufferBlob::jni_fast_GetLongField
#
# Failed to write core dump. Core dumps have been disabled. To enable core dumping, try "ulimit -c unlimited" before starting Java again
#
# If you would like to submit a bug report, please include
# instructions on how to reproduce the bug and visit:
#   http://icedtea.classpath.org/bugzilla
# The crash happened outside the Java Virtual Machine in native code.
# See problematic frame for where to report the bug.
#

---------------  T H R E A D  ---------------

Current thread (0x8796d000):  JavaThread "AWT-XAWT" daemon [_thread_in_native, id=2995, stack(0x8634f000,0x863a0000)]

siginfo:si_signo=SIGSEGV: si_errno=0, si_code=1 (SEGV_MAPERR), si_addr=0x00000000

Registers:
EAX=0x00000000, EBX=0x875fd000, ECX=0x00001b7e, EDX=0x00000000
ESP=0x8639ee08, EBP=0x8639ee58, ESI=0x00000042, EDI=0x8796d128
EIP=0xb33ec55d, EFLAGS=0x00210246, CR2=0x00000000

Top of Stack: (sp=0x8639ee08)
0x8639ee08:   00000000 875c9853 8796d128 00000000
0x8639ee18:   00000042 b7704000 b7704000 879ea338
0x8639ee28:   00000000 8796d128 879ea344 87a4e200
0x8639ee38:   8639ee58 875c9924 b70f2060 00010002
0x8639ee48:   875c982f 86ffd000 8a975190 00000000
0x8639ee58:   8a953460 86f29e18 8a953460 00000000
0x8639ee68:   00000000 86ffd000 879d3f90 879e99f0
0x8639ee78:   86f29db9 86ffd000 8a953d18 01400003 

Instructions: (pc=0xb33ec55d)
0xb33ec53d:   00 00 00 56 8b 0d 24 cf 10 b7 f6 c1 01 0f 85 30
0xb33ec54d:   00 00 00 8b c1 83 e0 01 8b 54 04 0c 8b 74 24 10
0xb33ec55d:   8b 12 c1 ee 02 8b 04 32 8b 54 32 04 be 24 cf 10
0xb33ec56d:   b7 33 f2 33 f0 33 f2 33 f0 3b 0e 0f 85 02 00 00 

Register to memory mapping:

EAX=0x00000000 is an unknown value
EBX=0x875fd000: <offset 0x52000> in /usr/lib/jvm/java-7-openjdk-i386/jre/lib/i386/xawt/libmawt.so at 0x875ab000
ECX=0x00001b7e is an unknown value
EDX=0x00000000 is an unknown value
ESP=0x8639ee08 is pointing into the stack for thread: 0x8796d000
EBP=0x8639ee58 is pointing into the stack for thread: 0x8796d000
ESI=0x00000042 is an unknown value
EDI=0x8796d128 is an unknown value


Stack: [0x8634f000,0x863a0000],  sp=0x8639ee08,  free space=319k
Native frames: (J=compiled Java code, j=interpreted, Vv=VM code, C=native code)
v  ~BufferBlob::jni_fast_GetLongField

Java frames: (J=compiled Java code, j=interpreted, Vv=VM code)
j  sun.awt.X11.XlibWrapper.XFilterEvent(JJ)Z+0
J  sun.awt.X11.XToolkit.run(Z)V
j  sun.awt.X11.XToolkit.run()V+5
j  java.lang.Thread.run()V+11
v  ~StubRoutines::call_stub

---------------  P R O C E S S  ---------------

Java Threads: ( => current thread )
  0x08d0fc00 JavaThread "clojure-agent-send-off-pool-7" [_thread_blocked, id=3010, stack(0x856af000,0x85700000)]
  0x08d0f400 JavaThread "clojure-agent-send-off-pool-6" [_thread_blocked, id=3009, stack(0x85b5e000,0x85baf000)]
  0x08d11000 JavaThread "clojure-agent-send-off-pool-5" [_thread_blocked, id=3008, stack(0x85d0d000,0x85d5e000)]
  0x08d0ec00 JavaThread "clojure-agent-send-off-pool-4" [_thread_blocked, id=3007, stack(0x85baf000,0x85c00000)]
  0x8ad57000 JavaThread "clojure-agent-send-off-pool-2" [_thread_in_native, id=3005, stack(0x85d5e000,0x85daf000)]
  0x87923000 JavaThread "clojure-agent-send-off-pool-1" [_thread_blocked, id=3002, stack(0x85617000,0x85668000)]
  0x886dc800 JavaThread "clojure-agent-send-off-pool-0" [_thread_in_native, id=3001, stack(0x85b0d000,0x85b5e000)]
=>0x8796d000 JavaThread "AWT-XAWT" daemon [_thread_in_native, id=2995, stack(0x8634f000,0x863a0000)]
  0x8795d800 JavaThread "Java2D Disposer" daemon [_thread_blocked, id=2994, stack(0x863a0000,0x863f1000)]
  0x88fa4400 JavaThread "Service Thread" daemon [_thread_blocked, id=2992, stack(0x8890b000,0x8895c000)]
  0x88fa2400 JavaThread "C2 CompilerThread1" daemon [_thread_blocked, id=2991, stack(0x8895c000,0x889dd000)]
  0x88fa0400 JavaThread "C2 CompilerThread0" daemon [_thread_blocked, id=2990, stack(0x889dd000,0x88a5e000)]
  0x88f9ec00 JavaThread "Signal Dispatcher" daemon [_thread_blocked, id=2989, stack(0x88a5e000,0x88aaf000)]
  0x88f8d000 JavaThread "Finalizer" daemon [_thread_blocked, id=2988, stack(0x88caf000,0x88d00000)]
  0x88f8b800 JavaThread "Reference Handler" daemon [_thread_blocked, id=2987, stack(0x8aa2e000,0x8aa7f000)]
  0xb640a800 JavaThread "main" [_thread_blocked, id=2980, stack(0xb6531000,0xb6582000)]

Other Threads:
  0x88f89000 VMThread [stack: 0x89050000,0x890d1000] [id=2986]
  0x88fa6400 WatcherThread [stack: 0x8888a000,0x8890b000] [id=2993]

VM state:not at safepoint (normal execution)

VM Mutex/Monitor currently owned by a thread: None

Heap
 PSYoungGen      total 16896K, used 4052K [0xa8800000, 0xb2780000, 0xb32c0000)
  eden space 16640K, 24% used [0xa8800000,0xa8be92c0,0xa9840000)
  from space 256K, 18% used [0xb2700000,0xb270c000,0xb2740000)
  to   space 256K, 0% used [0xb2740000,0xb2740000,0xb2780000)
 ParOldGen       total 78336K, used 49910K [0x932c0000, 0x97f40000, 0xa8800000)
  object space 78336K, 63% used [0x932c0000,0x9637da28,0x97f40000)
 PSPermGen       total 31488K, used 24153K [0x8b2c0000, 0x8d180000, 0x932c0000)
  object space 31488K, 76% used [0x8b2c0000,0x8ca567e0,0x8d180000)

Card table byte_map: [0x8b17f000,0x8b2c0000] byte_map_base: 0x8ad25a00

Polling page: 0xb7712000

Code Cache  [0xb33a5000, 0xb3815000, 0xb63a5000)
 total_blobs=1697 nmethods=1418 adapters=232 free_code_cache=44712Kb largest_free_block=45691520

Compilation events (10 events):
Event: 29714.404 Thread 0x88fa0400 nmethod 1830 0xb3777c48 code [0xb3777ee0, 0xb3778c54]
Event: 29714.405 Thread 0x88fa0400 1831             firebrick.core.Position$reify__14222::get (40 bytes)
Event: 29714.406 Thread 0x88fa0400 nmethod 1831 0xb37612c8 code [0xb37613c0, 0xb37614b0]
Event: 29714.406 Thread 0x88fa0400 1832             firebrick.core.BallData$reify__14275::get (40 bytes)
Event: 29714.408 Thread 0x88fa0400 nmethod 1832 0xb3760fc8 code [0xb37610c0, 0xb37611b0]
Event: 29714.408 Thread 0x88fa0400 1833             firebrick.core.Position$reify__14220::get (40 bytes)
Event: 29714.409 Thread 0x88fa0400 nmethod 1833 0xb3760cc8 code [0xb3760dc0, 0xb3760eb0]
Event: 29714.410 Thread 0x88fa0400 1834             firebrick.core$draw::invoke (903 bytes)
Event: 29714.436 Thread 0x88fa2400 nmethod 1823 0xb3492c48 code [0xb3493040, 0xb3495140]
Event: 29714.437 Thread 0x88fa0400 nmethod 1834 0xb3709888 code [0xb3709c00, 0xb370aafc]

GC Heap History (10 events):
Event: 50182.813 GC heap before
{Heap before GC invocations=2647 (full 12):
 PSYoungGen      total 16896K, used 16672K [0xa8800000, 0xb2780000, 0xb32c0000)
  eden space 16640K, 100% used [0xa8800000,0xa9840000,0xa9840000)
  from space 256K, 12% used [0xb2740000,0xb2748000,0xb2780000)
  to   space 256K, 0% used [0xb2700000,0xb2700000,0xb2740000)
 ParOldGen       total 78336K, used 49910K [0x932c0000, 0x97f40000, 0xa8800000)
  object space 78336K, 63% used [0x932c0000,0x9637da28,0x97f40000)
 PSPermGen       total 31488K, used 24147K [0x8b2c0000, 0x8d180000, 0x932c0000)
  object space 31488K, 76% used [0x8b2c0000,0x8ca54f88,0x8d180000)
Event: 50182.816 GC heap after
Heap after GC invocations=2647 (full 12):
 PSYoungGen      total 16896K, used 48K [0xa8800000, 0xb2780000, 0xb32c0000)
  eden space 16640K, 0% used [0xa8800000,0xa8800000,0xa9840000)
  from space 256K, 18% used [0xb2700000,0xb270c000,0xb2740000)
  to   space 256K, 0% used [0xb2740000,0xb2740000,0xb2780000)
 ParOldGen       total 78336K, used 49910K [0x932c0000, 0x97f40000, 0xa8800000)
  object space 78336K, 63% used [0x932c0000,0x9637da28,0x97f40000)
 PSPermGen       total 31488K, used 24147K [0x8b2c0000, 0x8d180000, 0x932c0000)
  object space 31488K, 76% used [0x8b2c0000,0x8ca54f88,0x8d180000)
}
Event: 50203.102 GC heap before
{Heap before GC invocations=2648 (full 12):
 PSYoungGen      total 16896K, used 16688K [0xa8800000, 0xb2780000, 0xb32c0000)
  eden space 16640K, 100% used [0xa8800000,0xa9840000,0xa9840000)
  from space 256K, 18% used [0xb2700000,0xb270c000,0xb2740000)
  to   space 256K, 0% used [0xb2740000,0xb2740000,0xb2780000)
 ParOldGen       total 78336K, used 49910K [0x932c0000, 0x97f40000, 0xa8800000)
  object space 78336K, 63% used [0x932c0000,0x9637da28,0x97f40000)
 PSPermGen       total 31488K, used 24147K [0x8b2c0000, 0x8d180000, 0x932c0000)
  object space 31488K, 76% used [0x8b2c0000,0x8ca54f88,0x8d180000)
Event: 50203.105 GC heap after
Heap after GC invocations=2648 (full 12):
 PSYoungGen      total 16896K, used 32K [0xa8800000, 0xb2780000, 0xb32c0000)
  eden space 16640K, 0% used [0xa8800000,0xa8800000,0xa9840000)
  from space 256K, 12% used [0xb2740000,0xb2748000,0xb2780000)
  to   space 256K, 0% used [0xb2700000,0xb2700000,0xb2740000)
 ParOldGen       total 78336K, used 49910K [0x932c0000, 0x97f40000, 0xa8800000)
  object space 78336K, 63% used [0x932c0000,0x9637da28,0x97f40000)
 PSPermGen       total 31488K, used 24147K [0x8b2c0000, 0x8d180000, 0x932c0000)
  object space 31488K, 76% used [0x8b2c0000,0x8ca54f88,0x8d180000)
}
Event: 50223.395 GC heap before
{Heap before GC invocations=2649 (full 12):
 PSYoungGen      total 16896K, used 16672K [0xa8800000, 0xb2780000, 0xb32c0000)
  eden space 16640K, 100% used [0xa8800000,0xa9840000,0xa9840000)
  from space 256K, 12% used [0xb2740000,0xb2748000,0xb2780000)
  to   space 256K, 0% used [0xb2700000,0xb2700000,0xb2740000)
 ParOldGen       total 78336K, used 49910K [0x932c0000, 0x97f40000, 0xa8800000)
  object space 78336K, 63% used [0x932c0000,0x9637da28,0x97f40000)
 PSPermGen       total 31488K, used 24147K [0x8b2c0000, 0x8d180000, 0x932c0000)
  object space 31488K, 76% used [0x8b2c0000,0x8ca54f88,0x8d180000)
Event: 50223.397 GC heap after
Heap after GC invocations=2649 (full 12):
 PSYoungGen      total 16896K, used 0K [0xa8800000, 0xb2780000, 0xb32c0000)
  eden space 16640K, 0% used [0xa8800000,0xa8800000,0xa9840000)
  from space 256K, 0% used [0xb2700000,0xb2700000,0xb2740000)
  to   space 256K, 0% used [0xb2740000,0xb2740000,0xb2780000)
 ParOldGen       total 78336K, used 49910K [0x932c0000, 0x97f40000, 0xa8800000)
  object space 78336K, 63% used [0x932c0000,0x9637da28,0x97f40000)
 PSPermGen       total 31488K, used 24147K [0x8b2c0000, 0x8d180000, 0x932c0000)
  object space 31488K, 76% used [0x8b2c0000,0x8ca54f88,0x8d180000)
}
Event: 50243.683 GC heap before
{Heap before GC invocations=2650 (full 12):
 PSYoungGen      total 16896K, used 16640K [0xa8800000, 0xb2780000, 0xb32c0000)
  eden space 16640K, 100% used [0xa8800000,0xa9840000,0xa9840000)
  from space 256K, 0% used [0xb2700000,0xb2700000,0xb2740000)
  to   space 256K, 0% used [0xb2740000,0xb2740000,0xb2780000)
 ParOldGen       total 78336K, used 49910K [0x932c0000, 0x97f40000, 0xa8800000)
  object space 78336K, 63% used [0x932c0000,0x9637da28,0x97f40000)
 PSPermGen       total 31488K, used 24147K [0x8b2c0000, 0x8d180000, 0x932c0000)
  object space 31488K, 76% used [0x8b2c0000,0x8ca54f88,0x8d180000)
Event: 50243.686 GC heap after
Heap after GC invocations=2650 (full 12):
 PSYoungGen      total 16896K, used 16K [0xa8800000, 0xb2780000, 0xb32c0000)
  eden space 16640K, 0% used [0xa8800000,0xa8800000,0xa9840000)
  from space 256K, 6% used [0xb2740000,0xb2744000,0xb2780000)
  to   space 256K, 0% used [0xb2700000,0xb2700000,0xb2740000)
 ParOldGen       total 78336K, used 49910K [0x932c0000, 0x97f40000, 0xa8800000)
  object space 78336K, 63% used [0x932c0000,0x9637da28,0x97f40000)
 PSPermGen       total 31488K, used 24147K [0x8b2c0000, 0x8d180000, 0x932c0000)
  object space 31488K, 76% used [0x8b2c0000,0x8ca54f88,0x8d180000)
}
Event: 50265.427 GC heap before
{Heap before GC invocations=2651 (full 12):
 PSYoungGen      total 16896K, used 16656K [0xa8800000, 0xb2780000, 0xb32c0000)
  eden space 16640K, 100% used [0xa8800000,0xa9840000,0xa9840000)
  from space 256K, 6% used [0xb2740000,0xb2744000,0xb2780000)
  to   space 256K, 0% used [0xb2700000,0xb2700000,0xb2740000)
 ParOldGen       total 78336K, used 49910K [0x932c0000, 0x97f40000, 0xa8800000)
  object space 78336K, 63% used [0x932c0000,0x9637da28,0x97f40000)
 PSPermGen       total 31488K, used 24147K [0x8b2c0000, 0x8d180000, 0x932c0000)
  object space 31488K, 76% used [0x8b2c0000,0x8ca54f88,0x8d180000)
Event: 50265.833 GC heap after
Heap after GC invocations=2651 (full 12):
 PSYoungGen      total 16896K, used 48K [0xa8800000, 0xb2780000, 0xb32c0000)
  eden space 16640K, 0% used [0xa8800000,0xa8800000,0xa9840000)
  from space 256K, 18% used [0xb2700000,0xb270c000,0xb2740000)
  to   space 256K, 0% used [0xb2740000,0xb2740000,0xb2780000)
 ParOldGen       total 78336K, used 49910K [0x932c0000, 0x97f40000, 0xa8800000)
  object space 78336K, 63% used [0x932c0000,0x9637da28,0x97f40000)
 PSPermGen       total 31488K, used 24147K [0x8b2c0000, 0x8d180000, 0x932c0000)
  object space 31488K, 76% used [0x8b2c0000,0x8ca54f88,0x8d180000)
}

Deoptimization events (10 events):
Event: 2037.683 Thread 0x08d28000 Uncommon trap: reason=null_check action=make_not_entrant pc=0xb35cb328 method=clojure.core$chunk_cons.invoke(Ljava/lang/Object;Ljava/lang/Object;)Ljava/lang/Object; @ 30
Event: 2164.373 Thread 0x08dfc800 Uncommon trap: reason=class_check action=maybe_recompile pc=0xb3491ba8 method=clojure.lang.AFn.applyToHelper(Lclojure/lang/IFn;Lclojure/lang/ISeq;)Ljava/lang/Object; @ 1590
Event: 2164.446 Thread 0x08dfc800 Uncommon trap: reason=null_check action=maybe_recompile pc=0xb35624f4 method=clojure.lang.Numbers.ops(Ljava/lang/Object;)Lclojure/lang/Numbers$Ops; @ 1
Event: 2164.521 Thread 0x08d65c00 Uncommon trap: reason=null_check action=maybe_recompile pc=0xb347f864 method=clojure.lang.Numbers.ops(Ljava/lang/Object;)Lclojure/lang/Numbers$Ops; @ 1
Event: 2165.547 Thread 0x08d65c00 Uncommon trap: reason=null_check action=maybe_recompile pc=0xb347f864 method=clojure.lang.Numbers.ops(Ljava/lang/Object;)Lclojure/lang/Numbers$Ops; @ 1
Event: 2166.577 Thread 0x08d65c00 Uncommon trap: reason=null_check action=maybe_recompile pc=0xb35d0a10 method=clojure.lang.Numbers.ops(Ljava/lang/Object;)Lclojure/lang/Numbers$Ops; @ 1
Event: 2401.374 Thread 0x08dee400 Uncommon trap: reason=class_check action=maybe_recompile pc=0xb3491ba8 method=clojure.lang.AFn.applyToHelper(Lclojure/lang/IFn;Lclojure/lang/ISeq;)Ljava/lang/Object; @ 1590
Event: 2401.455 Thread 0x08dee400 Uncommon trap: reason=null_check action=maybe_recompile pc=0xb35624f4 method=clojure.lang.Numbers.ops(Ljava/lang/Object;)Lclojure/lang/Numbers$Ops; @ 1
Event: 2913.428 Thread 0x08dcf000 Uncommon trap: reason=class_check action=maybe_recompile pc=0xb3635edc method=clojure.lang.LispReader$ListReader.invoke(Ljava/lang/Object;Ljava/lang/Object;)Ljava/lang/Object; @ 1
Event: 2921.345 Thread 0x8796d000 Uncommon trap: reason=null_check action=make_not_entrant pc=0xb37dc790 method=sun.awt.X11.XToolkit.dispatchEvent(Lsun/awt/X11/XEvent;)V @ 99

Internal exceptions (10 events):
Event: 29712.595 Thread 0x08e1c400 Threw 0xa91b4d18 at /build/buildd/openjdk-7-7u55-2.4.7/build/openjdk/hotspot/src/share/vm/prims/jvm.cpp:1244
Event: 29712.595 Thread 0x08e1c400 Threw 0xa91b5380 at /build/buildd/openjdk-7-7u55-2.4.7/build/openjdk/hotspot/src/share/vm/prims/jvm.cpp:1244
Event: 29712.595 Thread 0x08e1c400 Threw 0xa91b6278 at /build/buildd/openjdk-7-7u55-2.4.7/build/openjdk/hotspot/src/share/vm/prims/jvm.cpp:1244
Event: 29712.595 Thread 0x08e1c400 Threw 0xa91baa50 at /build/buildd/openjdk-7-7u55-2.4.7/build/openjdk/hotspot/src/share/vm/prims/jvm.cpp:1244
Event: 29712.595 Thread 0x08e1c400 Threw 0xa91bb0b8 at /build/buildd/openjdk-7-7u55-2.4.7/build/openjdk/hotspot/src/share/vm/prims/jvm.cpp:1244
Event: 29712.595 Thread 0x08e1c400 Threw 0xa91bb720 at /build/buildd/openjdk-7-7u55-2.4.7/build/openjdk/hotspot/src/share/vm/prims/jvm.cpp:1244
Event: 29712.595 Thread 0x08e1c400 Threw 0xa91bbd88 at /build/buildd/openjdk-7-7u55-2.4.7/build/openjdk/hotspot/src/share/vm/prims/jvm.cpp:1244
Event: 29712.595 Thread 0x08e1c400 Threw 0xa91bc3f0 at /build/buildd/openjdk-7-7u55-2.4.7/build/openjdk/hotspot/src/share/vm/prims/jvm.cpp:1244
Event: 29712.678 Thread 0x08e1c400 Threw 0xa92e3280 at /build/buildd/openjdk-7-7u55-2.4.7/build/openjdk/hotspot/src/share/vm/interpreter/linkResolver.cpp:969
Event: 29713.127 Thread 0x08dd8c00 Threw 0xa8806050 at /build/buildd/openjdk-7-7u55-2.4.7/build/openjdk/hotspot/src/share/vm/prims/jni.cpp:743

Events (10 events):
Event: 50203.101 Executing VM operation: ParallelGCFailedAllocation
Event: 50203.105 Executing VM operation: ParallelGCFailedAllocation done
Event: 50223.394 Executing VM operation: ParallelGCFailedAllocation
Event: 50223.397 Executing VM operation: ParallelGCFailedAllocation done
Event: 50243.682 Executing VM operation: ParallelGCFailedAllocation
Event: 50243.686 Executing VM operation: ParallelGCFailedAllocation done
Event: 50263.971 Executing VM operation: ParallelGCFailedAllocation
Event: 50265.834 Executing VM operation: ParallelGCFailedAllocation done
Event: 50266.793 loading class 0x8794ba58
Event: 50269.393 loading class 0x8794ba58 done


Dynamic libraries:
08048000-08049000 r-xp 00000000 08:01 28969603   /usr/lib/jvm/java-7-openjdk-i386/jre/bin/java
08049000-0804a000 r--p 00000000 08:01 28969603   /usr/lib/jvm/java-7-openjdk-i386/jre/bin/java
0804a000-0804b000 rw-p 00001000 08:01 28969603   /usr/lib/jvm/java-7-openjdk-i386/jre/bin/java
08cf1000-08f0f000 rw-p 00000000 00:00 0          [heap]
842f6000-84600000 rw-s 00000000 00:04 2195470    /SYSV00000000 (deleted)
84600000-84700000 rw-p 00000000 00:00 0 
84900000-849fe000 rw-p 00000000 00:00 0 
849fe000-84a00000 ---p 00000000 00:00 0 
84d00000-84df1000 rw-p 00000000 00:00 0 
84df1000-84e00000 ---p 00000000 00:00 0 
84f00000-84ffe000 rw-p 00000000 00:00 0 
84ffe000-85000000 ---p 00000000 00:00 0 
8505d000-850ac000 r-xp 00000000 08:01 28969572   /usr/lib/jvm/java-7-openjdk-i386/jre/lib/i386/libfontmanager.so
850ac000-850ae000 r--p 0004e000 08:01 28969572   /usr/lib/jvm/java-7-openjdk-i386/jre/lib/i386/libfontmanager.so
850ae000-850af000 rw-p 00050000 08:01 28969572   /usr/lib/jvm/java-7-openjdk-i386/jre/lib/i386/libfontmanager.so
850af000-850b2000 ---p 00000000 00:00 0 
850b2000-85100000 rw-p 00000000 00:00 0 
85100000-851f2000 rw-p 00000000 00:00 0 
851f2000-85200000 ---p 00000000 00:00 0 
8520d000-85210000 ---p 00000000 00:00 0 
85210000-8525e000 rw-p 00000000 00:00 0 
8525e000-85261000 ---p 00000000 00:00 0 
85261000-852af000 rw-p 00000000 00:00 0 
852af000-852b2000 ---p 00000000 00:00 0 
852b2000-85300000 rw-p 00000000 00:00 0 
85300000-853fe000 rw-p 00000000 00:00 0 
853fe000-85400000 ---p 00000000 00:00 0 
85400000-854ed000 rw-p 00000000 00:00 0 
854ed000-85500000 ---p 00000000 00:00 0 
85500000-85600000 rw-p 00000000 00:00 0 
85617000-8561a000 ---p 00000000 00:00 0 
8561a000-85668000 rw-p 00000000 00:00 0          [stack:3002]
85680000-856af000 r--s 00000000 08:01 15204510   /var/cache/fontconfig/365b55f210c0a22e9a19e35191240f32-le32d4.cache-4
856af000-856b2000 ---p 00000000 00:00 0 
856b2000-85700000 rw-p 00000000 00:00 0          [stack:3010]
85a00000-85afb000 rw-p 00000000 00:00 0 
85afb000-85b00000 ---p 00000000 00:00 0 
85b0d000-85b10000 ---p 00000000 00:00 0 
85b10000-85b5e000 rw-p 00000000 00:00 0          [stack:3001]
85b5e000-85b61000 ---p 00000000 00:00 0 
85b61000-85baf000 rw-p 00000000 00:00 0          [stack:3009]
85baf000-85bb2000 ---p 00000000 00:00 0 
85bb2000-85c00000 rw-p 00000000 00:00 0          [stack:3007]
85c00000-85ccc000 rw-p 00000000 00:00 0 
85ccc000-85d00000 ---p 00000000 00:00 0 
85d07000-85d0d000 r--s 00000000 08:01 15212892   /var/cache/fontconfig/a6d8cf8e4ec09cdbc8633c31745a07dd-le32d4.cache-4
85d0d000-85d10000 ---p 00000000 00:00 0 
85d10000-85d5e000 rw-p 00000000 00:00 0          [stack:3008]
85d5e000-85d61000 ---p 00000000 00:00 0 
85d61000-85daf000 rw-p 00000000 00:00 0          [stack:3005]
85daf000-85db2000 ---p 00000000 00:00 0 
85db2000-85e00000 rw-p 00000000 00:00 0 
85e00000-85fff000 rw-p 00000000 00:00 0 
85fff000-86000000 ---p 00000000 00:00 0 
86000000-860c4000 rw-p 00000000 00:00 0 
860c4000-86100000 ---p 00000000 00:00 0 
86100000-86200000 rw-p 00000000 00:00 0 
86200000-862da000 rw-p 00000000 00:00 0 
862da000-86300000 ---p 00000000 00:00 0 
86300000-86302000 r--s 00000000 08:01 15212908   /var/cache/fontconfig/99e8ed0e538f840c565b6ed5dad60d56-le32d4.cache-4
86302000-86306000 r--s 00000000 08:01 15204485   /var/cache/fontconfig/2cd17615ca594fa2959ae173292e504c-le32d4.cache-4
86306000-86307000 r--s 00000000 08:01 15204515   /var/cache/fontconfig/e7071f4a29fa870f4323321c154eba04-le32d4.cache-4
86307000-86308000 r--s 00000000 08:01 15204482   /var/cache/fontconfig/0d8c3b2ac0904cb8a57a757ad11a4a08-le32d4.cache-4
86308000-8630d000 r--s 00000000 08:01 15204502   /var/cache/fontconfig/a755afe4a08bf5b97852ceb7400b47bc-le32d4.cache-4
8630d000-86310000 r--s 00000000 08:01 15213073   /var/cache/fontconfig/6d41288fd70b0be22e8c3a91e032eec0-le32d4.cache-4
86310000-8631f000 r--s 00000000 08:01 15204480   /var/cache/fontconfig/04aabc0a78ac019cf9454389977116d2-le32d4.cache-4
8631f000-86322000 r--s 00000000 08:01 15204488   /var/cache/fontconfig/385c0604a188198f04d133e54aba7fe7-le32d4.cache-4
86322000-86324000 r--s 00000000 08:01 15204496   /var/cache/fontconfig/767a8244fc0220cfb567a839d0392e0b-le32d4.cache-4
86324000-86328000 r--s 00000000 08:01 15204498   /var/cache/fontconfig/8801497958630a81b71ace7c5f9b32a8-le32d4.cache-4
86328000-8632d000 r--s 00000000 08:01 15204486   /var/cache/fontconfig/3047814df9a2f067bd2d96a2b9c36e5a-le32d4.cache-4
8632d000-86331000 r--s 00000000 08:01 15204503   /var/cache/fontconfig/b47c4e1ecd0709278f4910c18777a504-le32d4.cache-4
86331000-86338000 r--s 00000000 08:01 15212889   /var/cache/fontconfig/52f7bdb7ce746bfd7eaa1985bd9cfa93-le32d4.cache-4
86338000-86348000 r--s 00000000 08:01 15204509   /var/cache/fontconfig/d52a8644073d54c13679302ca1180695-le32d4.cache-4
86348000-8634f000 r--s 00000000 08:01 15204489   /var/cache/fontconfig/3f7329c5293ffd510edef78f73874cfd-le32d4.cache-4
8634f000-86352000 ---p 00000000 00:00 0 
86352000-863a0000 rw-p 00000000 00:00 0          [stack:2995]
863a0000-863a3000 ---p 00000000 00:00 0 
863a3000-863f1000 rw-p 00000000 00:00 0          [stack:2994]
863f1000-863f4000 r-xp 00000000 08:01 20710397   /lib/i386-linux-gnu/libgpg-error.so.0.10.0
863f4000-863f5000 r--p 00002000 08:01 20710397   /lib/i386-linux-gnu/libgpg-error.so.0.10.0
863f5000-863f6000 rw-p 00003000 08:01 20710397   /lib/i386-linux-gnu/libgpg-error.so.0.10.0
863f6000-863f8000 r-xp 00000000 08:01 20710407   /lib/i386-linux-gnu/libkeyutils.so.1.4
863f8000-863f9000 r--p 00002000 08:01 20710407   /lib/i386-linux-gnu/libkeyutils.so.1.4
863f9000-863fa000 rw-p 00003000 08:01 20710407   /lib/i386-linux-gnu/libkeyutils.so.1.4
863fa000-86414000 r-xp 00000000 08:01 28055150   /usr/lib/i386-linux-gnu/libgraphite2.so.3.0.1
86414000-86415000 r--p 00019000 08:01 28055150   /usr/lib/i386-linux-gnu/libgraphite2.so.3.0.1
86415000-86416000 rw-p 0001a000 08:01 28055150   /usr/lib/i386-linux-gnu/libgraphite2.so.3.0.1
86416000-8645f000 r-xp 00000000 08:01 20710378   /lib/i386-linux-gnu/libdbus-1.so.3.7.6
8645f000-86460000 r--p 00048000 08:01 20710378   /lib/i386-linux-gnu/libdbus-1.so.3.7.6
86460000-86461000 rw-p 00049000 08:01 20710378   /lib/i386-linux-gnu/libdbus-1.so.3.7.6
86461000-86498000 r-xp 00000000 08:01 28055448   /usr/lib/i386-linux-gnu/libp11-kit.so.0.0.0
86498000-86499000 ---p 00037000 08:01 28055448   /usr/lib/i386-linux-gnu/libp11-kit.so.0.0.0
86499000-8649c000 r--p 00037000 08:01 28055448   /usr/lib/i386-linux-gnu/libp11-kit.so.0.0.0
8649c000-8649d000 rw-p 0003a000 08:01 28055448   /usr/lib/i386-linux-gnu/libp11-kit.so.0.0.0
8649d000-864af000 r-xp 00000000 08:01 28055631   /usr/lib/i386-linux-gnu/libtasn1.so.6.2.0
864af000-864b0000 r--p 00011000 08:01 28055631   /usr/lib/i386-linux-gnu/libtasn1.so.6.2.0
864b0000-864b1000 rw-p 00012000 08:01 28055631   /usr/lib/i386-linux-gnu/libtasn1.so.6.2.0
864b1000-86533000 r-xp 00000000 08:01 20710393   /lib/i386-linux-gnu/libgcrypt.so.11.8.2
86533000-86534000 r--p 00081000 08:01 20710393   /lib/i386-linux-gnu/libgcrypt.so.11.8.2
86534000-86536000 rw-p 00082000 08:01 20710393   /lib/i386-linux-gnu/libgcrypt.so.11.8.2
86536000-86537000 rw-p 00000000 00:00 0 
86537000-86541000 r-xp 00000000 08:01 28055331   /usr/lib/i386-linux-gnu/libkrb5support.so.0.1
86541000-86542000 r--p 00009000 08:01 28055331   /usr/lib/i386-linux-gnu/libkrb5support.so.0.1
86542000-86543000 rw-p 0000a000 08:01 28055331   /usr/lib/i386-linux-gnu/libkrb5support.so.0.1
86543000-86546000 r-xp 00000000 08:01 20710373   /lib/i386-linux-gnu/libcom_err.so.2.1
86546000-86547000 r--p 00002000 08:01 20710373   /lib/i386-linux-gnu/libcom_err.so.2.1
86547000-86548000 rw-p 00003000 08:01 20710373   /lib/i386-linux-gnu/libcom_err.so.2.1
86548000-86576000 r-xp 00000000 08:01 28055325   /usr/lib/i386-linux-gnu/libk5crypto.so.3.1
86576000-86577000 r--p 0002d000 08:01 28055325   /usr/lib/i386-linux-gnu/libk5crypto.so.3.1
86577000-86578000 rw-p 0002e000 08:01 28055325   /usr/lib/i386-linux-gnu/libk5crypto.so.3.1
86578000-8662f000 r-xp 00000000 08:01 28055329   /usr/lib/i386-linux-gnu/libkrb5.so.3.3
8662f000-86635000 r--p 000b7000 08:01 28055329   /usr/lib/i386-linux-gnu/libkrb5.so.3.3
86635000-86636000 rw-p 000bd000 08:01 28055329   /usr/lib/i386-linux-gnu/libkrb5.so.3.3
86636000-8663d000 r-xp 00000000 08:01 28054924   /usr/lib/i386-linux-gnu/libdatrie.so.1.3.1
8663d000-8663e000 r--p 00006000 08:01 28054924   /usr/lib/i386-linux-gnu/libdatrie.so.1.3.1
8663e000-8663f000 rw-p 00007000 08:01 28054924   /usr/lib/i386-linux-gnu/libdatrie.so.1.3.1
8663f000-86693000 r-xp 00000000 08:01 28055263   /usr/lib/i386-linux-gnu/libharfbuzz.so.0.927.0
86693000-86694000 r--p 00054000 08:01 28055263   /usr/lib/i386-linux-gnu/libharfbuzz.so.0.927.0
86694000-86695000 rw-p 00055000 08:01 28055263   /usr/lib/i386-linux-gnu/libharfbuzz.so.0.927.0
86695000-8669d000 r-xp 00000000 08:01 28055771   /usr/lib/i386-linux-gnu/libxcb-render.so.0.0.0
8669d000-8669e000 r--p 00008000 08:01 28055771   /usr/lib/i386-linux-gnu/libxcb-render.so.0.0.0
8669e000-8669f000 rw-p 00009000 08:01 28055771   /usr/lib/i386-linux-gnu/libxcb-render.so.0.0.0
8669f000-866c5000 r-xp 00000000 08:01 20710479   /lib/i386-linux-gnu/libpng12.so.0.50.0
866c5000-866c6000 r--p 00025000 08:01 20710479   /lib/i386-linux-gnu/libpng12.so.0.50.0
866c6000-866c7000 rw-p 00026000 08:01 20710479   /lib/i386-linux-gnu/libpng12.so.0.50.0
866c7000-8676b000 r-xp 00000000 08:01 28055479   /usr/lib/i386-linux-gnu/libpixman-1.so.0.30.2
8676b000-86770000 r--p 000a4000 08:01 28055479   /usr/lib/i386-linux-gnu/libpixman-1.so.0.30.2
86770000-86771000 rw-p 000a9000 08:01 28055479   /usr/lib/i386-linux-gnu/libpixman-1.so.0.30.2
86771000-86776000 r-xp 00000000 08:01 28054732   /usr/lib/i386-linux-gnu/libXdmcp.so.6.0.0
86776000-86777000 r--p 00004000 08:01 28054732   /usr/lib/i386-linux-gnu/libXdmcp.so.6.0.0
86777000-86778000 rw-p 00005000 08:01 28054732   /usr/lib/i386-linux-gnu/libXdmcp.so.6.0.0
86778000-86839000 r-xp 00000000 08:01 28055125   /usr/lib/i386-linux-gnu/libgnutls.so.26.22.6
86839000-8683d000 r--p 000c0000 08:01 28055125   /usr/lib/i386-linux-gnu/libgnutls.so.26.22.6
8683d000-8683e000 rw-p 000c4000 08:01 28055125   /usr/lib/i386-linux-gnu/libgnutls.so.26.22.6
8683e000-86881000 r-xp 00000000 08:01 28055159   /usr/lib/i386-linux-gnu/libgssapi_krb5.so.2.2
86881000-86882000 r--p 00042000 08:01 28055159   /usr/lib/i386-linux-gnu/libgssapi_krb5.so.2.2
86882000-86883000 rw-p 00043000 08:01 28055159   /usr/lib/i386-linux-gnu/libgssapi_krb5.so.2.2
86883000-86933000 r-xp 00000000 08:01 28049640   /usr/lib/i386-linux-gnu/libfreetype.so.6.11.1
86933000-86937000 r--p 000af000 08:01 28049640   /usr/lib/i386-linux-gnu/libfreetype.so.6.11.1
86937000-8693a000 rw-p 000b3000 08:01 28049640   /usr/lib/i386-linux-gnu/libfreetype.so.6.11.1
8693a000-86a59000 r-xp 00000000 08:01 28054852   /usr/lib/i386-linux-gnu/libcairo.so.2.11301.0
86a59000-86a5b000 r--p 0011e000 08:01 28054852   /usr/lib/i386-linux-gnu/libcairo.so.2.11301.0
86a5b000-86a5c000 rw-p 00120000 08:01 28054852   /usr/lib/i386-linux-gnu/libcairo.so.2.11301.0
86a5c000-86a5d000 rw-p 00000000 00:00 0 
86a5d000-86ec4000 r-xp 00000000 08:01 28059254   /usr/lib/i386-linux-gnu/libgtk-x11-2.0.so.0.2400.23
86ec4000-86ec8000 r--p 00466000 08:01 28059254   /usr/lib/i386-linux-gnu/libgtk-x11-2.0.so.0.2400.23
86ec8000-86eca000 rw-p 0046a000 08:01 28059254   /usr/lib/i386-linux-gnu/libgtk-x11-2.0.so.0.2400.23
86eca000-86ecc000 rw-p 00000000 00:00 0 
86ecc000-86ffc000 r-xp 00000000 08:01 28054717   /usr/lib/i386-linux-gnu/libX11.so.6.3.0
86ffc000-86ffd000 r--p 00130000 08:01 28054717   /usr/lib/i386-linux-gnu/libX11.so.6.3.0
86ffd000-86fff000 rw-p 00131000 08:01 28054717   /usr/lib/i386-linux-gnu/libX11.so.6.3.0
86fff000-87000000 rw-p 00000000 00:00 0 
87000000-87100000 rw-p 00000000 00:00 0 
87100000-87102000 r-xp 00000000 08:01 28055775   /usr/lib/i386-linux-gnu/libxcb-shm.so.0.0.0
87102000-87103000 r--p 00001000 08:01 28055775   /usr/lib/i386-linux-gnu/libxcb-shm.so.0.0.0
87103000-87104000 rw-p 00002000 08:01 28055775   /usr/lib/i386-linux-gnu/libxcb-shm.so.0.0.0
87104000-87106000 r-xp 00000000 08:01 28054721   /usr/lib/i386-linux-gnu/libXau.so.6.0.0
87106000-87107000 r--p 00001000 08:01 28054721   /usr/lib/i386-linux-gnu/libXau.so.6.0.0
87107000-87108000 rw-p 00002000 08:01 28054721   /usr/lib/i386-linux-gnu/libXau.so.6.0.0
87108000-87118000 r-xp 00000000 08:01 28054825   /usr/lib/i386-linux-gnu/libavahi-client.so.3.2.9
87118000-87119000 r--p 0000f000 08:01 28054825   /usr/lib/i386-linux-gnu/libavahi-client.so.3.2.9
87119000-8711a000 rw-p 00010000 08:01 28054825   /usr/lib/i386-linux-gnu/libavahi-client.so.3.2.9
8711a000-87126000 r-xp 00000000 08:01 28054827   /usr/lib/i386-linux-gnu/libavahi-common.so.3.5.3
87126000-87127000 r--p 0000b000 08:01 28054827   /usr/lib/i386-linux-gnu/libavahi-common.so.3.5.3
87127000-87128000 rw-p 0000c000 08:01 28054827   /usr/lib/i386-linux-gnu/libavahi-common.so.3.5.3
87128000-8714d000 r-xp 00000000 08:01 20710386   /lib/i386-linux-gnu/libexpat.so.1.6.0
8714d000-8714e000 ---p 00025000 08:01 20710386   /lib/i386-linux-gnu/libexpat.so.1.6.0
8714e000-87150000 r--p 00025000 08:01 20710386   /lib/i386-linux-gnu/libexpat.so.1.6.0
87150000-87151000 rw-p 00027000 08:01 20710386   /lib/i386-linux-gnu/libexpat.so.1.6.0
87151000-87159000 r-xp 00000000 08:01 28055647   /usr/lib/i386-linux-gnu/libthai.so.0.2.0
87159000-8715a000 r--p 00007000 08:01 28055647   /usr/lib/i386-linux-gnu/libthai.so.0.2.0
8715a000-8715b000 rw-p 00008000 08:01 28055647   /usr/lib/i386-linux-gnu/libthai.so.0.2.0
8715b000-8715d000 r-xp 00000000 08:01 28054730   /usr/lib/i386-linux-gnu/libXdamage.so.1.1.0
8715d000-8715e000 r--p 00001000 08:01 28054730   /usr/lib/i386-linux-gnu/libXdamage.so.1.1.0
8715e000-8715f000 rw-p 00002000 08:01 28054730   /usr/lib/i386-linux-gnu/libXdamage.so.1.1.0
8715f000-87161000 r-xp 00000000 08:01 28054726   /usr/lib/i386-linux-gnu/libXcomposite.so.1.0.0
87161000-87162000 r--p 00001000 08:01 28054726   /usr/lib/i386-linux-gnu/libXcomposite.so.1.0.0
87162000-87163000 rw-p 00002000 08:01 28054726   /usr/lib/i386-linux-gnu/libXcomposite.so.1.0.0
87163000-8716c000 r-xp 00000000 08:01 28054728   /usr/lib/i386-linux-gnu/libXcursor.so.1.0.2
8716c000-8716d000 r--p 00008000 08:01 28054728   /usr/lib/i386-linux-gnu/libXcursor.so.1.0.2
8716d000-8716e000 rw-p 00009000 08:01 28054728   /usr/lib/i386-linux-gnu/libXcursor.so.1.0.2
8716e000-87177000 r-xp 00000000 08:01 28054754   /usr/lib/i386-linux-gnu/libXrandr.so.2.2.0
87177000-87178000 r--p 00008000 08:01 28054754   /usr/lib/i386-linux-gnu/libXrandr.so.2.2.0
87178000-87179000 rw-p 00009000 08:01 28054754   /usr/lib/i386-linux-gnu/libXrandr.so.2.2.0
87179000-8717b000 r-xp 00000000 08:01 28054744   /usr/lib/i386-linux-gnu/libXinerama.so.1.0.0
8717b000-8717c000 r--p 00001000 08:01 28054744   /usr/lib/i386-linux-gnu/libXinerama.so.1.0.0
8717c000-8717d000 rw-p 00002000 08:01 28054744   /usr/lib/i386-linux-gnu/libXinerama.so.1.0.0
8717d000-87191000 r-xp 00000000 08:01 28055460   /usr/lib/i386-linux-gnu/libpangoft2-1.0.so.0.3600.3
87191000-87192000 r--p 00013000 08:01 28055460   /usr/lib/i386-linux-gnu/libpangoft2-1.0.so.0.3600.3
87192000-87193000 rw-p 00014000 08:01 28055460   /usr/lib/i386-linux-gnu/libpangoft2-1.0.so.0.3600.3
87193000-871fa000 r-xp 00000000 08:01 28054910   /usr/lib/i386-linux-gnu/libcups.so.2
871fa000-871fb000 ---p 00067000 08:01 28054910   /usr/lib/i386-linux-gnu/libcups.so.2
871fb000-871ff000 r--p 00067000 08:01 28054910   /usr/lib/i386-linux-gnu/libcups.so.2
871ff000-87200000 rw-p 0006b000 08:01 28054910   /usr/lib/i386-linux-gnu/libcups.so.2
87200000-872ff000 rw-p 00000000 00:00 0 
872ff000-87300000 ---p 00000000 00:00 0 
87300000-87301000 r--s 00000000 08:01 15204484   /var/cache/fontconfig/1ac9eb803944fde146138c791f5cc56a-le32d4.cache-4
87301000-8731f000 r-xp 00000000 08:01 28054813   /usr/lib/i386-linux-gnu/libatk-1.0.so.0.21009.1
8731f000-87321000 r--p 0001d000 08:01 28054813   /usr/lib/i386-linux-gnu/libatk-1.0.so.0.21009.1
87321000-87322000 rw-p 0001f000 08:01 28054813   /usr/lib/i386-linux-gnu/libatk-1.0.so.0.21009.1
87322000-8732d000 r-xp 00000000 08:01 28055458   /usr/lib/i386-linux-gnu/libpangocairo-1.0.so.0.3600.3
8732d000-8732e000 r--p 0000a000 08:01 28055458   /usr/lib/i386-linux-gnu/libpangocairo-1.0.so.0.3600.3
8732e000-8732f000 rw-p 0000b000 08:01 28055458   /usr/lib/i386-linux-gnu/libpangocairo-1.0.so.0.3600.3
8732f000-8734f000 r-xp 00000000 08:01 28055785   /usr/lib/i386-linux-gnu/libxcb.so.1.1.0
8734f000-87350000 r--p 0001f000 08:01 28055785   /usr/lib/i386-linux-gnu/libxcb.so.1.1.0
87350000-87351000 rw-p 00020000 08:01 28055785   /usr/lib/i386-linux-gnu/libxcb.so.1.1.0
87351000-873fc000 r-xp 00000000 08:01 28057141   /usr/lib/i386-linux-gnu/libgdk-x11-2.0.so.0.2400.23
873fc000-873fd000 ---p 000ab000 08:01 28057141   /usr/lib/i386-linux-gnu/libgdk-x11-2.0.so.0.2400.23
873fd000-873ff000 r--p 000ab000 08:01 28057141   /usr/lib/i386-linux-gnu/libgdk-x11-2.0.so.0.2400.23
873ff000-87400000 rw-p 000ad000 08:01 28057141   /usr/lib/i386-linux-gnu/libgdk-x11-2.0.so.0.2400.23
87400000-87500000 rw-p 00000000 00:00 0 
87500000-87539000 r-xp 00000000 08:01 28055013   /usr/lib/i386-linux-gnu/libfontconfig.so.1.8.0
87539000-8753a000 r--p 00039000 08:01 28055013   /usr/lib/i386-linux-gnu/libfontconfig.so.1.8.0
8753a000-8753b000 rw-p 0003a000 08:01 28055013   /usr/lib/i386-linux-gnu/libfontconfig.so.1.8.0
8753b000-87585000 r-xp 00000000 08:01 28055456   /usr/lib/i386-linux-gnu/libpango-1.0.so.0.3600.3
87585000-87586000 ---p 0004a000 08:01 28055456   /usr/lib/i386-linux-gnu/libpango-1.0.so.0.3600.3
87586000-87587000 r--p 0004a000 08:01 28055456   /usr/lib/i386-linux-gnu/libpango-1.0.so.0.3600.3
87587000-87588000 rw-p 0004b000 08:01 28055456   /usr/lib/i386-linux-gnu/libpango-1.0.so.0.3600.3
87588000-875a9000 r-xp 00000000 08:01 28055078   /usr/lib/i386-linux-gnu/libgdk_pixbuf-2.0.so.0.3000.7
875a9000-875aa000 r--p 00020000 08:01 28055078   /usr/lib/i386-linux-gnu/libgdk_pixbuf-2.0.so.0.3000.7
875aa000-875ab000 rw-p 00021000 08:01 28055078   /usr/lib/i386-linux-gnu/libgdk_pixbuf-2.0.so.0.3000.7
875ab000-875fc000 r-xp 00000000 08:01 28968718   /usr/lib/jvm/java-7-openjdk-i386/jre/lib/i386/xawt/libmawt.so
875fc000-875fd000 r--p 00050000 08:01 28968718   /usr/lib/jvm/java-7-openjdk-i386/jre/lib/i386/xawt/libmawt.so
875fd000-875ff000 rw-p 00051000 08:01 28968718   /usr/lib/jvm/java-7-openjdk-i386/jre/lib/i386/xawt/libmawt.so
875ff000-87600000 rw-p 00000000 00:00 0 
87600000-87669000 rw-p 00000000 00:00 0 
87669000-87700000 ---p 00000000 00:00 0 
87700000-87701000 r--s 00000000 08:01 15204512   /var/cache/fontconfig/dc05db6664285cc2f12bf69c139ae4c3-le32d4.cache-4
87701000-87702000 r--s 00000000 08:01 15204490   /var/cache/fontconfig/4794a0821666d79190d59a36cb4f44b5-le32d4.cache-4
87702000-87706000 r-xp 00000000 08:01 28054736   /usr/lib/i386-linux-gnu/libXfixes.so.3.1.0
87706000-87707000 r--p 00003000 08:01 28054736   /usr/lib/i386-linux-gnu/libXfixes.so.3.1.0
87707000-87708000 rw-p 00004000 08:01 28054736   /usr/lib/i386-linux-gnu/libXfixes.so.3.1.0
87708000-87717000 r-xp 00000000 08:01 28054742   /usr/lib/i386-linux-gnu/libXi.so.6.1.0
87717000-87718000 r--p 0000e000 08:01 28054742   /usr/lib/i386-linux-gnu/libXi.so.6.1.0
87718000-87719000 rw-p 0000f000 08:01 28054742   /usr/lib/i386-linux-gnu/libXi.so.6.1.0
87719000-8771e000 r-xp 00000000 08:01 28054762   /usr/lib/i386-linux-gnu/libXtst.so.6.1.0
8771e000-8771f000 r--p 00004000 08:01 28054762   /usr/lib/i386-linux-gnu/libXtst.so.6.1.0
8771f000-87720000 rw-p 00005000 08:01 28054762   /usr/lib/i386-linux-gnu/libXtst.so.6.1.0
87720000-87729000 r-xp 00000000 08:01 28054756   /usr/lib/i386-linux-gnu/libXrender.so.1.3.0
87729000-8772a000 r--p 00008000 08:01 28054756   /usr/lib/i386-linux-gnu/libXrender.so.1.3.0
8772a000-8772b000 rw-p 00009000 08:01 28054756   /usr/lib/i386-linux-gnu/libXrender.so.1.3.0
8772b000-8772c000 r--s 00000000 08:01 15204492   /var/cache/fontconfig/56cf4f4769d0f4abc89a4895d7bd3ae1-le32d4.cache-4
8772c000-8772d000 r--s 00000000 08:01 15204504   /var/cache/fontconfig/b9d506c9ac06c20b433354fa67a72993-le32d4.cache-4
8772d000-87736000 r--s 00000000 08:01 15213261   /var/cache/fontconfig/d589a48862398ed80a3d6066f4f56f4c-le32d4.cache-4
87736000-87737000 r--s 00000000 08:01 15204481   /var/cache/fontconfig/0c9eb80ebd1c36541ebe2852d3bb0c49-le32d4.cache-4
87737000-8773c000 r--s 0004c000 08:01 28838170   /usr/lib/jvm/java-7-openjdk-i386/jre/lib/jsse.jar
8773c000-87745000 r--s 000b9000 08:01 28838178   /usr/lib/jvm/java-7-openjdk-i386/jre/lib/resources.jar
87745000-877d4000 r-xp 00000000 08:01 28969574   /usr/lib/jvm/java-7-openjdk-i386/jre/lib/i386/libawt.so
877d4000-877d5000 r--p 0008e000 08:01 28969574   /usr/lib/jvm/java-7-openjdk-i386/jre/lib/i386/libawt.so
877d5000-877dc000 rw-p 0008f000 08:01 28969574   /usr/lib/jvm/java-7-openjdk-i386/jre/lib/i386/libawt.so
877dc000-87800000 rw-p 00000000 00:00 0 
87800000-878fe000 rw-p 00000000 00:00 0 
878fe000-87900000 ---p 00000000 00:00 0 
87900000-879ff000 rw-p 00000000 00:00 0 
879ff000-87a00000 ---p 00000000 00:00 0 
87a00000-87ad8000 rw-p 00000000 00:00 0 
87ad8000-87b00000 ---p 00000000 00:00 0 
87b00000-87bfb000 rw-p 00000000 00:00 0 
87bfb000-87c00000 ---p 00000000 00:00 0 
87c00000-87cd2000 rw-p 00000000 00:00 0 
87cd2000-87d00000 ---p 00000000 00:00 0 
87d00000-87dfb000 rw-p 00000000 00:00 0 
87dfb000-87e00000 ---p 00000000 00:00 0 
87e00000-87feb000 rw-p 00000000 00:00 0 
87feb000-88000000 ---p 00000000 00:00 0 
88000000-88100000 rw-p 00000000 00:00 0 
88100000-88103000 r--s 00000000 08:01 15213072   /var/cache/fontconfig/7ef2298fde41cc6eeb7af42e48b7d293-le32d4.cache-4
88103000-88104000 r-xp 00000000 08:01 28055239   /usr/lib/i386-linux-gnu/libgthread-2.0.so.0.4000.0
88104000-88105000 r--p 00000000 08:01 28055239   /usr/lib/i386-linux-gnu/libgthread-2.0.so.0.4000.0
88105000-88106000 rw-p 00001000 08:01 28055239   /usr/lib/i386-linux-gnu/libgthread-2.0.so.0.4000.0
88106000-88117000 r-xp 00000000 08:01 28054734   /usr/lib/i386-linux-gnu/libXext.so.6.4.0
88117000-88118000 r--p 00010000 08:01 28054734   /usr/lib/i386-linux-gnu/libXext.so.6.4.0
88118000-88119000 rw-p 00011000 08:01 28054734   /usr/lib/i386-linux-gnu/libXext.so.6.4.0
88119000-8811b000 r--s 00024000 08:01 2368832    /home/stas/.m2/repository/org/clojure/clojurescript/0.0-2202/clojurescript-0.0-2202.jar
8811b000-88145000 r--s 001e9000 08:01 2368837    /home/stas/.m2/repository/com/google/guava/guava/15.0/guava-15.0.jar
88145000-88147000 r--s 0000b000 08:01 2490897    /home/stas/.m2/repository/org/apache/maven/wagon/wagon-provider-api/2.2/wagon-provider-api-2.2.jar
88147000-8814d000 r--s 0002c000 08:01 2490876    /home/stas/.m2/repository/org/sonatype/sisu/sisu-inject-plexus/2.2.3/sisu-inject-plexus-2.2.3.jar
8814d000-8816e000 r--s 0015a000 08:01 2490999    /home/stas/.m2/repository/bouncycastle/bcprov-jdk14/138/bcprov-jdk14-138.jar
8816e000-881a1000 r--s 00338000 08:01 2368833    /home/stas/.m2/repository/com/google/javascript/closure-compiler/v20131014/closure-compiler-v20131014.jar
881a1000-881a2000 r--s 00003000 08:01 2490867    /home/stas/.m2/repository/org/sonatype/aether/aether-spi/1.13.1/aether-spi-1.13.1.jar
881a2000-881a4000 r--s 0000a000 08:01 2368841    /home/stas/.m2/repository/org/json/json/20090211/json-20090211.jar
881a4000-881a8000 r--s 00097000 08:01 2491010    /home/stas/.m2/repository/quil/processing-core/2.2.1/processing-core-2.2.1.jar
881a8000-881cb000 r--s 0049d000 08:01 2491016    /home/stas/.m2/repository/quil/jogl-all-fat/2.1.5/jogl-all-fat-2.1.5.jar
881cb000-88207000 r-xp 00000000 08:01 20710467   /lib/i386-linux-gnu/libpcre.so.3.13.1
88207000-88208000 r--p 0003b000 08:01 20710467   /lib/i386-linux-gnu/libpcre.so.3.13.1
88208000-88209000 rw-p 0003c000 08:01 20710467   /lib/i386-linux-gnu/libpcre.so.3.13.1
88209000-8821c000 r-xp 00000000 08:01 20710490   /lib/i386-linux-gnu/libresolv-2.19.so
8821c000-8821d000 ---p 00013000 08:01 20710490   /lib/i386-linux-gnu/libresolv-2.19.so
8821d000-8821e000 r--p 00013000 08:01 20710490   /lib/i386-linux-gnu/libresolv-2.19.so
8821e000-8821f000 rw-p 00014000 08:01 20710490   /lib/i386-linux-gnu/libresolv-2.19.so
8821f000-88221000 rw-p 00000000 00:00 0 
88221000-8832b000 r-xp 00000000 08:01 20710395   /lib/i386-linux-gnu/libglib-2.0.so.0.4000.0
8832b000-8832c000 r--p 00109000 08:01 20710395   /lib/i386-linux-gnu/libglib-2.0.so.0.4000.0
8832c000-8832d000 rw-p 0010a000 08:01 20710395   /lib/i386-linux-gnu/libglib-2.0.so.0.4000.0
8832d000-8837d000 r-xp 00000000 08:01 28055132   /usr/lib/i386-linux-gnu/libgobject-2.0.so.0.4000.0
8837d000-8837e000 r--p 0004f000 08:01 28055132   /usr/lib/i386-linux-gnu/libgobject-2.0.so.0.4000.0
8837e000-8837f000 rw-p 00050000 08:01 28055132   /usr/lib/i386-linux-gnu/libgobject-2.0.so.0.4000.0
8837f000-884fc000 r-xp 00000000 08:01 28055102   /usr/lib/i386-linux-gnu/libgio-2.0.so.0.4000.0
884fc000-884fe000 r--p 0017c000 08:01 28055102   /usr/lib/i386-linux-gnu/libgio-2.0.so.0.4000.0
884fe000-884ff000 rw-p 0017e000 08:01 28055102   /usr/lib/i386-linux-gnu/libgio-2.0.so.0.4000.0
884ff000-88500000 rw-p 00000000 00:00 0 
88500000-885fb000 rw-p 00000000 00:00 0 
885fb000-88600000 ---p 00000000 00:00 0 
88600000-88700000 rw-p 00000000 00:00 0 
88700000-887fa000 rw-p 00000000 00:00 0 
887fa000-88800000 ---p 00000000 00:00 0 
88800000-88802000 r--s 00026000 08:01 2490884    /home/stas/.m2/repository/org/apache/maven/maven-model/3.0.4/maven-model-3.0.4.jar
88802000-88803000 r--s 00000000 08:01 2491009    /home/stas/.m2/repository/quil/processing-dxf/2.2.1/processing-dxf-2.2.1.jar
88803000-88804000 r--s 00002000 08:01 2490860    /home/stas/.m2/repository/com/cemerick/pomegranate/0.2.0/pomegranate-0.2.0.jar
88804000-88806000 r--s 00001000 08:01 2368854    /home/stas/.m2/repository/fs/fs/1.3.3/fs-1.3.3.jar
88806000-88808000 r--s 00006000 08:01 2490890    /home/stas/.m2/repository/org/apache/maven/maven-repository-metadata/3.0.4/maven-repository-metadata-3.0.4.jar
88808000-8880e000 r--s 0004d000 08:01 2491014    /home/stas/.m2/repository/quil/gluegen-rt-fat/2.1.5/gluegen-rt-fat-2.1.5.jar
8880e000-8882e000 r-xp 00000000 08:01 20709471   /lib/i386-linux-gnu/libselinux.so.1
8882e000-8882f000 r--p 0001f000 08:01 20709471   /lib/i386-linux-gnu/libselinux.so.1
8882f000-88830000 rw-p 00020000 08:01 20709471   /lib/i386-linux-gnu/libselinux.so.1
88830000-88831000 rw-p 00000000 00:00 0 
88831000-88833000 r--s 00002000 08:01 2368853    /home/stas/.m2/repository/ibdknox/analyzer/0.0.2/analyzer-0.0.2.jar
88833000-8883e000 r--s 0006d000 08:01 2490882    /home/stas/.m2/repository/org/sonatype/sisu/sisu-guice/3.0.3/sisu-guice-3.0.3-no_aop.jar
8883e000-8884b000 r--s 00109000 08:01 2368846    /home/stas/.m2/repository/org/mozilla/rhino/1.7R4/rhino-1.7R4.jar
8884b000-8888a000 r--s 00340000 08:01 2368830    /home/stas/.m2/repository/org/clojure/clojure/1.6.0/clojure-1.6.0.jar
8888a000-8888b000 ---p 00000000 00:00 0 
8888b000-8890b000 rw-p 00000000 00:00 0          [stack:2993]
8890b000-8890e000 ---p 00000000 00:00 0 
8890e000-8895c000 rw-p 00000000 00:00 0          [stack:2992]
8895c000-8895f000 ---p 00000000 00:00 0 
8895f000-889dd000 rw-p 00000000 00:00 0          [stack:2991]
889dd000-889e0000 ---p 00000000 00:00 0 
889e0000-88a5e000 rw-p 00000000 00:00 0          [stack:2990]
88a5e000-88a61000 ---p 00000000 00:00 0 
88a61000-88aaf000 rw-p 00000000 00:00 0          [stack:2989]
88aaf000-88caf000 r--p 00000000 08:01 28057742   /usr/lib/locale/locale-archive
88caf000-88cb2000 ---p 00000000 00:00 0 
88cb2000-88d00000 rw-p 00000000 00:00 0          [stack:2988]
88d00000-88e00000 rw-p 00000000 00:00 0 
88e00000-88e21000 rw-p 00000000 00:00 0 
88e21000-88f00000 ---p 00000000 00:00 0 
88f00000-88ffe000 rw-p 00000000 00:00 0 
88ffe000-89000000 ---p 00000000 00:00 0 
89000000-89003000 r--s 0001d000 08:01 2490866    /home/stas/.m2/repository/org/sonatype/aether/aether-impl/1.13.1/aether-impl-1.13.1.jar
89003000-89004000 r--s 00001000 08:01 2490923    /home/stas/.m2/repository/tigris/tigris/0.1.1/tigris-0.1.1.jar
89004000-89005000 r--s 00000000 08:01 2368593    /home/stas/.m2/repository/clojure-complete/clojure-complete/0.2.3/clojure-complete-0.2.3.jar
89005000-8900a000 r-xp 00000000 08:01 28054999   /usr/lib/i386-linux-gnu/libffi.so.6.0.1
8900a000-8900b000 r--p 00005000 08:01 28054999   /usr/lib/i386-linux-gnu/libffi.so.6.0.1
8900b000-8900c000 rw-p 00006000 08:01 28054999   /usr/lib/i386-linux-gnu/libffi.so.6.0.1
8900c000-89023000 r-xp 00000000 08:01 28969326   /usr/lib/jvm/java-7-openjdk-i386/jre/lib/i386/libnet.so
89023000-89024000 r--p 00016000 08:01 28969326   /usr/lib/jvm/java-7-openjdk-i386/jre/lib/i386/libnet.so
89024000-89025000 rw-p 00017000 08:01 28969326   /usr/lib/jvm/java-7-openjdk-i386/jre/lib/i386/libnet.so
89025000-89050000 r--s 004a4000 08:01 2490855    /home/stas/.m2/repository/org/clojure/google-closure-library/0.0-20140226-71326067/google-closure-library-0.0-20140226-71326067.jar
89050000-89051000 ---p 00000000 00:00 0 
89051000-890d1000 rw-p 00000000 00:00 0          [stack:2986]
890d1000-89280000 r--s 01cfb000 08:01 28838171   /usr/lib/jvm/java-7-openjdk-i386/jre/lib/rt.jar
89280000-8a900000 rw-p 00000000 00:00 0 
8a900000-8a9ff000 rw-p 00000000 00:00 0 
8a9ff000-8aa00000 ---p 00000000 00:00 0 
8aa00000-8aa02000 r--s 0000a000 08:01 2490872    /home/stas/.m2/repository/org/codehaus/plexus/plexus-classworlds/2.4/plexus-classworlds-2.4.jar
8aa02000-8aa05000 r-xp 00000000 08:01 28055116   /usr/lib/i386-linux-gnu/libgmodule-2.0.so.0.4000.0
8aa05000-8aa06000 r--p 00002000 08:01 28055116   /usr/lib/i386-linux-gnu/libgmodule-2.0.so.0.4000.0
8aa06000-8aa07000 rw-p 00003000 08:01 28055116   /usr/lib/i386-linux-gnu/libgmodule-2.0.so.0.4000.0
8aa07000-8aa18000 r-xp 00000000 08:01 28969523   /usr/lib/jvm/java-7-openjdk-i386/jre/lib/i386/libnio.so
8aa18000-8aa19000 r--p 00010000 08:01 28969523   /usr/lib/jvm/java-7-openjdk-i386/jre/lib/i386/libnio.so
8aa19000-8aa1a000 rw-p 00011000 08:01 28969523   /usr/lib/jvm/java-7-openjdk-i386/jre/lib/i386/libnio.so
8aa1a000-8aa1e000 r--s 0002b000 08:01 2490996    /home/stas/.m2/repository/bouncycastle/bcmail-jdk14/138/bcmail-jdk14-138.jar
8aa1e000-8aa21000 r--s 00013000 08:01 2490861    /home/stas/.m2/repository/org/sonatype/aether/aether-api/1.13.1/aether-api-1.13.1.jar
8aa21000-8aa26000 r--s 00040000 08:01 2490904    /home/stas/.m2/repository/org/jsoup/jsoup/1.6.1/jsoup-1.6.1.jar
8aa26000-8aa28000 r--s 0000d000 08:01 2490910    /home/stas/.m2/repository/commons-codec/commons-codec/1.4/commons-codec-1.4.jar
8aa28000-8aa2a000 r--s 00011000 08:01 2490856    /home/stas/.m2/repository/org/clojure/google-closure-library-third-party/0.0-20140226-71326067/google-closure-library-third-party-0.0-20140226-71326067.jar
8aa2a000-8aa2e000 r--s 0001c000 08:01 2490862    /home/stas/.m2/repository/org/sonatype/aether/aether-util/1.13.1/aether-util-1.13.1.jar
8aa2e000-8aa31000 ---p 00000000 00:00 0 
8aa31000-8aa7f000 rw-p 00000000 00:00 0          [stack:2987]
8aa7f000-8aa80000 ---p 00000000 00:00 0 
8aa80000-8ab00000 rw-p 00000000 00:00 0          [stack:2985]
8ab00000-8ab31000 rw-p 00000000 00:00 0 
8ab31000-8ac00000 ---p 00000000 00:00 0 
8ac00000-8ac02000 r--s 00009000 08:01 2368851    /home/stas/.m2/repository/ibdknox/tools.reader/0.8.1/tools.reader-0.8.1.jar
8ac02000-8ac06000 r--s 0002a000 08:01 2368829    /home/stas/.m2/repository/commons-io/commons-io/2.4/commons-io-2.4.jar
8ac06000-8ac08000 r--s 00008000 08:01 2368590    /home/stas/.m2/repository/org/clojure/tools.nrepl/0.2.3/tools.nrepl-0.2.3.jar
8ac08000-8ac0a000 r--s 0000c000 08:01 2490883    /home/stas/.m2/repository/org/apache/maven/maven-aether-provider/3.0.4/maven-aether-provider-3.0.4.jar
8ac0a000-8ac0b000 r--s 00005000 08:01 2490997    /home/stas/.m2/repository/org/bouncycastle/bctsp-jdk14/1.38/bctsp-jdk14-1.38.jar
8ac0b000-8ac0d000 r--s 00002000 08:01 2490921    /home/stas/.m2/repository/cheshire/cheshire/5.2.0/cheshire-5.2.0.jar
8ac0d000-8ac11000 r--s 00021000 08:01 2490886    /home/stas/.m2/repository/org/apache/maven/maven-model-builder/3.0.4/maven-model-builder-3.0.4.jar
8ac11000-8ac1d000 r--s 00108000 08:01 2490998    /home/stas/.m2/repository/com/lowagie/itext/2.1.7/itext-2.1.7.jar
8ac1d000-8ac1f000 r--s 00006000 08:01 2490902    /home/stas/.m2/repository/org/apache/maven/wagon/wagon-http-shared4/2.2/wagon-http-shared4-2.2.jar
8ac1f000-8ac24000 r--s 00028000 08:01 2490911    /home/stas/.m2/repository/org/apache/httpcomponents/httpcore/4.1.2/httpcore-4.1.2.jar
8ac24000-8ac2a000 r--s 00068000 08:01 2368840    /home/stas/.m2/repository/com/google/protobuf/protobuf-java/2.4.1/protobuf-java-2.4.1.jar
8ac2a000-8ac2e000 r--s 00033000 08:01 2490875    /home/stas/.m2/repository/org/codehaus/plexus/plexus-utils/2.0.7/plexus-utils-2.0.7.jar
8ac2e000-8ac36000 r--s 0004e000 08:01 2490907    /home/stas/.m2/repository/org/apache/httpcomponents/httpclient/4.1.2/httpclient-4.1.2.jar
8ac36000-8ac7f000 rw-p 00000000 00:00 0 
8ac7f000-8ac80000 ---p 00000000 00:00 0 
8ac80000-8ad00000 rw-p 00000000 00:00 0          [stack:2984]
8ad00000-8ad7b000 rw-p 00000000 00:00 0 
8ad7b000-8ae00000 ---p 00000000 00:00 0 
8ae00000-8ae03000 r--s 00036000 08:01 2491012    /home/stas/.m2/repository/quil/quil/2.1.0/quil-2.1.0.jar
8ae03000-8ae24000 r--s 0015a000 08:01 2491000    /home/stas/.m2/repository/org/bouncycastle/bcprov-jdk14/1.38/bcprov-jdk14-1.38.jar
8ae24000-8ae7f000 rw-p 00000000 00:00 0 
8ae7f000-8ae80000 ---p 00000000 00:00 0 
8ae80000-8af00000 rw-p 00000000 00:00 0          [stack:2983]
8af00000-8af75000 rw-p 00000000 00:00 0 
8af75000-8b000000 ---p 00000000 00:00 0 
8b000000-8b002000 r--s 0000d000 08:01 2490905    /home/stas/.m2/repository/commons-logging/commons-logging/1.1.1/commons-logging-1.1.1.jar
8b002000-8b005000 r--s 0002c000 08:01 2490916    /home/stas/.m2/repository/com/fasterxml/jackson/core/jackson-core/2.2.1/jackson-core-2.2.1.jar
8b005000-8b009000 r--s 0002b000 08:01 2491002    /home/stas/.m2/repository/org/bouncycastle/bcmail-jdk14/1.38/bcmail-jdk14-1.38.jar
8b009000-8b00b000 r--s 0000e000 08:01 2490914    /home/stas/.m2/repository/com/fasterxml/jackson/dataformat/jackson-dataformat-smile/2.2.1/jackson-dataformat-smile-2.2.1.jar
8b00b000-8b00d000 r--s 00000000 08:01 2490893    /home/stas/.m2/repository/org/codehaus/plexus/plexus-component-annotations/1.5.5/plexus-component-annotations-1.5.5.jar
8b00d000-8b013000 r--s 0003a000 08:01 2490881    /home/stas/.m2/repository/org/sonatype/sisu/sisu-inject-bean/2.2.3/sisu-inject-bean-2.2.3.jar
8b013000-8b014000 ---p 00000000 00:00 0 
8b014000-8b0a4000 rw-p 00000000 00:00 0          [stack:2982]
8b0a4000-8b0a7000 ---p 00000000 00:00 0 
8b0a7000-8b0d4000 rw-p 00000000 00:00 0 
8b0d4000-8b0fb000 rw-p 00000000 00:00 0 
8b0fb000-8b102000 ---p 00000000 00:00 0 
8b102000-8b17f000 rw-p 00000000 00:00 0 
8b17f000-8b18f000 rw-p 00000000 00:00 0 
8b18f000-8b192000 ---p 00000000 00:00 0 
8b192000-8b1bf000 rw-p 00000000 00:00 0 
8b1bf000-8b1e6000 rw-p 00000000 00:00 0 
8b1e6000-8b1ed000 ---p 00000000 00:00 0 
8b1ed000-8b269000 rw-p 00000000 00:00 0 
8b269000-8b2ba000 rw-p 00000000 00:00 0 
8b2ba000-8b2bf000 ---p 00000000 00:00 0 
8b2bf000-8d180000 rw-p 00000000 00:00 0 
8d180000-8d780000 ---p 00000000 00:00 0 
8d780000-932c0000 rw-p 00000000 00:00 0 
932c0000-97f40000 rw-p 00000000 00:00 0 
97f40000-98ec0000 ---p 00000000 00:00 0 
98ec0000-a8800000 rw-p 00000000 00:00 0 
a8800000-b2780000 rw-p 00000000 00:00 0 
b2780000-b32c0000 ---p 00000000 00:00 0 
b32c0000-b32c1000 r--s 00007000 08:01 2490918    /home/stas/.m2/repository/org/clojure/tools.reader/0.8.3/tools.reader-0.8.3.jar
b32c1000-b32c2000 r--s 00001000 08:01 2490858    /home/stas/.m2/repository/org/clojure/data.json/0.2.3/data.json-0.2.3.jar
b32c2000-b32c4000 r--s 0000d000 08:01 2490888    /home/stas/.m2/repository/org/codehaus/plexus/plexus-interpolation/1.14/plexus-interpolation-1.14.jar
b32c4000-b32c5000 r--s 00005000 08:01 2490868    /home/stas/.m2/repository/org/sonatype/aether/aether-connector-file/1.13.1/aether-connector-file-1.13.1.jar
b32c5000-b32c6000 r--s 00002000 08:01 2490899    /home/stas/.m2/repository/org/apache/maven/wagon/wagon-http/2.2/wagon-http-2.2.jar
b32c6000-b32cb000 r--s 00032000 08:01 2368831    /home/stas/.m2/repository/org/apache/commons/commons-compress/1.3/commons-compress-1.3.jar
b32cb000-b32cc000 r--s 00001000 08:01 2491008    /home/stas/.m2/repository/quil/processing-pdf/2.2.1/processing-pdf-2.2.1.jar
b32cc000-b32cd000 r--s 00002000 08:01 2368855    /home/stas/.m2/repository/clj-stacktrace/clj-stacktrace/0.2.7/clj-stacktrace-0.2.7.jar
b32cd000-b32ce000 r--s 00004000 08:01 2368859    /home/stas/.m2/repository/lein-light-nrepl/lein-light-nrepl/0.0.18/lein-light-nrepl-0.0.18.jar
b32ce000-b32d0000 r--s 00000000 08:01 2490895    /home/stas/.m2/repository/org/tcrawley/dynapath/0.2.3/dynapath-0.2.3.jar
b32d0000-b32d2000 r--s 0000c000 08:01 2368835    /home/stas/.m2/repository/args4j/args4j/2.0.16/args4j-2.0.16.jar
b32d2000-b32d4000 r--s 00006000 08:01 2490871    /home/stas/.m2/repository/org/sonatype/aether/aether-connector-wagon/1.13.1/aether-connector-wagon-1.13.1.jar
b32d4000-b32d7000 r--s 00006000 08:01 2368843    /home/stas/.m2/repository/com/google/code/findbugs/jsr305/1.3.9/jsr305-1.3.9.jar
b32d7000-b32d9000 r--s 00006000 08:01 28446944   /usr/share/java/java-atk-wrapper.jar
b32d9000-b32dc000 r--s 00032000 08:01 28969581   /usr/lib/jvm/java-7-openjdk-i386/jre/lib/ext/sunjce_provider.jar
b32dc000-b32e0000 r--s 0003b000 08:01 28969580   /usr/lib/jvm/java-7-openjdk-i386/jre/lib/ext/sunpkcs11.jar
b32e0000-b32e2000 r--s 00012000 08:01 28969585   /usr/lib/jvm/java-7-openjdk-i386/jre/lib/ext/zipfs.jar
b32e2000-b32e5000 r--s 0000f000 08:01 28969583   /usr/lib/jvm/java-7-openjdk-i386/jre/lib/ext/pulse-java.jar
b32e5000-b32f7000 rw-p 00000000 00:00 0 
b32f7000-b33a5000 rw-p 00000000 00:00 0 
b33a5000-b3815000 rwxp 00000000 00:00 0 
b3815000-b63a5000 rw-p 00000000 00:00 0 
b63a5000-b63b0000 r-xp 00000000 08:01 20710439   /lib/i386-linux-gnu/libnss_files-2.19.so
b63b0000-b63b1000 r--p 0000a000 08:01 20710439   /lib/i386-linux-gnu/libnss_files-2.19.so
b63b1000-b63b2000 rw-p 0000b000 08:01 20710439   /lib/i386-linux-gnu/libnss_files-2.19.so
b63b2000-b63bc000 r-xp 00000000 08:01 20710449   /lib/i386-linux-gnu/libnss_nis-2.19.so
b63bc000-b63bd000 r--p 00009000 08:01 20710449   /lib/i386-linux-gnu/libnss_nis-2.19.so
b63bd000-b63be000 rw-p 0000a000 08:01 20710449   /lib/i386-linux-gnu/libnss_nis-2.19.so
b63be000-b63d3000 r-xp 00000000 08:01 20710433   /lib/i386-linux-gnu/libnsl-2.19.so
b63d3000-b63d4000 r--p 00015000 08:01 20710433   /lib/i386-linux-gnu/libnsl-2.19.so
b63d4000-b63d5000 rw-p 00016000 08:01 20710433   /lib/i386-linux-gnu/libnsl-2.19.so
b63d5000-b63d7000 rw-p 00000000 00:00 0 
b63d7000-b63fe000 r-xp 00000000 08:01 28969324   /usr/lib/jvm/java-7-openjdk-i386/jre/lib/i386/libjava.so
b63fe000-b63ff000 r--p 00026000 08:01 28969324   /usr/lib/jvm/java-7-openjdk-i386/jre/lib/i386/libjava.so
b63ff000-b6400000 rw-p 00027000 08:01 28969324   /usr/lib/jvm/java-7-openjdk-i386/jre/lib/i386/libjava.so
b6400000-b64fa000 rw-p 00000000 00:00 0 
b64fa000-b6500000 ---p 00000000 00:00 0 
b6500000-b6501000 r--s 00002000 08:01 28969582   /usr/lib/jvm/java-7-openjdk-i386/jre/lib/ext/dnsns.jar
b6501000-b6505000 r--s 00085000 08:01 28969584   /usr/lib/jvm/java-7-openjdk-i386/jre/lib/ext/localedata.jar
b6505000-b650c000 r-xp 00000000 08:01 20710435   /lib/i386-linux-gnu/libnss_compat-2.19.so
b650c000-b650d000 r--p 00006000 08:01 20710435   /lib/i386-linux-gnu/libnss_compat-2.19.so
b650d000-b650e000 rw-p 00007000 08:01 20710435   /lib/i386-linux-gnu/libnss_compat-2.19.so
b650e000-b650f000 r--p 00855000 08:01 28057742   /usr/lib/locale/locale-archive
b650f000-b651e000 rw-p 00000000 00:00 0 
b651e000-b6526000 r-xp 00000000 08:01 28969561   /usr/lib/jvm/java-7-openjdk-i386/jre/lib/i386/libzip.so
b6526000-b6527000 r--p 00007000 08:01 28969561   /usr/lib/jvm/java-7-openjdk-i386/jre/lib/i386/libzip.so
b6527000-b6528000 rw-p 00008000 08:01 28969561   /usr/lib/jvm/java-7-openjdk-i386/jre/lib/i386/libzip.so
b6528000-b652f000 r-xp 00000000 08:01 20710492   /lib/i386-linux-gnu/librt-2.19.so
b652f000-b6530000 r--p 00006000 08:01 20710492   /lib/i386-linux-gnu/librt-2.19.so
b6530000-b6531000 rw-p 00007000 08:01 20710492   /lib/i386-linux-gnu/librt-2.19.so
b6531000-b6534000 ---p 00000000 00:00 0 
b6534000-b6582000 rw-p 00000000 00:00 0          [stack:2980]
b6582000-b659e000 r-xp 00000000 08:01 20710391   /lib/i386-linux-gnu/libgcc_s.so.1
b659e000-b659f000 rw-p 0001b000 08:01 20710391   /lib/i386-linux-gnu/libgcc_s.so.1
b659f000-b65e3000 r-xp 00000000 08:01 20710414   /lib/i386-linux-gnu/libm-2.19.so
b65e3000-b65e4000 r--p 00043000 08:01 20710414   /lib/i386-linux-gnu/libm-2.19.so
b65e4000-b65e5000 rw-p 00044000 08:01 20710414   /lib/i386-linux-gnu/libm-2.19.so
b65e5000-b66c1000 r-xp 00000000 08:01 28055625   /usr/lib/i386-linux-gnu/libstdc++.so.6.0.19
b66c1000-b66c2000 ---p 000dc000 08:01 28055625   /usr/lib/i386-linux-gnu/libstdc++.so.6.0.19
b66c2000-b66c6000 r--p 000dc000 08:01 28055625   /usr/lib/i386-linux-gnu/libstdc++.so.6.0.19
b66c6000-b66c7000 rw-p 000e0000 08:01 28055625   /usr/lib/i386-linux-gnu/libstdc++.so.6.0.19
b66c7000-b66ce000 rw-p 00000000 00:00 0 
b66ce000-b709a000 r-xp 00000000 08:01 28969322   /usr/lib/jvm/java-7-openjdk-i386/jre/lib/i386/server/libjvm.so
b709a000-b709b000 ---p 009cc000 08:01 28969322   /usr/lib/jvm/java-7-openjdk-i386/jre/lib/i386/server/libjvm.so
b709b000-b70ec000 r--p 009cc000 08:01 28969322   /usr/lib/jvm/java-7-openjdk-i386/jre/lib/i386/server/libjvm.so
b70ec000-b7100000 rw-p 00a1d000 08:01 28969322   /usr/lib/jvm/java-7-openjdk-i386/jre/lib/i386/server/libjvm.so
b7100000-b751e000 rw-p 00000000 00:00 0 
b751e000-b7536000 r-xp 00000000 08:01 20710527   /lib/i386-linux-gnu/libz.so.1.2.8
b7536000-b7537000 r--p 00017000 08:01 20710527   /lib/i386-linux-gnu/libz.so.1.2.8
b7537000-b7538000 rw-p 00018000 08:01 20710527   /lib/i386-linux-gnu/libz.so.1.2.8
b7538000-b7550000 r-xp 00000000 08:01 20710484   /lib/i386-linux-gnu/libpthread-2.19.so
b7550000-b7551000 r--p 00017000 08:01 20710484   /lib/i386-linux-gnu/libpthread-2.19.so
b7551000-b7552000 rw-p 00018000 08:01 20710484   /lib/i386-linux-gnu/libpthread-2.19.so
b7552000-b7554000 rw-p 00000000 00:00 0 
b7554000-b7557000 r-xp 00000000 08:01 20710381   /lib/i386-linux-gnu/libdl-2.19.so
b7557000-b7558000 r--p 00002000 08:01 20710381   /lib/i386-linux-gnu/libdl-2.19.so
b7558000-b7559000 rw-p 00003000 08:01 20710381   /lib/i386-linux-gnu/libdl-2.19.so
b7559000-b7702000 r-xp 00000000 08:01 20710364   /lib/i386-linux-gnu/libc-2.19.so
b7702000-b7704000 r--p 001a9000 08:01 20710364   /lib/i386-linux-gnu/libc-2.19.so
b7704000-b7705000 rw-p 001ab000 08:01 20710364   /lib/i386-linux-gnu/libc-2.19.so
b7705000-b7709000 rw-p 00000000 00:00 0 
b7709000-b7711000 rw-s 00000000 08:01 24903753   /tmp/hsperfdata_stas/2975
b7711000-b7712000 rw-p 00000000 00:00 0 
b7712000-b7713000 r--p 00000000 00:00 0 
b7713000-b7721000 r-xp 00000000 08:01 28969566   /usr/lib/jvm/java-7-openjdk-i386/jre/lib/i386/libverify.so
b7721000-b7722000 r--p 0000d000 08:01 28969566   /usr/lib/jvm/java-7-openjdk-i386/jre/lib/i386/libverify.so
b7722000-b7723000 rw-p 0000e000 08:01 28969566   /usr/lib/jvm/java-7-openjdk-i386/jre/lib/i386/libverify.so
b7723000-b772f000 r-xp 00000000 08:01 28969570   /usr/lib/jvm/java-7-openjdk-i386/jre/lib/i386/jli/libjli.so
b772f000-b7730000 r--p 0000c000 08:01 28969570   /usr/lib/jvm/java-7-openjdk-i386/jre/lib/i386/jli/libjli.so
b7730000-b7731000 rw-p 0000d000 08:01 28969570   /usr/lib/jvm/java-7-openjdk-i386/jre/lib/i386/jli/libjli.so
b7731000-b7733000 rw-p 00000000 00:00 0 
b7733000-b7734000 r-xp 00000000 00:00 0          [vdso]
b7734000-b7754000 r-xp 00000000 08:01 20710340   /lib/i386-linux-gnu/ld-2.19.so
b7754000-b7755000 r--p 0001f000 08:01 20710340   /lib/i386-linux-gnu/ld-2.19.so
b7755000-b7756000 rw-p 00020000 08:01 20710340   /lib/i386-linux-gnu/ld-2.19.so
bfeb4000-bfed7000 rw-p 00000000 00:00 0          [stack]

VM Arguments:
jvm_args: -Dclojure.compile.path=/home/stas/projects/firebrick/target/classes -Dfirebrick.version=0.1.0-SNAPSHOT -Dfile.encoding=UTF-8 -Dclojure.debug=false 
java_command: clojure.main -i /tmp/form-init7380958609593302489.clj
Launcher Type: SUN_STANDARD

Environment Variables:
PATH=/home/stas/bin:/usr/local/sbin:/usr/local/bin:/usr/sbin:/usr/bin:/sbin:/bin:/usr/games:/usr/local/games
LD_LIBRARY_PATH=/usr/local/LightTable:
SHELL=/bin/bash
DISPLAY=:0

Signal Handlers:
SIGSEGV: [libjvm.so+0x7eebf0], sa_mask[0]=0x7ffbfeff, sa_flags=0x10000004
SIGBUS: [libjvm.so+0x7eebf0], sa_mask[0]=0x7ffbfeff, sa_flags=0x10000004
SIGFPE: [libjvm.so+0x66c6a0], sa_mask[0]=0x7ffbfeff, sa_flags=0x10000004
SIGPIPE: [libjvm.so+0x66c6a0], sa_mask[0]=0x7ffbfeff, sa_flags=0x10000004
SIGXFSZ: [libjvm.so+0x66c6a0], sa_mask[0]=0x7ffbfeff, sa_flags=0x10000004
SIGILL: [libjvm.so+0x66c6a0], sa_mask[0]=0x7ffbfeff, sa_flags=0x10000004
SIGUSR1: SIG_DFL, sa_mask[0]=0x00000000, sa_flags=0x00000000
SIGUSR2: [libjvm.so+0x66c530], sa_mask[0]=0x00000004, sa_flags=0x10000004
SIGHUP: [libjvm.so+0x66c760], sa_mask[0]=0x7ffbfeff, sa_flags=0x10000004
SIGINT: [libjvm.so+0x66c760], sa_mask[0]=0x7ffbfeff, sa_flags=0x10000004
SIGTERM: [libjvm.so+0x66c760], sa_mask[0]=0x7ffbfeff, sa_flags=0x10000004
SIGQUIT: [libjvm.so+0x66c760], sa_mask[0]=0x7ffbfeff, sa_flags=0x10000004


---------------  S Y S T E M  ---------------

OS:Ubuntu 14.04 (trusty)
uname:Linux 3.13.0-29-generic #53-Ubuntu SMP Wed Jun 4 21:02:19 UTC 2014 i686
libc:glibc 2.19 NPTL 2.19 
rlimit: STACK 8192k, CORE 0k, NPROC 15889, NOFILE 4096, AS infinity
load average:6.83 1.78 0.81

/proc/meminfo:
MemTotal:        2053004 kB
MemFree:         1521864 kB
Buffers:           13180 kB
Cached:           198228 kB
SwapCached:        29100 kB
Active:           196416 kB
Inactive:         239136 kB
Active(anon):     119436 kB
Inactive(anon):   114596 kB
Active(file):      76980 kB
Inactive(file):   124540 kB
Unevictable:           0 kB
Mlocked:               0 kB
HighTotal:       1172472 kB
HighFree:         862784 kB
LowTotal:         880532 kB
LowFree:          659080 kB
SwapTotal:       2083836 kB
SwapFree:        1275000 kB
Dirty:               568 kB
Writeback:             0 kB
AnonPages:        203208 kB
Mapped:            51388 kB
Shmem:              9464 kB
Slab:              36192 kB
SReclaimable:      15496 kB
SUnreclaim:        20696 kB
KernelStack:        1648 kB
PageTables:         4436 kB
NFS_Unstable:          0 kB
Bounce:                0 kB
WritebackTmp:          0 kB
CommitLimit:     3110336 kB
Committed_AS:    1858844 kB
VmallocTotal:     122880 kB
VmallocUsed:       49124 kB
VmallocChunk:      63764 kB
HardwareCorrupted:     0 kB
AnonHugePages:    143360 kB
HugePages_Total:       0
HugePages_Free:        0
HugePages_Rsvd:        0
HugePages_Surp:        0
Hugepagesize:       2048 kB
DirectMap4k:      165880 kB
DirectMap2M:      747520 kB


CPU:total 4 (4 cores per cpu, 1 threads per core) family 6 model 15 stepping 11, cmov, cx8, fxsr, mmx, sse, sse2, sse3, ssse3, tsc

/proc/cpuinfo:
processor	: 0
vendor_id	: GenuineIntel
cpu family	: 6
model		: 15
model name	: Intel(R) Core(TM)2 Quad CPU    Q6700  @ 2.66GHz
stepping	: 11
microcode	: 0xb6
cpu MHz		: 2660.000
cache size	: 4096 KB
physical id	: 0
siblings	: 4
core id		: 0
cpu cores	: 4
apicid		: 0
initial apicid	: 0
fdiv_bug	: no
f00f_bug	: no
coma_bug	: no
fpu		: yes
fpu_exception	: yes
cpuid level	: 10
wp		: yes
flags		: fpu vme de pse tsc msr pae mce cx8 apic sep mtrr pge mca cmov pat pse36 clflush dts acpi mmx fxsr sse sse2 ss ht tm pbe nx lm constant_tsc arch_perfmon pebs bts aperfmperf pni dtes64 monitor ds_cpl vmx est tm2 ssse3 cx16 xtpr pdcm lahf_lm dtherm tpr_shadow vnmi flexpriority
bogomips	: 5333.26
clflush size	: 64
cache_alignment	: 64
address sizes	: 36 bits physical, 48 bits virtual
power management:

processor	: 1
vendor_id	: GenuineIntel
cpu family	: 6
model		: 15
model name	: Intel(R) Core(TM)2 Quad CPU    Q6700  @ 2.66GHz
stepping	: 11
microcode	: 0xb6
cpu MHz		: 2660.000
cache size	: 4096 KB
physical id	: 0
siblings	: 4
core id		: 1
cpu cores	: 4
apicid		: 1
initial apicid	: 1
fdiv_bug	: no
f00f_bug	: no
coma_bug	: no
fpu		: yes
fpu_exception	: yes
cpuid level	: 10
wp		: yes
flags		: fpu vme de pse tsc msr pae mce cx8 apic sep mtrr pge mca cmov pat pse36 clflush dts acpi mmx fxsr sse sse2 ss ht tm pbe nx lm constant_tsc arch_perfmon pebs bts aperfmperf pni dtes64 monitor ds_cpl vmx est tm2 ssse3 cx16 xtpr pdcm lahf_lm dtherm tpr_shadow vnmi flexpriority
bogomips	: 5333.26
clflush size	: 64
cache_alignment	: 64
address sizes	: 36 bits physical, 48 bits virtual
power management:

processor	: 2
vendor_id	: GenuineIntel
cpu family	: 6
model		: 15
model name	: Intel(R) Core(TM)2 Quad CPU    Q6700  @ 2.66GHz
stepping	: 11
microcode	: 0xb6
cpu MHz		: 2660.000
cache size	: 4096 KB
physical id	: 0
siblings	: 4
core id		: 2
cpu cores	: 4
apicid		: 2
initial apicid	: 2
fdiv_bug	: no
f00f_bug	: no
coma_bug	: no
fpu		: yes
fpu_exception	: yes
cpuid level	: 10
wp		: yes
flags		: fpu vme de pse tsc msr pae mce cx8 apic sep mtrr pge mca cmov pat pse36 clflush dts acpi mmx fxsr sse sse2 ss ht tm pbe nx lm constant_tsc arch_perfmon pebs bts aperfmperf pni dtes64 monitor ds_cpl vmx est tm2 ssse3 cx16 xtpr pdcm lahf_lm dtherm tpr_shadow vnmi flexpriority
bogomips	: 5333.26
clflush size	: 64
cache_alignment	: 64
address sizes	: 36 bits physical, 48 bits virtual
power management:

processor	: 3
vendor_id	: GenuineIntel
cpu family	: 6
model		: 15
model name	: Intel(R) Core(TM)2 Quad CPU    Q6700  @ 2.66GHz
stepping	: 11
microcode	: 0xb6
cpu MHz		: 1596.000
cache size	: 4096 KB
physical id	: 0
siblings	: 4
core id		: 3
cpu cores	: 4
apicid		: 3
initial apicid	: 3
fdiv_bug	: no
f00f_bug	: no
coma_bug	: no
fpu		: yes
fpu_exception	: yes
cpuid level	: 10
wp		: yes
flags		: fpu vme de pse tsc msr pae mce cx8 apic sep mtrr pge mca cmov pat pse36 clflush dts acpi mmx fxsr sse sse2 ss ht tm pbe nx lm constant_tsc arch_perfmon pebs bts aperfmperf pni dtes64 monitor ds_cpl vmx est tm2 ssse3 cx16 xtpr pdcm lahf_lm dtherm tpr_shadow vnmi flexpriority
bogomips	: 5333.26
clflush size	: 64
cache_alignment	: 64
address sizes	: 36 bits physical, 48 bits virtual
power management:



Memory: 4k page, physical 2053004k(1521740k free), swap 2083836k(1275012k free)

vm_info: OpenJDK Server VM (24.51-b03) for linux-x86 JRE (1.7.0_55-b14), built on May  6 2014 05:33:44 by "buildd" with gcc 4.8.2

time: Sun Jul  6 03:07:37 2014
elapsed time: 50270 seconds

