#
# A fatal error has been detected by the Java Runtime Environment:
#
#  SIGSEGV (0xb) at pc=0xb33d255d, pid=7489, tid=2251840320
#
# JRE version: OpenJDK Runtime Environment (7.0_55-b14) (build 1.7.0_55-b14)
# Java VM: OpenJDK Server VM (24.51-b03 mixed mode linux-x86 )
# Problematic frame:
# v  ~BufferBlob::jni_fast_GetLongField
#
# Failed to write core dump. Core dumps have been disabled. To enable core dumping, try "ulimit -c unlimited" before starting Java again
#
# If you would like to submit a bug report, please include
# instructions on how to reproduce the bug and visit:
#   http://icedtea.classpath.org/bugzilla
# The crash happened outside the Java Virtual Machine in native code.
# See problematic frame for where to report the bug.
#

---------------  T H R E A D  ---------------

Current thread (0x87b7e400):  JavaThread "AWT-XAWT" daemon [_thread_in_native, id=7509, stack(0x86335000,0x86386000)]

siginfo:si_signo=SIGSEGV: si_errno=0, si_code=1 (SEGV_MAPERR), si_addr=0x00000000

Registers:
EAX=0x00000000, EBX=0x875fd000, ECX=0x00000d08, EDX=0x00000000
ESP=0x86384df8, EBP=0x86384e48, ESI=0x00000042, EDI=0x87b7e528
EIP=0xb33d255d, EFLAGS=0x00210246, CR2=0x00000000

Top of Stack: (sp=0x86384df8)
0x86384df8:   00000000 875c9853 87b7e528 00000000
0x86384e08:   00000042 b76ed000 b76ed000 87926d60
0x86384e18:   00000000 87b7e528 87926d6c 87b90b28
0x86384e28:   86384e48 875c9924 b70db060 00010002
0x86384e38:   875c982f 86ffd000 8ab151b0 00000000
0x86384e48:   8ab11bf0 86f29e18 8ab11bf0 00000000
0x86384e58:   00000000 86ffd000 8791ef80 87939510
0x86384e68:   86f29db9 86ffd000 8ab11fb0 00e00003 

Instructions: (pc=0xb33d255d)
0xb33d253d:   00 00 00 56 8b 0d 24 5f 0f b7 f6 c1 01 0f 85 30
0xb33d254d:   00 00 00 8b c1 83 e0 01 8b 54 04 0c 8b 74 24 10
0xb33d255d:   8b 12 c1 ee 02 8b 04 32 8b 54 32 04 be 24 5f 0f
0xb33d256d:   b7 33 f2 33 f0 33 f2 33 f0 3b 0e 0f 85 02 00 00 

Register to memory mapping:

EAX=0x00000000 is an unknown value
EBX=0x875fd000: <offset 0x52000> in /usr/lib/jvm/java-7-openjdk-i386/jre/lib/i386/xawt/libmawt.so at 0x875ab000
ECX=0x00000d08 is an unknown value
EDX=0x00000000 is an unknown value
ESP=0x86384df8 is pointing into the stack for thread: 0x87b7e400
EBP=0x86384e48 is pointing into the stack for thread: 0x87b7e400
ESI=0x00000042 is an unknown value
EDI=0x87b7e528 is an unknown value


Stack: [0x86335000,0x86386000],  sp=0x86384df8,  free space=319k
Native frames: (J=compiled Java code, j=interpreted, Vv=VM code, C=native code)
v  ~BufferBlob::jni_fast_GetLongField

Java frames: (J=compiled Java code, j=interpreted, Vv=VM code)
j  sun.awt.X11.XlibWrapper.XFilterEvent(JJ)Z+0
J  sun.awt.X11.XToolkit.run(Z)V
j  sun.awt.X11.XToolkit.run()V+5
j  java.lang.Thread.run()V+11
v  ~StubRoutines::call_stub

---------------  P R O C E S S  ---------------

Java Threads: ( => current thread )
  0x8725f400 JavaThread "clojure-agent-send-off-pool-7" [_thread_blocked, id=7517, stack(0x8535e000,0x853af000)]
  0x8a97a000 JavaThread "clojure-agent-send-off-pool-6" [_thread_blocked, id=7516, stack(0x853af000,0x85400000)]
  0x85ee7400 JavaThread "clojure-agent-send-off-pool-5" [_thread_blocked, id=7515, stack(0x8580d000,0x8585e000)]
  0x85e70c00 JavaThread "clojure-agent-send-off-pool-4" [_thread_blocked, id=7514, stack(0x8585e000,0x858af000)]
  0x0811ac00 JavaThread "clojure-agent-send-off-pool-2" [_thread_in_native, id=7512, stack(0x85b0d000,0x85b5e000)]
  0x886c7000 JavaThread "clojure-agent-send-off-pool-1" [_thread_blocked, id=7511, stack(0x85b5e000,0x85baf000)]
  0x886e6800 JavaThread "clojure-agent-send-off-pool-0" [_thread_in_native, id=7510, stack(0x85baf000,0x85c00000)]
=>0x87b7e400 JavaThread "AWT-XAWT" daemon [_thread_in_native, id=7509, stack(0x86335000,0x86386000)]
  0x87b6f000 JavaThread "Java2D Disposer" daemon [_thread_blocked, id=7508, stack(0x86386000,0x863d7000)]
  0x88fa4400 JavaThread "Service Thread" daemon [_thread_blocked, id=7506, stack(0x8890b000,0x8895c000)]
  0x88fa2400 JavaThread "C2 CompilerThread1" daemon [_thread_blocked, id=7505, stack(0x8895c000,0x889dd000)]
  0x88fa0400 JavaThread "C2 CompilerThread0" daemon [_thread_blocked, id=7504, stack(0x889dd000,0x88a5e000)]
  0x88f9ec00 JavaThread "Signal Dispatcher" daemon [_thread_blocked, id=7503, stack(0x88a5e000,0x88aaf000)]
  0x88f8d000 JavaThread "Finalizer" daemon [_thread_blocked, id=7502, stack(0x88caf000,0x88d00000)]
  0x88f8b800 JavaThread "Reference Handler" daemon [_thread_blocked, id=7501, stack(0x8aa2e000,0x8aa7f000)]
  0xb640a800 JavaThread "main" [_thread_blocked, id=7495, stack(0xb651a000,0xb656b000)]

Other Threads:
  0x88f89000 VMThread [stack: 0x89050000,0x890d1000] [id=7500]
  0x88fa6400 WatcherThread [stack: 0x8888a000,0x8890b000] [id=7507]

VM state:not at safepoint (normal execution)

VM Mutex/Monitor currently owned by a thread: None

Heap
 PSYoungGen      total 18432K, used 760K [0xa8800000, 0xb26c0000, 0xb32c0000)
  eden space 18176K, 4% used [0xa8800000,0xa88b61b8,0xa99c0000)
  from space 256K, 12% used [0xb2680000,0xb2688000,0xb26c0000)
  to   space 256K, 0% used [0xb2640000,0xb2640000,0xb2680000)
 ParOldGen       total 87040K, used 53515K [0x932c0000, 0x987c0000, 0xa8800000)
  object space 87040K, 61% used [0x932c0000,0x96702eb0,0x987c0000)
 PSPermGen       total 35328K, used 23402K [0x8b2c0000, 0x8d540000, 0x932c0000)
  object space 35328K, 66% used [0x8b2c0000,0x8c99a8c8,0x8d540000)

Card table byte_map: [0x8b17f000,0x8b2c0000] byte_map_base: 0x8ad25a00

Polling page: 0xb76fb000

Code Cache  [0xb338b000, 0xb37ab000, 0xb638b000)
 total_blobs=1473 nmethods=1208 adapters=218 free_code_cache=45278Kb largest_free_block=46022016

Compilation events (10 events):
Event: 4413.439 Thread 0x88fa2400 1543             clojure.lang.RT::nthFrom (221 bytes)
Event: 4413.447 Thread 0x88fa0400 1544             clojure.lang.APersistentVector$1::hasPrevious (13 bytes)
Event: 4413.448 Thread 0x88fa0400 nmethod 1544 0xb36c2048 code [0xb36c2120, 0xb36c2170]
Event: 4413.453 Thread 0x88fa2400 nmethod 1543 0xb36c2348 code [0xb36c25a0, 0xb36c2ee8]
Event: 8762.016 Thread 0x88fa0400 1546             java.util.concurrent.locks.ReentrantLock$Sync::nonfairTryAcquire (67 bytes)
Event: 8762.018 Thread 0x88fa0400 nmethod 1546 0xb36ce6c8 code [0xb36ce7c0, 0xb36ce870]
Event: 9729.048 Thread 0x88fa2400 1547             java.util.concurrent.locks.ReentrantLock$NonfairSync::tryAcquire (6 bytes)
Event: 9729.049 Thread 0x88fa2400 nmethod 1547 0xb3734708 code [0xb3734800, 0xb37348b0]
Event: 10146.992 Thread 0x88fa0400 1548             java.util.concurrent.locks.AbstractQueuedSynchronizer::acquire (27 bytes)
Event: 10146.994 Thread 0x88fa0400 nmethod 1548 0xb376c8c8 code [0xb376c9e0, 0xb376cb30]

GC Heap History (10 events):
Event: 19750.223 GC heap before
{Heap before GC invocations=1069 (full 8):
 PSYoungGen      total 18432K, used 18208K [0xa8800000, 0xb26c0000, 0xb32c0000)
  eden space 18176K, 100% used [0xa8800000,0xa99c0000,0xa99c0000)
  from space 256K, 12% used [0xb2680000,0xb2688000,0xb26c0000)
  to   space 256K, 0% used [0xb2640000,0xb2640000,0xb2680000)
 ParOldGen       total 87040K, used 53515K [0x932c0000, 0x987c0000, 0xa8800000)
  object space 87040K, 61% used [0x932c0000,0x96702eb0,0x987c0000)
 PSPermGen       total 35328K, used 23396K [0x8b2c0000, 0x8d540000, 0x932c0000)
  object space 35328K, 66% used [0x8b2c0000,0x8c999070,0x8d540000)
Event: 19750.226 GC heap after
Heap after GC invocations=1069 (full 8):
 PSYoungGen      total 18432K, used 32K [0xa8800000, 0xb26c0000, 0xb32c0000)
  eden space 18176K, 0% used [0xa8800000,0xa8800000,0xa99c0000)
  from space 256K, 12% used [0xb2640000,0xb2648000,0xb2680000)
  to   space 256K, 0% used [0xb2680000,0xb2680000,0xb26c0000)
 ParOldGen       total 87040K, used 53515K [0x932c0000, 0x987c0000, 0xa8800000)
  object space 87040K, 61% used [0x932c0000,0x96702eb0,0x987c0000)
 PSPermGen       total 35328K, used 23396K [0x8b2c0000, 0x8d540000, 0x932c0000)
  object space 35328K, 66% used [0x8b2c0000,0x8c999070,0x8d540000)
}
Event: 19772.400 GC heap before
{Heap before GC invocations=1070 (full 8):
 PSYoungGen      total 18432K, used 18208K [0xa8800000, 0xb26c0000, 0xb32c0000)
  eden space 18176K, 100% used [0xa8800000,0xa99c0000,0xa99c0000)
  from space 256K, 12% used [0xb2640000,0xb2648000,0xb2680000)
  to   space 256K, 0% used [0xb2680000,0xb2680000,0xb26c0000)
 ParOldGen       total 87040K, used 53515K [0x932c0000, 0x987c0000, 0xa8800000)
  object space 87040K, 61% used [0x932c0000,0x96702eb0,0x987c0000)
 PSPermGen       total 35328K, used 23396K [0x8b2c0000, 0x8d540000, 0x932c0000)
  object space 35328K, 66% used [0x8b2c0000,0x8c999070,0x8d540000)
Event: 19772.404 GC heap after
Heap after GC invocations=1070 (full 8):
 PSYoungGen      total 18432K, used 16K [0xa8800000, 0xb26c0000, 0xb32c0000)
  eden space 18176K, 0% used [0xa8800000,0xa8800000,0xa99c0000)
  from space 256K, 6% used [0xb2680000,0xb2684000,0xb26c0000)
  to   space 256K, 0% used [0xb2640000,0xb2640000,0xb2680000)
 ParOldGen       total 87040K, used 53515K [0x932c0000, 0x987c0000, 0xa8800000)
  object space 87040K, 61% used [0x932c0000,0x96702eb0,0x987c0000)
 PSPermGen       total 35328K, used 23396K [0x8b2c0000, 0x8d540000, 0x932c0000)
  object space 35328K, 66% used [0x8b2c0000,0x8c999070,0x8d540000)
}
Event: 19794.550 GC heap before
{Heap before GC invocations=1071 (full 8):
 PSYoungGen      total 18432K, used 18192K [0xa8800000, 0xb26c0000, 0xb32c0000)
  eden space 18176K, 100% used [0xa8800000,0xa99c0000,0xa99c0000)
  from space 256K, 6% used [0xb2680000,0xb2684000,0xb26c0000)
  to   space 256K, 0% used [0xb2640000,0xb2640000,0xb2680000)
 ParOldGen       total 87040K, used 53515K [0x932c0000, 0x987c0000, 0xa8800000)
  object space 87040K, 61% used [0x932c0000,0x96702eb0,0x987c0000)
 PSPermGen       total 35328K, used 23396K [0x8b2c0000, 0x8d540000, 0x932c0000)
  object space 35328K, 66% used [0x8b2c0000,0x8c999070,0x8d540000)
Event: 19794.553 GC heap after
Heap after GC invocations=1071 (full 8):
 PSYoungGen      total 18432K, used 32K [0xa8800000, 0xb26c0000, 0xb32c0000)
  eden space 18176K, 0% used [0xa8800000,0xa8800000,0xa99c0000)
  from space 256K, 12% used [0xb2640000,0xb2648000,0xb2680000)
  to   space 256K, 0% used [0xb2680000,0xb2680000,0xb26c0000)
 ParOldGen       total 87040K, used 53515K [0x932c0000, 0x987c0000, 0xa8800000)
  object space 87040K, 61% used [0x932c0000,0x96702eb0,0x987c0000)
 PSPermGen       total 35328K, used 23396K [0x8b2c0000, 0x8d540000, 0x932c0000)
  object space 35328K, 66% used [0x8b2c0000,0x8c999070,0x8d540000)
}
Event: 19816.726 GC heap before
{Heap before GC invocations=1072 (full 8):
 PSYoungGen      total 18432K, used 18208K [0xa8800000, 0xb26c0000, 0xb32c0000)
  eden space 18176K, 100% used [0xa8800000,0xa99c0000,0xa99c0000)
  from space 256K, 12% used [0xb2640000,0xb2648000,0xb2680000)
  to   space 256K, 0% used [0xb2680000,0xb2680000,0xb26c0000)
 ParOldGen       total 87040K, used 53515K [0x932c0000, 0x987c0000, 0xa8800000)
  object space 87040K, 61% used [0x932c0000,0x96702eb0,0x987c0000)
 PSPermGen       total 35328K, used 23396K [0x8b2c0000, 0x8d540000, 0x932c0000)
  object space 35328K, 66% used [0x8b2c0000,0x8c999070,0x8d540000)
Event: 19816.729 GC heap after
Heap after GC invocations=1072 (full 8):
 PSYoungGen      total 18432K, used 16K [0xa8800000, 0xb26c0000, 0xb32c0000)
  eden space 18176K, 0% used [0xa8800000,0xa8800000,0xa99c0000)
  from space 256K, 6% used [0xb2680000,0xb2684000,0xb26c0000)
  to   space 256K, 0% used [0xb2640000,0xb2640000,0xb2680000)
 ParOldGen       total 87040K, used 53515K [0x932c0000, 0x987c0000, 0xa8800000)
  object space 87040K, 61% used [0x932c0000,0x96702eb0,0x987c0000)
 PSPermGen       total 35328K, used 23396K [0x8b2c0000, 0x8d540000, 0x932c0000)
  object space 35328K, 66% used [0x8b2c0000,0x8c999070,0x8d540000)
}
Event: 19838.877 GC heap before
{Heap before GC invocations=1073 (full 8):
 PSYoungGen      total 18432K, used 18192K [0xa8800000, 0xb26c0000, 0xb32c0000)
  eden space 18176K, 100% used [0xa8800000,0xa99c0000,0xa99c0000)
  from space 256K, 6% used [0xb2680000,0xb2684000,0xb26c0000)
  to   space 256K, 0% used [0xb2640000,0xb2640000,0xb2680000)
 ParOldGen       total 87040K, used 53515K [0x932c0000, 0x987c0000, 0xa8800000)
  object space 87040K, 61% used [0x932c0000,0x96702eb0,0x987c0000)
 PSPermGen       total 35328K, used 23396K [0x8b2c0000, 0x8d540000, 0x932c0000)
  object space 35328K, 66% used [0x8b2c0000,0x8c999070,0x8d540000)
Event: 19838.880 GC heap after
Heap after GC invocations=1073 (full 8):
 PSYoungGen      total 18432K, used 16K [0xa8800000, 0xb26c0000, 0xb32c0000)
  eden space 18176K, 0% used [0xa8800000,0xa8800000,0xa99c0000)
  from space 256K, 6% used [0xb2640000,0xb2644000,0xb2680000)
  to   space 256K, 0% used [0xb2680000,0xb2680000,0xb26c0000)
 ParOldGen       total 87040K, used 53515K [0x932c0000, 0x987c0000, 0xa8800000)
  object space 87040K, 61% used [0x932c0000,0x96702eb0,0x987c0000)
 PSPermGen       total 35328K, used 23396K [0x8b2c0000, 0x8d540000, 0x932c0000)
  object space 35328K, 66% used [0x8b2c0000,0x8c999070,0x8d540000)
}

Deoptimization events (10 events):
Event: 3781.475 Thread 0x87b7e400 Uncommon trap: reason=null_check action=make_not_entrant pc=0xb37411b4 method=sun.awt.X11.XToolkit.dispatchEvent(Lsun/awt/X11/XEvent;)V @ 99
Event: 4052.853 Thread 0x87208400 Uncommon trap: reason=unreached action=reinterpret pc=0xb3566318 method=clojure.lang.Util.equiv(Ljava/lang/Object;Ljava/lang/Object;)Z @ 22
Event: 4052.853 Thread 0x87208400 Uncommon trap: reason=unreached action=reinterpret pc=0xb34a8f3c method=clojure.lang.Util.equiv(Ljava/lang/Object;Ljava/lang/Object;)Z @ 22
Event: 4069.185 Thread 0x87208400 Uncommon trap: reason=bimorphic action=maybe_recompile pc=0xb36ed1e0 method=clojure.lang.AFn.applyToHelper(Lclojure/lang/IFn;Lclojure/lang/ISeq;)Ljava/lang/Object; @ 942
Event: 4202.199 Thread 0x87208400 Uncommon trap: reason=class_check action=maybe_recompile pc=0xb3518e4c method=clojure.lang.Compiler.analyzeSeq(Lclojure/lang/Compiler$C;Lclojure/lang/ISeq;Ljava/lang/String;)Lclojure/lang/Compiler$Expr; @ 29
Event: 4305.326 Thread 0x87208400 Uncommon trap: reason=class_check action=maybe_recompile pc=0xb3518e4c method=clojure.lang.Compiler.analyzeSeq(Lclojure/lang/Compiler$C;Lclojure/lang/ISeq;Ljava/lang/String;)Lclojure/lang/Compiler$Expr; @ 29
Event: 4392.981 Thread 0x87208400 Uncommon trap: reason=unreached action=reinterpret pc=0xb3475890 method=ibdknox.tools.reader.impl.commons$read_past.invoke(Ljava/lang/Object;Ljava/lang/Object;)Ljava/lang/Object; @ 57
Event: 4394.718 Thread 0x87208400 Uncommon trap: reason=unreached action=reinterpret pc=0xb3533044 method=ibdknox.tools.reader.impl.commons$read_past.invoke(Ljava/lang/Object;Ljava/lang/Object;)Ljava/lang/Object; @ 57
Event: 4398.736 Thread 0x87208400 Uncommon trap: reason=class_check action=maybe_recompile pc=0xb3518e4c method=clojure.lang.Compiler.analyzeSeq(Lclojure/lang/Compiler$C;Lclojure/lang/ISeq;Ljava/lang/String;)Lclojure/lang/Compiler$Expr; @ 29
Event: 4400.944 Thread 0x87208400 Uncommon trap: reason=class_check action=maybe_recompile pc=0xb3518e4c method=clojure.lang.Compiler.analyzeSeq(Lclojure/lang/Compiler$C;Lclojure/lang/ISeq;Ljava/lang/String;)Lclojure/lang/Compiler$Expr; @ 29

Internal exceptions (10 events):
Event: 4305.327 Thread 0x87208400 Threw 0xb2d24110 at /build/buildd/openjdk-7-7u55-2.4.7/build/openjdk/hotspot/src/share/vm/prims/jvm.cpp:1244
Event: 4305.327 Thread 0x87208400 Threw 0xb2d245c0 at /build/buildd/openjdk-7-7u55-2.4.7/build/openjdk/hotspot/src/share/vm/prims/jvm.cpp:1244
Event: 4392.980 Thread 0x87208400 Implicit null exception at 0xb3473778 to 0xb347585d
Event: 4394.718 Thread 0x87208400 Implicit null exception at 0xb3532e94 to 0xb3533038
Event: 4398.736 Thread 0x87208400 Threw 0xb188f760 at /build/buildd/openjdk-7-7u55-2.4.7/build/openjdk/hotspot/src/share/vm/prims/jvm.cpp:1244
Event: 4398.736 Thread 0x87208400 Threw 0xb1893130 at /build/buildd/openjdk-7-7u55-2.4.7/build/openjdk/hotspot/src/share/vm/prims/jvm.cpp:1244
Event: 4398.736 Thread 0x87208400 Threw 0xb18935c8 at /build/buildd/openjdk-7-7u55-2.4.7/build/openjdk/hotspot/src/share/vm/prims/jvm.cpp:1244
Event: 4398.736 Thread 0x87208400 Threw 0xb1893a60 at /build/buildd/openjdk-7-7u55-2.4.7/build/openjdk/hotspot/src/share/vm/prims/jvm.cpp:1244
Event: 4398.736 Thread 0x87208400 Threw 0xb1893ef8 at /build/buildd/openjdk-7-7u55-2.4.7/build/openjdk/hotspot/src/share/vm/prims/jvm.cpp:1244
Event: 4398.736 Thread 0x87208400 Threw 0xb1894390 at /build/buildd/openjdk-7-7u55-2.4.7/build/openjdk/hotspot/src/share/vm/prims/jvm.cpp:1244

Events (10 events):
Event: 19794.549 Executing VM operation: ParallelGCFailedAllocation
Event: 19794.553 Executing VM operation: ParallelGCFailedAllocation done
Event: 19816.725 Executing VM operation: ParallelGCFailedAllocation
Event: 19816.729 Executing VM operation: ParallelGCFailedAllocation done
Event: 19838.877 Executing VM operation: ParallelGCFailedAllocation
Event: 19838.880 Executing VM operation: ParallelGCFailedAllocation done
Event: 19852.237 loading class 0x85ea0400
Event: 19853.791 loading class 0x85ea0400 done
Event: 19854.227 Executing VM operation: RevokeBias
Event: 19854.227 Executing VM operation: RevokeBias done


Dynamic libraries:
08048000-08049000 r-xp 00000000 08:01 28969603   /usr/lib/jvm/java-7-openjdk-i386/jre/bin/java
08049000-0804a000 r--p 00000000 08:01 28969603   /usr/lib/jvm/java-7-openjdk-i386/jre/bin/java
0804a000-0804b000 rw-p 00001000 08:01 28969603   /usr/lib/jvm/java-7-openjdk-i386/jre/bin/java
080e0000-082a0000 rw-p 00000000 00:00 0          [heap]
84a61000-84d6b000 rw-s 00000000 00:04 3670027    /SYSV00000000 (deleted)
8506b000-8506e000 ---p 00000000 00:00 0 
8506e000-850bc000 rw-p 00000000 00:00 0 
850bc000-850bf000 ---p 00000000 00:00 0 
850bf000-8510d000 rw-p 00000000 00:00 0 
8510d000-85110000 ---p 00000000 00:00 0 
85110000-8515e000 rw-p 00000000 00:00 0 
8515e000-85161000 ---p 00000000 00:00 0 
85161000-851af000 rw-p 00000000 00:00 0 
851af000-851b2000 ---p 00000000 00:00 0 
851b2000-85200000 rw-p 00000000 00:00 0 
8530d000-85310000 ---p 00000000 00:00 0 
85310000-8535e000 rw-p 00000000 00:00 0 
8535e000-85361000 ---p 00000000 00:00 0 
85361000-853af000 rw-p 00000000 00:00 0          [stack:7517]
853af000-853b2000 ---p 00000000 00:00 0 
853b2000-85400000 rw-p 00000000 00:00 0          [stack:7516]
85400000-854fd000 rw-p 00000000 00:00 0 
854fd000-85500000 ---p 00000000 00:00 0 
85500000-85600000 rw-p 00000000 00:00 0 
85600000-856fe000 rw-p 00000000 00:00 0 
856fe000-85700000 ---p 00000000 00:00 0 
85700000-857fc000 rw-p 00000000 00:00 0 
857fc000-85800000 ---p 00000000 00:00 0 
8580d000-85810000 ---p 00000000 00:00 0 
85810000-8585e000 rw-p 00000000 00:00 0          [stack:7515]
8585e000-85861000 ---p 00000000 00:00 0 
85861000-858af000 rw-p 00000000 00:00 0          [stack:7514]
858af000-858b2000 ---p 00000000 00:00 0 
858b2000-85900000 rw-p 00000000 00:00 0 
85900000-859fb000 rw-p 00000000 00:00 0 
859fb000-85a00000 ---p 00000000 00:00 0 
85a00000-85afc000 rw-p 00000000 00:00 0 
85afc000-85b00000 ---p 00000000 00:00 0 
85b0d000-85b10000 ---p 00000000 00:00 0 
85b10000-85b5e000 rw-p 00000000 00:00 0          [stack:7512]
85b5e000-85b61000 ---p 00000000 00:00 0 
85b61000-85baf000 rw-p 00000000 00:00 0          [stack:7511]
85baf000-85bb2000 ---p 00000000 00:00 0 
85bb2000-85c00000 rw-p 00000000 00:00 0          [stack:7510]
85c00000-85cf5000 rw-p 00000000 00:00 0 
85cf5000-85d00000 ---p 00000000 00:00 0 
85d00000-85da8000 rw-p 00000000 00:00 0 
85da8000-85e00000 ---p 00000000 00:00 0 
85e00000-85fe8000 rw-p 00000000 00:00 0 
85fe8000-86000000 ---p 00000000 00:00 0 
86000000-860b1000 rw-p 00000000 00:00 0 
860b1000-86100000 ---p 00000000 00:00 0 
86100000-861ff000 rw-p 00000000 00:00 0 
861ff000-86200000 ---p 00000000 00:00 0 
86200000-862fa000 rw-p 00000000 00:00 0 
862fa000-86300000 ---p 00000000 00:00 0 
86335000-86338000 ---p 00000000 00:00 0 
86338000-86386000 rw-p 00000000 00:00 0          [stack:7509]
86386000-86389000 ---p 00000000 00:00 0 
86389000-863d7000 rw-p 00000000 00:00 0          [stack:7508]
863d7000-863da000 r-xp 00000000 08:01 20710397   /lib/i386-linux-gnu/libgpg-error.so.0.10.0
863da000-863db000 r--p 00002000 08:01 20710397   /lib/i386-linux-gnu/libgpg-error.so.0.10.0
863db000-863dc000 rw-p 00003000 08:01 20710397   /lib/i386-linux-gnu/libgpg-error.so.0.10.0
863dc000-863de000 r-xp 00000000 08:01 20710407   /lib/i386-linux-gnu/libkeyutils.so.1.4
863de000-863df000 r--p 00002000 08:01 20710407   /lib/i386-linux-gnu/libkeyutils.so.1.4
863df000-863e0000 rw-p 00003000 08:01 20710407   /lib/i386-linux-gnu/libkeyutils.so.1.4
863e0000-863fa000 r-xp 00000000 08:01 28055150   /usr/lib/i386-linux-gnu/libgraphite2.so.3.0.1
863fa000-863fb000 r--p 00019000 08:01 28055150   /usr/lib/i386-linux-gnu/libgraphite2.so.3.0.1
863fb000-863fc000 rw-p 0001a000 08:01 28055150   /usr/lib/i386-linux-gnu/libgraphite2.so.3.0.1
863fc000-86445000 r-xp 00000000 08:01 20710378   /lib/i386-linux-gnu/libdbus-1.so.3.7.6
86445000-86446000 r--p 00048000 08:01 20710378   /lib/i386-linux-gnu/libdbus-1.so.3.7.6
86446000-86447000 rw-p 00049000 08:01 20710378   /lib/i386-linux-gnu/libdbus-1.so.3.7.6
86447000-8647e000 r-xp 00000000 08:01 28055448   /usr/lib/i386-linux-gnu/libp11-kit.so.0.0.0
8647e000-8647f000 ---p 00037000 08:01 28055448   /usr/lib/i386-linux-gnu/libp11-kit.so.0.0.0
8647f000-86482000 r--p 00037000 08:01 28055448   /usr/lib/i386-linux-gnu/libp11-kit.so.0.0.0
86482000-86483000 rw-p 0003a000 08:01 28055448   /usr/lib/i386-linux-gnu/libp11-kit.so.0.0.0
86483000-86495000 r-xp 00000000 08:01 28055631   /usr/lib/i386-linux-gnu/libtasn1.so.6.2.0
86495000-86496000 r--p 00011000 08:01 28055631   /usr/lib/i386-linux-gnu/libtasn1.so.6.2.0
86496000-86497000 rw-p 00012000 08:01 28055631   /usr/lib/i386-linux-gnu/libtasn1.so.6.2.0
86497000-86519000 r-xp 00000000 08:01 20710393   /lib/i386-linux-gnu/libgcrypt.so.11.8.2
86519000-8651a000 r--p 00081000 08:01 20710393   /lib/i386-linux-gnu/libgcrypt.so.11.8.2
8651a000-8651c000 rw-p 00082000 08:01 20710393   /lib/i386-linux-gnu/libgcrypt.so.11.8.2
8651c000-8651d000 rw-p 00000000 00:00 0 
8651d000-86527000 r-xp 00000000 08:01 28055331   /usr/lib/i386-linux-gnu/libkrb5support.so.0.1
86527000-86528000 r--p 00009000 08:01 28055331   /usr/lib/i386-linux-gnu/libkrb5support.so.0.1
86528000-86529000 rw-p 0000a000 08:01 28055331   /usr/lib/i386-linux-gnu/libkrb5support.so.0.1
86529000-8652c000 r-xp 00000000 08:01 20710373   /lib/i386-linux-gnu/libcom_err.so.2.1
8652c000-8652d000 r--p 00002000 08:01 20710373   /lib/i386-linux-gnu/libcom_err.so.2.1
8652d000-8652e000 rw-p 00003000 08:01 20710373   /lib/i386-linux-gnu/libcom_err.so.2.1
8652e000-8655c000 r-xp 00000000 08:01 28055325   /usr/lib/i386-linux-gnu/libk5crypto.so.3.1
8655c000-8655d000 r--p 0002d000 08:01 28055325   /usr/lib/i386-linux-gnu/libk5crypto.so.3.1
8655d000-8655e000 rw-p 0002e000 08:01 28055325   /usr/lib/i386-linux-gnu/libk5crypto.so.3.1
8655e000-86615000 r-xp 00000000 08:01 28055329   /usr/lib/i386-linux-gnu/libkrb5.so.3.3
86615000-8661b000 r--p 000b7000 08:01 28055329   /usr/lib/i386-linux-gnu/libkrb5.so.3.3
8661b000-8661c000 rw-p 000bd000 08:01 28055329   /usr/lib/i386-linux-gnu/libkrb5.so.3.3
8661c000-86623000 r-xp 00000000 08:01 28054924   /usr/lib/i386-linux-gnu/libdatrie.so.1.3.1
86623000-86624000 r--p 00006000 08:01 28054924   /usr/lib/i386-linux-gnu/libdatrie.so.1.3.1
86624000-86625000 rw-p 00007000 08:01 28054924   /usr/lib/i386-linux-gnu/libdatrie.so.1.3.1
86625000-86679000 r-xp 00000000 08:01 28055263   /usr/lib/i386-linux-gnu/libharfbuzz.so.0.927.0
86679000-8667a000 r--p 00054000 08:01 28055263   /usr/lib/i386-linux-gnu/libharfbuzz.so.0.927.0
8667a000-8667b000 rw-p 00055000 08:01 28055263   /usr/lib/i386-linux-gnu/libharfbuzz.so.0.927.0
8667b000-86683000 r-xp 00000000 08:01 28055771   /usr/lib/i386-linux-gnu/libxcb-render.so.0.0.0
86683000-86684000 r--p 00008000 08:01 28055771   /usr/lib/i386-linux-gnu/libxcb-render.so.0.0.0
86684000-86685000 rw-p 00009000 08:01 28055771   /usr/lib/i386-linux-gnu/libxcb-render.so.0.0.0
86685000-86687000 r-xp 00000000 08:01 28055775   /usr/lib/i386-linux-gnu/libxcb-shm.so.0.0.0
86687000-86688000 r--p 00001000 08:01 28055775   /usr/lib/i386-linux-gnu/libxcb-shm.so.0.0.0
86688000-86689000 rw-p 00002000 08:01 28055775   /usr/lib/i386-linux-gnu/libxcb-shm.so.0.0.0
86689000-866af000 r-xp 00000000 08:01 20710479   /lib/i386-linux-gnu/libpng12.so.0.50.0
866af000-866b0000 r--p 00025000 08:01 20710479   /lib/i386-linux-gnu/libpng12.so.0.50.0
866b0000-866b1000 rw-p 00026000 08:01 20710479   /lib/i386-linux-gnu/libpng12.so.0.50.0
866b1000-86755000 r-xp 00000000 08:01 28055479   /usr/lib/i386-linux-gnu/libpixman-1.so.0.30.2
86755000-8675a000 r--p 000a4000 08:01 28055479   /usr/lib/i386-linux-gnu/libpixman-1.so.0.30.2
8675a000-8675b000 rw-p 000a9000 08:01 28055479   /usr/lib/i386-linux-gnu/libpixman-1.so.0.30.2
8675b000-86760000 r-xp 00000000 08:01 28054732   /usr/lib/i386-linux-gnu/libXdmcp.so.6.0.0
86760000-86761000 r--p 00004000 08:01 28054732   /usr/lib/i386-linux-gnu/libXdmcp.so.6.0.0
86761000-86762000 rw-p 00005000 08:01 28054732   /usr/lib/i386-linux-gnu/libXdmcp.so.6.0.0
86762000-86764000 r-xp 00000000 08:01 28054721   /usr/lib/i386-linux-gnu/libXau.so.6.0.0
86764000-86765000 r--p 00001000 08:01 28054721   /usr/lib/i386-linux-gnu/libXau.so.6.0.0
86765000-86766000 rw-p 00002000 08:01 28054721   /usr/lib/i386-linux-gnu/libXau.so.6.0.0
86766000-86776000 r-xp 00000000 08:01 28054825   /usr/lib/i386-linux-gnu/libavahi-client.so.3.2.9
86776000-86777000 r--p 0000f000 08:01 28054825   /usr/lib/i386-linux-gnu/libavahi-client.so.3.2.9
86777000-86778000 rw-p 00010000 08:01 28054825   /usr/lib/i386-linux-gnu/libavahi-client.so.3.2.9
86778000-86839000 r-xp 00000000 08:01 28055125   /usr/lib/i386-linux-gnu/libgnutls.so.26.22.6
86839000-8683d000 r--p 000c0000 08:01 28055125   /usr/lib/i386-linux-gnu/libgnutls.so.26.22.6
8683d000-8683e000 rw-p 000c4000 08:01 28055125   /usr/lib/i386-linux-gnu/libgnutls.so.26.22.6
8683e000-86881000 r-xp 00000000 08:01 28055159   /usr/lib/i386-linux-gnu/libgssapi_krb5.so.2.2
86881000-86882000 r--p 00042000 08:01 28055159   /usr/lib/i386-linux-gnu/libgssapi_krb5.so.2.2
86882000-86883000 rw-p 00043000 08:01 28055159   /usr/lib/i386-linux-gnu/libgssapi_krb5.so.2.2
86883000-86933000 r-xp 00000000 08:01 28049640   /usr/lib/i386-linux-gnu/libfreetype.so.6.11.1
86933000-86937000 r--p 000af000 08:01 28049640   /usr/lib/i386-linux-gnu/libfreetype.so.6.11.1
86937000-8693a000 rw-p 000b3000 08:01 28049640   /usr/lib/i386-linux-gnu/libfreetype.so.6.11.1
8693a000-86a59000 r-xp 00000000 08:01 28054852   /usr/lib/i386-linux-gnu/libcairo.so.2.11301.0
86a59000-86a5b000 r--p 0011e000 08:01 28054852   /usr/lib/i386-linux-gnu/libcairo.so.2.11301.0
86a5b000-86a5c000 rw-p 00120000 08:01 28054852   /usr/lib/i386-linux-gnu/libcairo.so.2.11301.0
86a5c000-86a5d000 rw-p 00000000 00:00 0 
86a5d000-86ec4000 r-xp 00000000 08:01 28059254   /usr/lib/i386-linux-gnu/libgtk-x11-2.0.so.0.2400.23
86ec4000-86ec8000 r--p 00466000 08:01 28059254   /usr/lib/i386-linux-gnu/libgtk-x11-2.0.so.0.2400.23
86ec8000-86eca000 rw-p 0046a000 08:01 28059254   /usr/lib/i386-linux-gnu/libgtk-x11-2.0.so.0.2400.23
86eca000-86ecc000 rw-p 00000000 00:00 0 
86ecc000-86ffc000 r-xp 00000000 08:01 28054717   /usr/lib/i386-linux-gnu/libX11.so.6.3.0
86ffc000-86ffd000 r--p 00130000 08:01 28054717   /usr/lib/i386-linux-gnu/libX11.so.6.3.0
86ffd000-86fff000 rw-p 00131000 08:01 28054717   /usr/lib/i386-linux-gnu/libX11.so.6.3.0
86fff000-87000000 rw-p 00000000 00:00 0 
87000000-870fa000 rw-p 00000000 00:00 0 
870fa000-87100000 ---p 00000000 00:00 0 
87101000-8710d000 r-xp 00000000 08:01 28054827   /usr/lib/i386-linux-gnu/libavahi-common.so.3.5.3
8710d000-8710e000 r--p 0000b000 08:01 28054827   /usr/lib/i386-linux-gnu/libavahi-common.so.3.5.3
8710e000-8710f000 rw-p 0000c000 08:01 28054827   /usr/lib/i386-linux-gnu/libavahi-common.so.3.5.3
8710f000-87134000 r-xp 00000000 08:01 20710386   /lib/i386-linux-gnu/libexpat.so.1.6.0
87134000-87135000 ---p 00025000 08:01 20710386   /lib/i386-linux-gnu/libexpat.so.1.6.0
87135000-87137000 r--p 00025000 08:01 20710386   /lib/i386-linux-gnu/libexpat.so.1.6.0
87137000-87138000 rw-p 00027000 08:01 20710386   /lib/i386-linux-gnu/libexpat.so.1.6.0
87138000-87140000 r-xp 00000000 08:01 28055647   /usr/lib/i386-linux-gnu/libthai.so.0.2.0
87140000-87141000 r--p 00007000 08:01 28055647   /usr/lib/i386-linux-gnu/libthai.so.0.2.0
87141000-87142000 rw-p 00008000 08:01 28055647   /usr/lib/i386-linux-gnu/libthai.so.0.2.0
87142000-87144000 r-xp 00000000 08:01 28054730   /usr/lib/i386-linux-gnu/libXdamage.so.1.1.0
87144000-87145000 r--p 00001000 08:01 28054730   /usr/lib/i386-linux-gnu/libXdamage.so.1.1.0
87145000-87146000 rw-p 00002000 08:01 28054730   /usr/lib/i386-linux-gnu/libXdamage.so.1.1.0
87146000-8714f000 r-xp 00000000 08:01 28054728   /usr/lib/i386-linux-gnu/libXcursor.so.1.0.2
8714f000-87150000 r--p 00008000 08:01 28054728   /usr/lib/i386-linux-gnu/libXcursor.so.1.0.2
87150000-87151000 rw-p 00009000 08:01 28054728   /usr/lib/i386-linux-gnu/libXcursor.so.1.0.2
87151000-8715a000 r-xp 00000000 08:01 28054754   /usr/lib/i386-linux-gnu/libXrandr.so.2.2.0
8715a000-8715b000 r--p 00008000 08:01 28054754   /usr/lib/i386-linux-gnu/libXrandr.so.2.2.0
8715b000-8715c000 rw-p 00009000 08:01 28054754   /usr/lib/i386-linux-gnu/libXrandr.so.2.2.0
8715c000-87170000 r-xp 00000000 08:01 28055460   /usr/lib/i386-linux-gnu/libpangoft2-1.0.so.0.3600.3
87170000-87171000 r--p 00013000 08:01 28055460   /usr/lib/i386-linux-gnu/libpangoft2-1.0.so.0.3600.3
87171000-87172000 rw-p 00014000 08:01 28055460   /usr/lib/i386-linux-gnu/libpangoft2-1.0.so.0.3600.3
87172000-87190000 r-xp 00000000 08:01 28054813   /usr/lib/i386-linux-gnu/libatk-1.0.so.0.21009.1
87190000-87192000 r--p 0001d000 08:01 28054813   /usr/lib/i386-linux-gnu/libatk-1.0.so.0.21009.1
87192000-87193000 rw-p 0001f000 08:01 28054813   /usr/lib/i386-linux-gnu/libatk-1.0.so.0.21009.1
87193000-871fa000 r-xp 00000000 08:01 28054910   /usr/lib/i386-linux-gnu/libcups.so.2
871fa000-871fb000 ---p 00067000 08:01 28054910   /usr/lib/i386-linux-gnu/libcups.so.2
871fb000-871ff000 r--p 00067000 08:01 28054910   /usr/lib/i386-linux-gnu/libcups.so.2
871ff000-87200000 rw-p 0006b000 08:01 28054910   /usr/lib/i386-linux-gnu/libcups.so.2
87200000-872f7000 rw-p 00000000 00:00 0 
872f7000-87300000 ---p 00000000 00:00 0 
87301000-87303000 r-xp 00000000 08:01 28054726   /usr/lib/i386-linux-gnu/libXcomposite.so.1.0.0
87303000-87304000 r--p 00001000 08:01 28054726   /usr/lib/i386-linux-gnu/libXcomposite.so.1.0.0
87304000-87305000 rw-p 00002000 08:01 28054726   /usr/lib/i386-linux-gnu/libXcomposite.so.1.0.0
87305000-87307000 r-xp 00000000 08:01 28054744   /usr/lib/i386-linux-gnu/libXinerama.so.1.0.0
87307000-87308000 r--p 00001000 08:01 28054744   /usr/lib/i386-linux-gnu/libXinerama.so.1.0.0
87308000-87309000 rw-p 00002000 08:01 28054744   /usr/lib/i386-linux-gnu/libXinerama.so.1.0.0
87309000-87314000 r-xp 00000000 08:01 28055458   /usr/lib/i386-linux-gnu/libpangocairo-1.0.so.0.3600.3
87314000-87315000 r--p 0000a000 08:01 28055458   /usr/lib/i386-linux-gnu/libpangocairo-1.0.so.0.3600.3
87315000-87316000 rw-p 0000b000 08:01 28055458   /usr/lib/i386-linux-gnu/libpangocairo-1.0.so.0.3600.3
87316000-8734f000 r-xp 00000000 08:01 28055013   /usr/lib/i386-linux-gnu/libfontconfig.so.1.8.0
8734f000-87350000 r--p 00039000 08:01 28055013   /usr/lib/i386-linux-gnu/libfontconfig.so.1.8.0
87350000-87351000 rw-p 0003a000 08:01 28055013   /usr/lib/i386-linux-gnu/libfontconfig.so.1.8.0
87351000-873fc000 r-xp 00000000 08:01 28057141   /usr/lib/i386-linux-gnu/libgdk-x11-2.0.so.0.2400.23
873fc000-873fd000 ---p 000ab000 08:01 28057141   /usr/lib/i386-linux-gnu/libgdk-x11-2.0.so.0.2400.23
873fd000-873ff000 r--p 000ab000 08:01 28057141   /usr/lib/i386-linux-gnu/libgdk-x11-2.0.so.0.2400.23
873ff000-87400000 rw-p 000ad000 08:01 28057141   /usr/lib/i386-linux-gnu/libgdk-x11-2.0.so.0.2400.23
87400000-874ff000 rw-p 00000000 00:00 0 
874ff000-87500000 ---p 00000000 00:00 0 
87502000-87506000 r-xp 00000000 08:01 28054736   /usr/lib/i386-linux-gnu/libXfixes.so.3.1.0
87506000-87507000 r--p 00003000 08:01 28054736   /usr/lib/i386-linux-gnu/libXfixes.so.3.1.0
87507000-87508000 rw-p 00004000 08:01 28054736   /usr/lib/i386-linux-gnu/libXfixes.so.3.1.0
87508000-87528000 r-xp 00000000 08:01 28055785   /usr/lib/i386-linux-gnu/libxcb.so.1.1.0
87528000-87529000 r--p 0001f000 08:01 28055785   /usr/lib/i386-linux-gnu/libxcb.so.1.1.0
87529000-8752a000 rw-p 00020000 08:01 28055785   /usr/lib/i386-linux-gnu/libxcb.so.1.1.0
8752a000-87574000 r-xp 00000000 08:01 28055456   /usr/lib/i386-linux-gnu/libpango-1.0.so.0.3600.3
87574000-87575000 ---p 0004a000 08:01 28055456   /usr/lib/i386-linux-gnu/libpango-1.0.so.0.3600.3
87575000-87576000 r--p 0004a000 08:01 28055456   /usr/lib/i386-linux-gnu/libpango-1.0.so.0.3600.3
87576000-87577000 rw-p 0004b000 08:01 28055456   /usr/lib/i386-linux-gnu/libpango-1.0.so.0.3600.3
87577000-87598000 r-xp 00000000 08:01 28055078   /usr/lib/i386-linux-gnu/libgdk_pixbuf-2.0.so.0.3000.7
87598000-87599000 r--p 00020000 08:01 28055078   /usr/lib/i386-linux-gnu/libgdk_pixbuf-2.0.so.0.3000.7
87599000-8759a000 rw-p 00021000 08:01 28055078   /usr/lib/i386-linux-gnu/libgdk_pixbuf-2.0.so.0.3000.7
8759a000-875a9000 r-xp 00000000 08:01 28054742   /usr/lib/i386-linux-gnu/libXi.so.6.1.0
875a9000-875aa000 r--p 0000e000 08:01 28054742   /usr/lib/i386-linux-gnu/libXi.so.6.1.0
875aa000-875ab000 rw-p 0000f000 08:01 28054742   /usr/lib/i386-linux-gnu/libXi.so.6.1.0
875ab000-875fc000 r-xp 00000000 08:01 28968718   /usr/lib/jvm/java-7-openjdk-i386/jre/lib/i386/xawt/libmawt.so
875fc000-875fd000 r--p 00050000 08:01 28968718   /usr/lib/jvm/java-7-openjdk-i386/jre/lib/i386/xawt/libmawt.so
875fd000-875ff000 rw-p 00051000 08:01 28968718   /usr/lib/jvm/java-7-openjdk-i386/jre/lib/i386/xawt/libmawt.so
875ff000-87600000 rw-p 00000000 00:00 0 
87600000-87629000 rw-p 00000000 00:00 0 
87629000-87700000 ---p 00000000 00:00 0 
87703000-87704000 r-xp 00000000 08:01 28055239   /usr/lib/i386-linux-gnu/libgthread-2.0.so.0.4000.0
87704000-87705000 r--p 00000000 08:01 28055239   /usr/lib/i386-linux-gnu/libgthread-2.0.so.0.4000.0
87705000-87706000 rw-p 00001000 08:01 28055239   /usr/lib/i386-linux-gnu/libgthread-2.0.so.0.4000.0
87706000-8770b000 r-xp 00000000 08:01 28054762   /usr/lib/i386-linux-gnu/libXtst.so.6.1.0
8770b000-8770c000 r--p 00004000 08:01 28054762   /usr/lib/i386-linux-gnu/libXtst.so.6.1.0
8770c000-8770d000 rw-p 00005000 08:01 28054762   /usr/lib/i386-linux-gnu/libXtst.so.6.1.0
8770d000-87716000 r-xp 00000000 08:01 28054756   /usr/lib/i386-linux-gnu/libXrender.so.1.3.0
87716000-87717000 r--p 00008000 08:01 28054756   /usr/lib/i386-linux-gnu/libXrender.so.1.3.0
87717000-87718000 rw-p 00009000 08:01 28054756   /usr/lib/i386-linux-gnu/libXrender.so.1.3.0
87718000-87729000 r-xp 00000000 08:01 28054734   /usr/lib/i386-linux-gnu/libXext.so.6.4.0
87729000-8772a000 r--p 00010000 08:01 28054734   /usr/lib/i386-linux-gnu/libXext.so.6.4.0
8772a000-8772b000 rw-p 00011000 08:01 28054734   /usr/lib/i386-linux-gnu/libXext.so.6.4.0
87737000-8773c000 r--s 0004c000 08:01 28838170   /usr/lib/jvm/java-7-openjdk-i386/jre/lib/jsse.jar
8773c000-87745000 r--s 000b9000 08:01 28838178   /usr/lib/jvm/java-7-openjdk-i386/jre/lib/resources.jar
87745000-877d4000 r-xp 00000000 08:01 28969574   /usr/lib/jvm/java-7-openjdk-i386/jre/lib/i386/libawt.so
877d4000-877d5000 r--p 0008e000 08:01 28969574   /usr/lib/jvm/java-7-openjdk-i386/jre/lib/i386/libawt.so
877d5000-877dc000 rw-p 0008f000 08:01 28969574   /usr/lib/jvm/java-7-openjdk-i386/jre/lib/i386/libawt.so
877dc000-87800000 rw-p 00000000 00:00 0 
87800000-878fa000 rw-p 00000000 00:00 0 
878fa000-87900000 ---p 00000000 00:00 0 
87900000-879fc000 rw-p 00000000 00:00 0 
879fc000-87a00000 ---p 00000000 00:00 0 
87a00000-87afb000 rw-p 00000000 00:00 0 
87afb000-87b00000 ---p 00000000 00:00 0 
87b00000-87bfd000 rw-p 00000000 00:00 0 
87bfd000-87c00000 ---p 00000000 00:00 0 
87c00000-87cfa000 rw-p 00000000 00:00 0 
87cfa000-87d00000 ---p 00000000 00:00 0 
87d00000-87dfe000 rw-p 00000000 00:00 0 
87dfe000-87e00000 ---p 00000000 00:00 0 
87e00000-87fe3000 rw-p 00000000 00:00 0 
87fe3000-88000000 ---p 00000000 00:00 0 
88000000-88100000 rw-p 00000000 00:00 0 
88102000-88104000 r--s 00024000 08:01 2368832    /home/stas/.m2/repository/org/clojure/clojurescript/0.0-2202/clojurescript-0.0-2202.jar
88104000-8812e000 r--s 001e9000 08:01 2368837    /home/stas/.m2/repository/com/google/guava/guava/15.0/guava-15.0.jar
8812e000-88130000 r--s 0000b000 08:01 2490897    /home/stas/.m2/repository/org/apache/maven/wagon/wagon-provider-api/2.2/wagon-provider-api-2.2.jar
88130000-88136000 r--s 0002c000 08:01 2490876    /home/stas/.m2/repository/org/sonatype/sisu/sisu-inject-plexus/2.2.3/sisu-inject-plexus-2.2.3.jar
88136000-88157000 r--s 0015a000 08:01 2490999    /home/stas/.m2/repository/bouncycastle/bcprov-jdk14/138/bcprov-jdk14-138.jar
88157000-8818a000 r--s 00338000 08:01 2368833    /home/stas/.m2/repository/com/google/javascript/closure-compiler/v20131014/closure-compiler-v20131014.jar
8818a000-8818b000 r--s 00003000 08:01 2490867    /home/stas/.m2/repository/org/sonatype/aether/aether-spi/1.13.1/aether-spi-1.13.1.jar
8818b000-8818d000 r--s 0000a000 08:01 2368841    /home/stas/.m2/repository/org/json/json/20090211/json-20090211.jar
8818d000-8818f000 r--s 00026000 08:01 2490884    /home/stas/.m2/repository/org/apache/maven/maven-model/3.0.4/maven-model-3.0.4.jar
8818f000-88190000 r--s 00000000 08:01 2491009    /home/stas/.m2/repository/quil/processing-dxf/2.2.1/processing-dxf-2.2.1.jar
88190000-88194000 r--s 00097000 08:01 2491010    /home/stas/.m2/repository/quil/processing-core/2.2.1/processing-core-2.2.1.jar
88194000-88196000 r--s 00001000 08:01 2368854    /home/stas/.m2/repository/fs/fs/1.3.3/fs-1.3.3.jar
88196000-88198000 r--s 00006000 08:01 2490890    /home/stas/.m2/repository/org/apache/maven/maven-repository-metadata/3.0.4/maven-repository-metadata-3.0.4.jar
88198000-8819a000 r--s 00002000 08:01 2368853    /home/stas/.m2/repository/ibdknox/analyzer/0.0.2/analyzer-0.0.2.jar
8819a000-8819d000 r--s 0001d000 08:01 2490866    /home/stas/.m2/repository/org/sonatype/aether/aether-impl/1.13.1/aether-impl-1.13.1.jar
8819d000-881c0000 r--s 0049d000 08:01 2491016    /home/stas/.m2/repository/quil/jogl-all-fat/2.1.5/jogl-all-fat-2.1.5.jar
881c0000-881fc000 r-xp 00000000 08:01 20710467   /lib/i386-linux-gnu/libpcre.so.3.13.1
881fc000-881fd000 r--p 0003b000 08:01 20710467   /lib/i386-linux-gnu/libpcre.so.3.13.1
881fd000-881fe000 rw-p 0003c000 08:01 20710467   /lib/i386-linux-gnu/libpcre.so.3.13.1
881fe000-8821e000 r-xp 00000000 08:01 20709471   /lib/i386-linux-gnu/libselinux.so.1
8821e000-8821f000 r--p 0001f000 08:01 20709471   /lib/i386-linux-gnu/libselinux.so.1
8821f000-88220000 rw-p 00020000 08:01 20709471   /lib/i386-linux-gnu/libselinux.so.1
88220000-88221000 rw-p 00000000 00:00 0 
88221000-8832b000 r-xp 00000000 08:01 20710395   /lib/i386-linux-gnu/libglib-2.0.so.0.4000.0
8832b000-8832c000 r--p 00109000 08:01 20710395   /lib/i386-linux-gnu/libglib-2.0.so.0.4000.0
8832c000-8832d000 rw-p 0010a000 08:01 20710395   /lib/i386-linux-gnu/libglib-2.0.so.0.4000.0
8832d000-8837d000 r-xp 00000000 08:01 28055132   /usr/lib/i386-linux-gnu/libgobject-2.0.so.0.4000.0
8837d000-8837e000 r--p 0004f000 08:01 28055132   /usr/lib/i386-linux-gnu/libgobject-2.0.so.0.4000.0
8837e000-8837f000 rw-p 00050000 08:01 28055132   /usr/lib/i386-linux-gnu/libgobject-2.0.so.0.4000.0
8837f000-884fc000 r-xp 00000000 08:01 28055102   /usr/lib/i386-linux-gnu/libgio-2.0.so.0.4000.0
884fc000-884fe000 r--p 0017c000 08:01 28055102   /usr/lib/i386-linux-gnu/libgio-2.0.so.0.4000.0
884fe000-884ff000 rw-p 0017e000 08:01 28055102   /usr/lib/i386-linux-gnu/libgio-2.0.so.0.4000.0
884ff000-88500000 rw-p 00000000 00:00 0 
88500000-885f9000 rw-p 00000000 00:00 0 
885f9000-88600000 ---p 00000000 00:00 0 
88600000-88700000 rw-p 00000000 00:00 0 
88700000-887fa000 rw-p 00000000 00:00 0 
887fa000-88800000 ---p 00000000 00:00 0 
88800000-88813000 r-xp 00000000 08:01 20710490   /lib/i386-linux-gnu/libresolv-2.19.so
88813000-88814000 ---p 00013000 08:01 20710490   /lib/i386-linux-gnu/libresolv-2.19.so
88814000-88815000 r--p 00013000 08:01 20710490   /lib/i386-linux-gnu/libresolv-2.19.so
88815000-88816000 rw-p 00014000 08:01 20710490   /lib/i386-linux-gnu/libresolv-2.19.so
88816000-88818000 rw-p 00000000 00:00 0 
88818000-88819000 r--s 00002000 08:01 2490860    /home/stas/.m2/repository/com/cemerick/pomegranate/0.2.0/pomegranate-0.2.0.jar
88819000-8881a000 r--s 00001000 08:01 2490923    /home/stas/.m2/repository/tigris/tigris/0.1.1/tigris-0.1.1.jar
8881a000-88825000 r--s 0006d000 08:01 2490882    /home/stas/.m2/repository/org/sonatype/sisu/sisu-guice/3.0.3/sisu-guice-3.0.3-no_aop.jar
88825000-88832000 r--s 00109000 08:01 2368846    /home/stas/.m2/repository/org/mozilla/rhino/1.7R4/rhino-1.7R4.jar
88832000-88849000 r-xp 00000000 08:01 28969326   /usr/lib/jvm/java-7-openjdk-i386/jre/lib/i386/libnet.so
88849000-8884a000 r--p 00016000 08:01 28969326   /usr/lib/jvm/java-7-openjdk-i386/jre/lib/i386/libnet.so
8884a000-8884b000 rw-p 00017000 08:01 28969326   /usr/lib/jvm/java-7-openjdk-i386/jre/lib/i386/libnet.so
8884b000-8888a000 r--s 00340000 08:01 2368830    /home/stas/.m2/repository/org/clojure/clojure/1.6.0/clojure-1.6.0.jar
8888a000-8888b000 ---p 00000000 00:00 0 
8888b000-8890b000 rw-p 00000000 00:00 0          [stack:7507]
8890b000-8890e000 ---p 00000000 00:00 0 
8890e000-8895c000 rw-p 00000000 00:00 0          [stack:7506]
8895c000-8895f000 ---p 00000000 00:00 0 
8895f000-889dd000 rw-p 00000000 00:00 0          [stack:7505]
889dd000-889e0000 ---p 00000000 00:00 0 
889e0000-88a5e000 rw-p 00000000 00:00 0          [stack:7504]
88a5e000-88a61000 ---p 00000000 00:00 0 
88a61000-88aaf000 rw-p 00000000 00:00 0          [stack:7503]
88aaf000-88caf000 r--p 00000000 08:01 28057742   /usr/lib/locale/locale-archive
88caf000-88cb2000 ---p 00000000 00:00 0 
88cb2000-88d00000 rw-p 00000000 00:00 0          [stack:7502]
88d00000-88df9000 rw-p 00000000 00:00 0 
88df9000-88e00000 ---p 00000000 00:00 0 
88e00000-88e70000 rw-p 00000000 00:00 0 
88e70000-88f00000 ---p 00000000 00:00 0 
88f00000-89000000 rw-p 00000000 00:00 0 
89000000-89006000 r--s 0004d000 08:01 2491014    /home/stas/.m2/repository/quil/gluegen-rt-fat/2.1.5/gluegen-rt-fat-2.1.5.jar
89006000-8900b000 r-xp 00000000 08:01 28054999   /usr/lib/i386-linux-gnu/libffi.so.6.0.1
8900b000-8900c000 r--p 00005000 08:01 28054999   /usr/lib/i386-linux-gnu/libffi.so.6.0.1
8900c000-8900d000 rw-p 00006000 08:01 28054999   /usr/lib/i386-linux-gnu/libffi.so.6.0.1
8900d000-89010000 r-xp 00000000 08:01 28055116   /usr/lib/i386-linux-gnu/libgmodule-2.0.so.0.4000.0
89010000-89011000 r--p 00002000 08:01 28055116   /usr/lib/i386-linux-gnu/libgmodule-2.0.so.0.4000.0
89011000-89012000 rw-p 00003000 08:01 28055116   /usr/lib/i386-linux-gnu/libgmodule-2.0.so.0.4000.0
89012000-89023000 r-xp 00000000 08:01 28969523   /usr/lib/jvm/java-7-openjdk-i386/jre/lib/i386/libnio.so
89023000-89024000 r--p 00010000 08:01 28969523   /usr/lib/jvm/java-7-openjdk-i386/jre/lib/i386/libnio.so
89024000-89025000 rw-p 00011000 08:01 28969523   /usr/lib/jvm/java-7-openjdk-i386/jre/lib/i386/libnio.so
89025000-89050000 r--s 004a4000 08:01 2490855    /home/stas/.m2/repository/org/clojure/google-closure-library/0.0-20140226-71326067/google-closure-library-0.0-20140226-71326067.jar
89050000-89051000 ---p 00000000 00:00 0 
89051000-890d1000 rw-p 00000000 00:00 0          [stack:7500]
890d1000-89280000 r--s 01cfb000 08:01 28838171   /usr/lib/jvm/java-7-openjdk-i386/jre/lib/rt.jar
89280000-8a900000 rw-p 00000000 00:00 0 
8a900000-8a9fe000 rw-p 00000000 00:00 0 
8a9fe000-8aa00000 ---p 00000000 00:00 0 
8aa00000-8aa01000 r--s 00000000 08:01 2368593    /home/stas/.m2/repository/clojure-complete/clojure-complete/0.2.3/clojure-complete-0.2.3.jar
8aa01000-8aa03000 r--s 0000a000 08:01 2490872    /home/stas/.m2/repository/org/codehaus/plexus/plexus-classworlds/2.4/plexus-classworlds-2.4.jar
8aa03000-8aa07000 r--s 0002b000 08:01 2490996    /home/stas/.m2/repository/bouncycastle/bcmail-jdk14/138/bcmail-jdk14-138.jar
8aa07000-8aa0a000 r--s 00013000 08:01 2490861    /home/stas/.m2/repository/org/sonatype/aether/aether-api/1.13.1/aether-api-1.13.1.jar
8aa0a000-8aa0f000 r--s 00040000 08:01 2490904    /home/stas/.m2/repository/org/jsoup/jsoup/1.6.1/jsoup-1.6.1.jar
8aa0f000-8aa11000 r--s 0000d000 08:01 2490910    /home/stas/.m2/repository/commons-codec/commons-codec/1.4/commons-codec-1.4.jar
8aa11000-8aa13000 r--s 00011000 08:01 2490856    /home/stas/.m2/repository/org/clojure/google-closure-library-third-party/0.0-20140226-71326067/google-closure-library-third-party-0.0-20140226-71326067.jar
8aa13000-8aa15000 r--s 00009000 08:01 2368851    /home/stas/.m2/repository/ibdknox/tools.reader/0.8.1/tools.reader-0.8.1.jar
8aa15000-8aa19000 r--s 0001c000 08:01 2490862    /home/stas/.m2/repository/org/sonatype/aether/aether-util/1.13.1/aether-util-1.13.1.jar
8aa19000-8aa1d000 r--s 0002a000 08:01 2368829    /home/stas/.m2/repository/commons-io/commons-io/2.4/commons-io-2.4.jar
8aa1d000-8aa1f000 r--s 00008000 08:01 2368590    /home/stas/.m2/repository/org/clojure/tools.nrepl/0.2.3/tools.nrepl-0.2.3.jar
8aa1f000-8aa21000 r--s 0000c000 08:01 2490883    /home/stas/.m2/repository/org/apache/maven/maven-aether-provider/3.0.4/maven-aether-provider-3.0.4.jar
8aa21000-8aa22000 r--s 00005000 08:01 2490997    /home/stas/.m2/repository/org/bouncycastle/bctsp-jdk14/1.38/bctsp-jdk14-1.38.jar
8aa22000-8aa2e000 r--s 00108000 08:01 2490998    /home/stas/.m2/repository/com/lowagie/itext/2.1.7/itext-2.1.7.jar
8aa2e000-8aa31000 ---p 00000000 00:00 0 
8aa31000-8aa7f000 rw-p 00000000 00:00 0          [stack:7501]
8aa7f000-8aa80000 ---p 00000000 00:00 0 
8aa80000-8ab00000 rw-p 00000000 00:00 0          [stack:7499]
8ab00000-8ab33000 rw-p 00000000 00:00 0 
8ab33000-8ac00000 ---p 00000000 00:00 0 
8ac00000-8ac02000 r--s 00002000 08:01 2490921    /home/stas/.m2/repository/cheshire/cheshire/5.2.0/cheshire-5.2.0.jar
8ac02000-8ac06000 r--s 00021000 08:01 2490886    /home/stas/.m2/repository/org/apache/maven/maven-model-builder/3.0.4/maven-model-builder-3.0.4.jar
8ac06000-8ac08000 r--s 00006000 08:01 2490902    /home/stas/.m2/repository/org/apache/maven/wagon/wagon-http-shared4/2.2/wagon-http-shared4-2.2.jar
8ac08000-8ac0d000 r--s 00028000 08:01 2490911    /home/stas/.m2/repository/org/apache/httpcomponents/httpcore/4.1.2/httpcore-4.1.2.jar
8ac0d000-8ac0f000 r--s 0000d000 08:01 2490905    /home/stas/.m2/repository/commons-logging/commons-logging/1.1.1/commons-logging-1.1.1.jar
8ac0f000-8ac15000 r--s 00068000 08:01 2368840    /home/stas/.m2/repository/com/google/protobuf/protobuf-java/2.4.1/protobuf-java-2.4.1.jar
8ac15000-8ac19000 r--s 00033000 08:01 2490875    /home/stas/.m2/repository/org/codehaus/plexus/plexus-utils/2.0.7/plexus-utils-2.0.7.jar
8ac19000-8ac1c000 r--s 00036000 08:01 2491012    /home/stas/.m2/repository/quil/quil/2.1.0/quil-2.1.0.jar
8ac1c000-8ac1f000 r--s 0002c000 08:01 2490916    /home/stas/.m2/repository/com/fasterxml/jackson/core/jackson-core/2.2.1/jackson-core-2.2.1.jar
8ac1f000-8ac27000 r--s 0004e000 08:01 2490907    /home/stas/.m2/repository/org/apache/httpcomponents/httpclient/4.1.2/httpclient-4.1.2.jar
8ac27000-8ac2b000 r--s 0002b000 08:01 2491002    /home/stas/.m2/repository/org/bouncycastle/bcmail-jdk14/1.38/bcmail-jdk14-1.38.jar
8ac2b000-8ac2c000 r--s 00007000 08:01 2490918    /home/stas/.m2/repository/org/clojure/tools.reader/0.8.3/tools.reader-0.8.3.jar
8ac2c000-8ac2e000 r--s 0000e000 08:01 2490914    /home/stas/.m2/repository/com/fasterxml/jackson/dataformat/jackson-dataformat-smile/2.2.1/jackson-dataformat-smile-2.2.1.jar
8ac2e000-8ac30000 r--s 00000000 08:01 2490893    /home/stas/.m2/repository/org/codehaus/plexus/plexus-component-annotations/1.5.5/plexus-component-annotations-1.5.5.jar
8ac30000-8ac36000 r--s 0003a000 08:01 2490881    /home/stas/.m2/repository/org/sonatype/sisu/sisu-inject-bean/2.2.3/sisu-inject-bean-2.2.3.jar
8ac36000-8ac7f000 rw-p 00000000 00:00 0 
8ac7f000-8ac80000 ---p 00000000 00:00 0 
8ac80000-8ad00000 rw-p 00000000 00:00 0          [stack:7498]
8ad00000-8ad2c000 rw-p 00000000 00:00 0 
8ad2c000-8ae00000 ---p 00000000 00:00 0 
8ae00000-8ae01000 r--s 00001000 08:01 2490858    /home/stas/.m2/repository/org/clojure/data.json/0.2.3/data.json-0.2.3.jar
8ae01000-8ae03000 r--s 0000d000 08:01 2490888    /home/stas/.m2/repository/org/codehaus/plexus/plexus-interpolation/1.14/plexus-interpolation-1.14.jar
8ae03000-8ae24000 r--s 0015a000 08:01 2491000    /home/stas/.m2/repository/org/bouncycastle/bcprov-jdk14/1.38/bcprov-jdk14-1.38.jar
8ae24000-8ae7f000 rw-p 00000000 00:00 0 
8ae7f000-8ae80000 ---p 00000000 00:00 0 
8ae80000-8af00000 rw-p 00000000 00:00 0          [stack:7497]
8af00000-8af26000 rw-p 00000000 00:00 0 
8af26000-8b000000 ---p 00000000 00:00 0 
8b000000-8b001000 r--s 00005000 08:01 2490868    /home/stas/.m2/repository/org/sonatype/aether/aether-connector-file/1.13.1/aether-connector-file-1.13.1.jar
8b001000-8b002000 r--s 00002000 08:01 2490899    /home/stas/.m2/repository/org/apache/maven/wagon/wagon-http/2.2/wagon-http-2.2.jar
8b002000-8b007000 r--s 00032000 08:01 2368831    /home/stas/.m2/repository/org/apache/commons/commons-compress/1.3/commons-compress-1.3.jar
8b007000-8b008000 r--s 00001000 08:01 2491008    /home/stas/.m2/repository/quil/processing-pdf/2.2.1/processing-pdf-2.2.1.jar
8b008000-8b009000 r--s 00002000 08:01 2368855    /home/stas/.m2/repository/clj-stacktrace/clj-stacktrace/0.2.7/clj-stacktrace-0.2.7.jar
8b009000-8b00a000 r--s 00004000 08:01 2368859    /home/stas/.m2/repository/lein-light-nrepl/lein-light-nrepl/0.0.18/lein-light-nrepl-0.0.18.jar
8b00a000-8b00c000 r--s 00000000 08:01 2490895    /home/stas/.m2/repository/org/tcrawley/dynapath/0.2.3/dynapath-0.2.3.jar
8b00c000-8b00e000 r--s 0000c000 08:01 2368835    /home/stas/.m2/repository/args4j/args4j/2.0.16/args4j-2.0.16.jar
8b00e000-8b010000 r--s 00006000 08:01 2490871    /home/stas/.m2/repository/org/sonatype/aether/aether-connector-wagon/1.13.1/aether-connector-wagon-1.13.1.jar
8b010000-8b013000 r--s 00006000 08:01 2368843    /home/stas/.m2/repository/com/google/code/findbugs/jsr305/1.3.9/jsr305-1.3.9.jar
8b013000-8b014000 ---p 00000000 00:00 0 
8b014000-8b0a6000 rw-p 00000000 00:00 0          [stack:7496]
8b0a6000-8b0a7000 ---p 00000000 00:00 0 
8b0a7000-8b0d4000 rw-p 00000000 00:00 0 
8b0d4000-8b0ff000 rw-p 00000000 00:00 0 
8b0ff000-8b17f000 rw-p 00000000 00:00 0 
8b17f000-8b191000 rw-p 00000000 00:00 0 
8b191000-8b192000 ---p 00000000 00:00 0 
8b192000-8b1bf000 rw-p 00000000 00:00 0 
8b1bf000-8b1ea000 rw-p 00000000 00:00 0 
8b1ea000-8b269000 rw-p 00000000 00:00 0 
8b269000-8b2b9000 rw-p 00000000 00:00 0 
8b2b9000-8b2bf000 ---p 00000000 00:00 0 
8b2bf000-8d540000 rw-p 00000000 00:00 0 
8d540000-8d880000 ---p 00000000 00:00 0 
8d880000-932c0000 rw-p 00000000 00:00 0 
932c0000-987c0000 rw-p 00000000 00:00 0 
987c0000-a8800000 rw-p 00000000 00:00 0 
a8800000-b26c0000 rw-p 00000000 00:00 0 
b26c0000-b32c0000 ---p 00000000 00:00 0 
b32c0000-b32c2000 r--s 00006000 08:01 28446944   /usr/share/java/java-atk-wrapper.jar
b32c2000-b32c5000 r--s 00032000 08:01 28969581   /usr/lib/jvm/java-7-openjdk-i386/jre/lib/ext/sunjce_provider.jar
b32c5000-b32c9000 r--s 0003b000 08:01 28969580   /usr/lib/jvm/java-7-openjdk-i386/jre/lib/ext/sunpkcs11.jar
b32c9000-b32cb000 r--s 00012000 08:01 28969585   /usr/lib/jvm/java-7-openjdk-i386/jre/lib/ext/zipfs.jar
b32cb000-b32dc000 rw-p 00000000 00:00 0 
b32dc000-b338b000 rw-p 00000000 00:00 0 
b338b000-b37ab000 rwxp 00000000 00:00 0 
b37ab000-b638b000 rw-p 00000000 00:00 0 
b638b000-b6396000 r-xp 00000000 08:01 20710439   /lib/i386-linux-gnu/libnss_files-2.19.so
b6396000-b6397000 r--p 0000a000 08:01 20710439   /lib/i386-linux-gnu/libnss_files-2.19.so
b6397000-b6398000 rw-p 0000b000 08:01 20710439   /lib/i386-linux-gnu/libnss_files-2.19.so
b6398000-b63a2000 r-xp 00000000 08:01 20710449   /lib/i386-linux-gnu/libnss_nis-2.19.so
b63a2000-b63a3000 r--p 00009000 08:01 20710449   /lib/i386-linux-gnu/libnss_nis-2.19.so
b63a3000-b63a4000 rw-p 0000a000 08:01 20710449   /lib/i386-linux-gnu/libnss_nis-2.19.so
b63a4000-b63b9000 r-xp 00000000 08:01 20710433   /lib/i386-linux-gnu/libnsl-2.19.so
b63b9000-b63ba000 r--p 00015000 08:01 20710433   /lib/i386-linux-gnu/libnsl-2.19.so
b63ba000-b63bb000 rw-p 00016000 08:01 20710433   /lib/i386-linux-gnu/libnsl-2.19.so
b63bb000-b63bd000 rw-p 00000000 00:00 0 
b63bd000-b63be000 r--s 00002000 08:01 28969582   /usr/lib/jvm/java-7-openjdk-i386/jre/lib/ext/dnsns.jar
b63be000-b63cd000 rw-p 00000000 00:00 0 
b63cd000-b63d5000 r-xp 00000000 08:01 28969561   /usr/lib/jvm/java-7-openjdk-i386/jre/lib/i386/libzip.so
b63d5000-b63d6000 r--p 00007000 08:01 28969561   /usr/lib/jvm/java-7-openjdk-i386/jre/lib/i386/libzip.so
b63d6000-b63d7000 rw-p 00008000 08:01 28969561   /usr/lib/jvm/java-7-openjdk-i386/jre/lib/i386/libzip.so
b63d7000-b63fe000 r-xp 00000000 08:01 28969324   /usr/lib/jvm/java-7-openjdk-i386/jre/lib/i386/libjava.so
b63fe000-b63ff000 r--p 00026000 08:01 28969324   /usr/lib/jvm/java-7-openjdk-i386/jre/lib/i386/libjava.so
b63ff000-b6400000 rw-p 00027000 08:01 28969324   /usr/lib/jvm/java-7-openjdk-i386/jre/lib/i386/libjava.so
b6400000-b64fa000 rw-p 00000000 00:00 0 
b64fa000-b6500000 ---p 00000000 00:00 0 
b6500000-b6503000 r--s 0000f000 08:01 28969583   /usr/lib/jvm/java-7-openjdk-i386/jre/lib/ext/pulse-java.jar
b6503000-b6507000 r--s 00085000 08:01 28969584   /usr/lib/jvm/java-7-openjdk-i386/jre/lib/ext/localedata.jar
b6507000-b6508000 r--p 00855000 08:01 28057742   /usr/lib/locale/locale-archive
b6508000-b650f000 r-xp 00000000 08:01 20710435   /lib/i386-linux-gnu/libnss_compat-2.19.so
b650f000-b6510000 r--p 00006000 08:01 20710435   /lib/i386-linux-gnu/libnss_compat-2.19.so
b6510000-b6511000 rw-p 00007000 08:01 20710435   /lib/i386-linux-gnu/libnss_compat-2.19.so
b6511000-b6518000 r-xp 00000000 08:01 20710492   /lib/i386-linux-gnu/librt-2.19.so
b6518000-b6519000 r--p 00006000 08:01 20710492   /lib/i386-linux-gnu/librt-2.19.so
b6519000-b651a000 rw-p 00007000 08:01 20710492   /lib/i386-linux-gnu/librt-2.19.so
b651a000-b651d000 ---p 00000000 00:00 0 
b651d000-b656b000 rw-p 00000000 00:00 0          [stack:7495]
b656b000-b6587000 r-xp 00000000 08:01 20710391   /lib/i386-linux-gnu/libgcc_s.so.1
b6587000-b6588000 rw-p 0001b000 08:01 20710391   /lib/i386-linux-gnu/libgcc_s.so.1
b6588000-b65cc000 r-xp 00000000 08:01 20710414   /lib/i386-linux-gnu/libm-2.19.so
b65cc000-b65cd000 r--p 00043000 08:01 20710414   /lib/i386-linux-gnu/libm-2.19.so
b65cd000-b65ce000 rw-p 00044000 08:01 20710414   /lib/i386-linux-gnu/libm-2.19.so
b65ce000-b66aa000 r-xp 00000000 08:01 28055625   /usr/lib/i386-linux-gnu/libstdc++.so.6.0.19
b66aa000-b66ab000 ---p 000dc000 08:01 28055625   /usr/lib/i386-linux-gnu/libstdc++.so.6.0.19
b66ab000-b66af000 r--p 000dc000 08:01 28055625   /usr/lib/i386-linux-gnu/libstdc++.so.6.0.19
b66af000-b66b0000 rw-p 000e0000 08:01 28055625   /usr/lib/i386-linux-gnu/libstdc++.so.6.0.19
b66b0000-b66b7000 rw-p 00000000 00:00 0 
b66b7000-b7083000 r-xp 00000000 08:01 28969322   /usr/lib/jvm/java-7-openjdk-i386/jre/lib/i386/server/libjvm.so
b7083000-b7084000 ---p 009cc000 08:01 28969322   /usr/lib/jvm/java-7-openjdk-i386/jre/lib/i386/server/libjvm.so
b7084000-b70d5000 r--p 009cc000 08:01 28969322   /usr/lib/jvm/java-7-openjdk-i386/jre/lib/i386/server/libjvm.so
b70d5000-b70e9000 rw-p 00a1d000 08:01 28969322   /usr/lib/jvm/java-7-openjdk-i386/jre/lib/i386/server/libjvm.so
b70e9000-b7507000 rw-p 00000000 00:00 0 
b7507000-b751f000 r-xp 00000000 08:01 20710527   /lib/i386-linux-gnu/libz.so.1.2.8
b751f000-b7520000 r--p 00017000 08:01 20710527   /lib/i386-linux-gnu/libz.so.1.2.8
b7520000-b7521000 rw-p 00018000 08:01 20710527   /lib/i386-linux-gnu/libz.so.1.2.8
b7521000-b7539000 r-xp 00000000 08:01 20710484   /lib/i386-linux-gnu/libpthread-2.19.so
b7539000-b753a000 r--p 00017000 08:01 20710484   /lib/i386-linux-gnu/libpthread-2.19.so
b753a000-b753b000 rw-p 00018000 08:01 20710484   /lib/i386-linux-gnu/libpthread-2.19.so
b753b000-b753d000 rw-p 00000000 00:00 0 
b753d000-b7540000 r-xp 00000000 08:01 20710381   /lib/i386-linux-gnu/libdl-2.19.so
b7540000-b7541000 r--p 00002000 08:01 20710381   /lib/i386-linux-gnu/libdl-2.19.so
b7541000-b7542000 rw-p 00003000 08:01 20710381   /lib/i386-linux-gnu/libdl-2.19.so
b7542000-b76eb000 r-xp 00000000 08:01 20710364   /lib/i386-linux-gnu/libc-2.19.so
b76eb000-b76ed000 r--p 001a9000 08:01 20710364   /lib/i386-linux-gnu/libc-2.19.so
b76ed000-b76ee000 rw-p 001ab000 08:01 20710364   /lib/i386-linux-gnu/libc-2.19.so
b76ee000-b76f2000 rw-p 00000000 00:00 0 
b76f2000-b76fa000 rw-s 00000000 08:01 24903753   /tmp/hsperfdata_stas/7489
b76fa000-b76fb000 rw-p 00000000 00:00 0 
b76fb000-b76fc000 r--p 00000000 00:00 0 
b76fc000-b770a000 r-xp 00000000 08:01 28969566   /usr/lib/jvm/java-7-openjdk-i386/jre/lib/i386/libverify.so
b770a000-b770b000 r--p 0000d000 08:01 28969566   /usr/lib/jvm/java-7-openjdk-i386/jre/lib/i386/libverify.so
b770b000-b770c000 rw-p 0000e000 08:01 28969566   /usr/lib/jvm/java-7-openjdk-i386/jre/lib/i386/libverify.so
b770c000-b7718000 r-xp 00000000 08:01 28969570   /usr/lib/jvm/java-7-openjdk-i386/jre/lib/i386/jli/libjli.so
b7718000-b7719000 r--p 0000c000 08:01 28969570   /usr/lib/jvm/java-7-openjdk-i386/jre/lib/i386/jli/libjli.so
b7719000-b771a000 rw-p 0000d000 08:01 28969570   /usr/lib/jvm/java-7-openjdk-i386/jre/lib/i386/jli/libjli.so
b771a000-b771c000 rw-p 00000000 00:00 0 
b771c000-b771d000 r-xp 00000000 00:00 0          [vdso]
b771d000-b773d000 r-xp 00000000 08:01 20710340   /lib/i386-linux-gnu/ld-2.19.so
b773d000-b773e000 r--p 0001f000 08:01 20710340   /lib/i386-linux-gnu/ld-2.19.so
b773e000-b773f000 rw-p 00020000 08:01 20710340   /lib/i386-linux-gnu/ld-2.19.so
bf81e000-bf841000 rw-p 00000000 00:00 0          [stack]

VM Arguments:
jvm_args: -Dclojure.compile.path=/home/stas/projects/firebrick/target/classes -Dfirebrick.version=0.1.0-SNAPSHOT -Dfile.encoding=UTF-8 -Dclojure.debug=false 
java_command: clojure.main -i /tmp/form-init5540345767508188910.clj
Launcher Type: SUN_STANDARD

Environment Variables:
PATH=/home/stas/bin:/usr/local/sbin:/usr/local/bin:/usr/sbin:/usr/bin:/sbin:/bin:/usr/games:/usr/local/games
LD_LIBRARY_PATH=/usr/local/LightTable:
SHELL=/bin/bash
DISPLAY=:0

Signal Handlers:
SIGSEGV: [libjvm.so+0x7eebf0], sa_mask[0]=0x7ffbfeff, sa_flags=0x10000004
SIGBUS: [libjvm.so+0x7eebf0], sa_mask[0]=0x7ffbfeff, sa_flags=0x10000004
SIGFPE: [libjvm.so+0x66c6a0], sa_mask[0]=0x7ffbfeff, sa_flags=0x10000004
SIGPIPE: [libjvm.so+0x66c6a0], sa_mask[0]=0x7ffbfeff, sa_flags=0x10000004
SIGXFSZ: [libjvm.so+0x66c6a0], sa_mask[0]=0x7ffbfeff, sa_flags=0x10000004
SIGILL: [libjvm.so+0x66c6a0], sa_mask[0]=0x7ffbfeff, sa_flags=0x10000004
SIGUSR1: SIG_DFL, sa_mask[0]=0x00000000, sa_flags=0x00000000
SIGUSR2: [libjvm.so+0x66c530], sa_mask[0]=0x00000004, sa_flags=0x10000004
SIGHUP: [libjvm.so+0x66c760], sa_mask[0]=0x7ffbfeff, sa_flags=0x10000004
SIGINT: [libjvm.so+0x66c760], sa_mask[0]=0x7ffbfeff, sa_flags=0x10000004
SIGTERM: [libjvm.so+0x66c760], sa_mask[0]=0x7ffbfeff, sa_flags=0x10000004
SIGQUIT: [libjvm.so+0x66c760], sa_mask[0]=0x7ffbfeff, sa_flags=0x10000004


---------------  S Y S T E M  ---------------

OS:Ubuntu 14.04 (trusty)
uname:Linux 3.13.0-29-generic #53-Ubuntu SMP Wed Jun 4 21:02:19 UTC 2014 i686
libc:glibc 2.19 NPTL 2.19 
rlimit: STACK 8192k, CORE 0k, NPROC 15889, NOFILE 4096, AS infinity
load average:5.05 1.14 0.41

/proc/meminfo:
MemTotal:        2053004 kB
MemFree:          840676 kB
Buffers:           21384 kB
Cached:           320128 kB
SwapCached:        33228 kB
Active:           448452 kB
Inactive:         654448 kB
Active(anon):     298148 kB
Inactive(anon):   475492 kB
Active(file):     150304 kB
Inactive(file):   178956 kB
Unevictable:           0 kB
Mlocked:               0 kB
HighTotal:       1172472 kB
HighFree:         366476 kB
LowTotal:         880532 kB
LowFree:          474200 kB
SwapTotal:       2083836 kB
SwapFree:        1805136 kB
Dirty:               752 kB
Writeback:             0 kB
AnonPages:        735392 kB
Mapped:            83724 kB
Shmem:             12012 kB
Slab:              46888 kB
SReclaimable:      25712 kB
SUnreclaim:        21176 kB
KernelStack:        2176 kB
PageTables:         5992 kB
NFS_Unstable:          0 kB
Bounce:                0 kB
WritebackTmp:          0 kB
CommitLimit:     3110336 kB
Committed_AS:    2210668 kB
VmallocTotal:     122880 kB
VmallocUsed:       49492 kB
VmallocChunk:      65300 kB
HardwareCorrupted:     0 kB
AnonHugePages:    382976 kB
HugePages_Total:       0
HugePages_Free:        0
HugePages_Rsvd:        0
HugePages_Surp:        0
Hugepagesize:       2048 kB
DirectMap4k:      159736 kB
DirectMap2M:      753664 kB


CPU:total 4 (4 cores per cpu, 1 threads per core) family 6 model 15 stepping 11, cmov, cx8, fxsr, mmx, sse, sse2, sse3, ssse3, tsc

/proc/cpuinfo:
processor	: 0
vendor_id	: GenuineIntel
cpu family	: 6
model		: 15
model name	: Intel(R) Core(TM)2 Quad CPU    Q6700  @ 2.66GHz
stepping	: 11
microcode	: 0xb6
cpu MHz		: 2660.000
cache size	: 4096 KB
physical id	: 0
siblings	: 4
core id		: 0
cpu cores	: 4
apicid		: 0
initial apicid	: 0
fdiv_bug	: no
f00f_bug	: no
coma_bug	: no
fpu		: yes
fpu_exception	: yes
cpuid level	: 10
wp		: yes
flags		: fpu vme de pse tsc msr pae mce cx8 apic sep mtrr pge mca cmov pat pse36 clflush dts acpi mmx fxsr sse sse2 ss ht tm pbe nx lm constant_tsc arch_perfmon pebs bts aperfmperf pni dtes64 monitor ds_cpl vmx est tm2 ssse3 cx16 xtpr pdcm lahf_lm dtherm tpr_shadow vnmi flexpriority
bogomips	: 5333.53
clflush size	: 64
cache_alignment	: 64
address sizes	: 36 bits physical, 48 bits virtual
power management:

processor	: 1
vendor_id	: GenuineIntel
cpu family	: 6
model		: 15
model name	: Intel(R) Core(TM)2 Quad CPU    Q6700  @ 2.66GHz
stepping	: 11
microcode	: 0xb6
cpu MHz		: 2660.000
cache size	: 4096 KB
physical id	: 0
siblings	: 4
core id		: 1
cpu cores	: 4
apicid		: 1
initial apicid	: 1
fdiv_bug	: no
f00f_bug	: no
coma_bug	: no
fpu		: yes
fpu_exception	: yes
cpuid level	: 10
wp		: yes
flags		: fpu vme de pse tsc msr pae mce cx8 apic sep mtrr pge mca cmov pat pse36 clflush dts acpi mmx fxsr sse sse2 ss ht tm pbe nx lm constant_tsc arch_perfmon pebs bts aperfmperf pni dtes64 monitor ds_cpl vmx est tm2 ssse3 cx16 xtpr pdcm lahf_lm dtherm tpr_shadow vnmi flexpriority
bogomips	: 5333.53
clflush size	: 64
cache_alignment	: 64
address sizes	: 36 bits physical, 48 bits virtual
power management:

processor	: 2
vendor_id	: GenuineIntel
cpu family	: 6
model		: 15
model name	: Intel(R) Core(TM)2 Quad CPU    Q6700  @ 2.66GHz
stepping	: 11
microcode	: 0xb6
cpu MHz		: 2660.000
cache size	: 4096 KB
physical id	: 0
siblings	: 4
core id		: 2
cpu cores	: 4
apicid		: 2
initial apicid	: 2
fdiv_bug	: no
f00f_bug	: no
coma_bug	: no
fpu		: yes
fpu_exception	: yes
cpuid level	: 10
wp		: yes
flags		: fpu vme de pse tsc msr pae mce cx8 apic sep mtrr pge mca cmov pat pse36 clflush dts acpi mmx fxsr sse sse2 ss ht tm pbe nx lm constant_tsc arch_perfmon pebs bts aperfmperf pni dtes64 monitor ds_cpl vmx est tm2 ssse3 cx16 xtpr pdcm lahf_lm dtherm tpr_shadow vnmi flexpriority
bogomips	: 5333.53
clflush size	: 64
cache_alignment	: 64
address sizes	: 36 bits physical, 48 bits virtual
power management:

processor	: 3
vendor_id	: GenuineIntel
cpu family	: 6
model		: 15
model name	: Intel(R) Core(TM)2 Quad CPU    Q6700  @ 2.66GHz
stepping	: 11
microcode	: 0xb6
cpu MHz		: 2660.000
cache size	: 4096 KB
physical id	: 0
siblings	: 4
core id		: 3
cpu cores	: 4
apicid		: 3
initial apicid	: 3
fdiv_bug	: no
f00f_bug	: no
coma_bug	: no
fpu		: yes
fpu_exception	: yes
cpuid level	: 10
wp		: yes
flags		: fpu vme de pse tsc msr pae mce cx8 apic sep mtrr pge mca cmov pat pse36 clflush dts acpi mmx fxsr sse sse2 ss ht tm pbe nx lm constant_tsc arch_perfmon pebs bts aperfmperf pni dtes64 monitor ds_cpl vmx est tm2 ssse3 cx16 xtpr pdcm lahf_lm dtherm tpr_shadow vnmi flexpriority
bogomips	: 5333.53
clflush size	: 64
cache_alignment	: 64
address sizes	: 36 bits physical, 48 bits virtual
power management:



Memory: 4k page, physical 2053004k(840676k free), swap 2083836k(1805136k free)

vm_info: OpenJDK Server VM (24.51-b03) for linux-x86 JRE (1.7.0_55-b14), built on May  6 2014 05:33:44 by "buildd" with gcc 4.8.2

time: Sat Jul  5 01:02:19 2014
elapsed time: 19862 seconds

